{"/home/dennis/WebstormProjects/electron/src/i18n/I18nManager.js": {"path":"/home/dennis/WebstormProjects/electron/src/i18n/I18nManager.js","statementMap":{"0":{"start":{"line":7,"column":8},"end":{"line":7,"column":36}},"1":{"start":{"line":8,"column":8},"end":{"line":8,"column":31}},"2":{"start":{"line":9,"column":8},"end":{"line":9,"column":37}},"3":{"start":{"line":10,"column":8},"end":{"line":16,"column":10}},"4":{"start":{"line":21,"column":8},"end":{"line":21,"column":69}},"5":{"start":{"line":24,"column":8},"end":{"line":24,"column":54}},"6":{"start":{"line":27,"column":8},"end":{"line":27,"column":24}},"7":{"start":{"line":31,"column":8},"end":{"line":37,"column":9}},"8":{"start":{"line":32,"column":29},"end":{"line":32,"column":68}},"9":{"start":{"line":33,"column":12},"end":{"line":33,"column":45}},"10":{"start":{"line":35,"column":12},"end":{"line":35,"column":66}},"11":{"start":{"line":36,"column":12},"end":{"line":36,"column":24}},"12":{"start":{"line":41,"column":8},"end":{"line":47,"column":9}},"13":{"start":{"line":42,"column":29},"end":{"line":42,"column":74}},"14":{"start":{"line":43,"column":12},"end":{"line":43,"column":41}},"15":{"start":{"line":44,"column":12},"end":{"line":44,"column":60}},"16":{"start":{"line":46,"column":12},"end":{"line":46,"column":61}},"17":{"start":{"line":51,"column":8},"end":{"line":53,"column":9}},"18":{"start":{"line":52,"column":12},"end":{"line":52,"column":45}},"19":{"start":{"line":55,"column":8},"end":{"line":68,"column":9}},"20":{"start":{"line":56,"column":29},"end":{"line":56,"column":77}},"21":{"start":{"line":57,"column":12},"end":{"line":59,"column":13}},"22":{"start":{"line":58,"column":16},"end":{"line":58,"column":71}},"23":{"start":{"line":60,"column":12},"end":{"line":60,"column":54}},"24":{"start":{"line":61,"column":12},"end":{"line":61,"column":44}},"25":{"start":{"line":63,"column":12},"end":{"line":63,"column":60}},"26":{"start":{"line":64,"column":12},"end":{"line":67,"column":13}},"27":{"start":{"line":66,"column":16},"end":{"line":66,"column":63}},"28":{"start":{"line":72,"column":8},"end":{"line":72,"column":54}},"29":{"start":{"line":72,"column":47},"end":{"line":72,"column":54}},"30":{"start":{"line":74,"column":8},"end":{"line":74,"column":42}},"31":{"start":{"line":75,"column":8},"end":{"line":75,"column":42}},"32":{"start":{"line":76,"column":8},"end":{"line":76,"column":24}},"33":{"start":{"line":79,"column":8},"end":{"line":81,"column":12}},"34":{"start":{"line":85,"column":21},"end":{"line":85,"column":35}},"35":{"start":{"line":86,"column":20},"end":{"line":86,"column":37}},"36":{"start":{"line":88,"column":8},"end":{"line":91,"column":9}},"37":{"start":{"line":89,"column":12},"end":{"line":89,"column":31}},"38":{"start":{"line":90,"column":12},"end":{"line":90,"column":43}},"39":{"start":{"line":90,"column":37},"end":{"line":90,"column":43}},"40":{"start":{"line":93,"column":8},"end":{"line":96,"column":9}},"41":{"start":{"line":94,"column":12},"end":{"line":94,"column":64}},"42":{"start":{"line":95,"column":12},"end":{"line":95,"column":23}},"43":{"start":{"line":99,"column":8},"end":{"line":99,"column":47}},"44":{"start":{"line":103,"column":8},"end":{"line":105,"column":11}},"45":{"start":{"line":104,"column":12},"end":{"line":104,"column":67}},"46":{"start":{"line":110,"column":25},"end":{"line":110,"column":65}},"47":{"start":{"line":111,"column":8},"end":{"line":120,"column":11}},"48":{"start":{"line":112,"column":24},"end":{"line":112,"column":57}},"49":{"start":{"line":113,"column":32},"end":{"line":113,"column":43}},"50":{"start":{"line":115,"column":12},"end":{"line":119,"column":13}},"51":{"start":{"line":116,"column":16},"end":{"line":116,"column":50}},"52":{"start":{"line":118,"column":16},"end":{"line":118,"column":50}},"53":{"start":{"line":123,"column":30},"end":{"line":123,"column":76}},"54":{"start":{"line":124,"column":8},"end":{"line":127,"column":11}},"55":{"start":{"line":125,"column":24},"end":{"line":125,"column":63}},"56":{"start":{"line":126,"column":12},"end":{"line":126,"column":40}},"57":{"start":{"line":130,"column":29},"end":{"line":130,"column":74}},"58":{"start":{"line":131,"column":8},"end":{"line":134,"column":11}},"59":{"start":{"line":132,"column":24},"end":{"line":132,"column":62}},"60":{"start":{"line":133,"column":12},"end":{"line":133,"column":60}},"61":{"start":{"line":138,"column":8},"end":{"line":138,"column":36}},"62":{"start":{"line":142,"column":8},"end":{"line":142,"column":39}},"63":{"start":{"line":147,"column":20},"end":{"line":147,"column":37}}},"fnMap":{"0":{"name":"(anonymous_0)","decl":{"start":{"line":6,"column":4},"end":{"line":6,"column":5}},"loc":{"start":{"line":6,"column":18},"end":{"line":17,"column":5}},"line":6},"1":{"name":"(anonymous_1)","decl":{"start":{"line":19,"column":4},"end":{"line":19,"column":5}},"loc":{"start":{"line":19,"column":17},"end":{"line":28,"column":5}},"line":19},"2":{"name":"(anonymous_2)","decl":{"start":{"line":30,"column":4},"end":{"line":30,"column":5}},"loc":{"start":{"line":30,"column":29},"end":{"line":38,"column":5}},"line":30},"3":{"name":"(anonymous_3)","decl":{"start":{"line":40,"column":4},"end":{"line":40,"column":5}},"loc":{"start":{"line":40,"column":33},"end":{"line":48,"column":5}},"line":40},"4":{"name":"(anonymous_4)","decl":{"start":{"line":50,"column":4},"end":{"line":50,"column":5}},"loc":{"start":{"line":50,"column":33},"end":{"line":69,"column":5}},"line":50},"5":{"name":"(anonymous_5)","decl":{"start":{"line":71,"column":4},"end":{"line":71,"column":5}},"loc":{"start":{"line":71,"column":32},"end":{"line":82,"column":5}},"line":71},"6":{"name":"(anonymous_6)","decl":{"start":{"line":84,"column":4},"end":{"line":84,"column":5}},"loc":{"start":{"line":84,"column":24},"end":{"line":100,"column":5}},"line":84},"7":{"name":"(anonymous_7)","decl":{"start":{"line":102,"column":4},"end":{"line":102,"column":5}},"loc":{"start":{"line":102,"column":34},"end":{"line":106,"column":5}},"line":102},"8":{"name":"(anonymous_8)","decl":{"start":{"line":103,"column":50},"end":{"line":103,"column":51}},"loc":{"start":{"line":103,"column":66},"end":{"line":105,"column":9}},"line":103},"9":{"name":"(anonymous_9)","decl":{"start":{"line":108,"column":4},"end":{"line":108,"column":5}},"loc":{"start":{"line":108,"column":15},"end":{"line":135,"column":5}},"line":108},"10":{"name":"(anonymous_10)","decl":{"start":{"line":111,"column":25},"end":{"line":111,"column":26}},"loc":{"start":{"line":111,"column":36},"end":{"line":120,"column":9}},"line":111},"11":{"name":"(anonymous_11)","decl":{"start":{"line":124,"column":30},"end":{"line":124,"column":31}},"loc":{"start":{"line":124,"column":41},"end":{"line":127,"column":9}},"line":124},"12":{"name":"(anonymous_12)","decl":{"start":{"line":131,"column":29},"end":{"line":131,"column":30}},"loc":{"start":{"line":131,"column":40},"end":{"line":134,"column":9}},"line":131},"13":{"name":"(anonymous_13)","decl":{"start":{"line":137,"column":4},"end":{"line":137,"column":5}},"loc":{"start":{"line":137,"column":25},"end":{"line":139,"column":5}},"line":137},"14":{"name":"(anonymous_14)","decl":{"start":{"line":141,"column":4},"end":{"line":141,"column":5}},"loc":{"start":{"line":141,"column":28},"end":{"line":143,"column":5}},"line":141}},"branchMap":{"0":{"loc":{"start":{"line":21,"column":31},"end":{"line":21,"column":68}},"type":"binary-expr","locations":[{"start":{"line":21,"column":31},"end":{"line":21,"column":60}},{"start":{"line":21,"column":64},"end":{"line":21,"column":68}}],"line":21},"1":{"loc":{"start":{"line":33,"column":19},"end":{"line":33,"column":44}},"type":"binary-expr","locations":[{"start":{"line":33,"column":19},"end":{"line":33,"column":36}},{"start":{"line":33,"column":40},"end":{"line":33,"column":44}}],"line":33},"2":{"loc":{"start":{"line":42,"column":29},"end":{"line":42,"column":74}},"type":"binary-expr","locations":[{"start":{"line":42,"column":29},"end":{"line":42,"column":68}},{"start":{"line":42,"column":72},"end":{"line":42,"column":74}}],"line":42},"3":{"loc":{"start":{"line":51,"column":8},"end":{"line":53,"column":9}},"type":"if","locations":[{"start":{"line":51,"column":8},"end":{"line":53,"column":9}},{"start":{},"end":{}}],"line":51},"4":{"loc":{"start":{"line":57,"column":12},"end":{"line":59,"column":13}},"type":"if","locations":[{"start":{"line":57,"column":12},"end":{"line":59,"column":13}},{"start":{},"end":{}}],"line":57},"5":{"loc":{"start":{"line":64,"column":12},"end":{"line":67,"column":13}},"type":"if","locations":[{"start":{"line":64,"column":12},"end":{"line":67,"column":13}},{"start":{},"end":{}}],"line":64},"6":{"loc":{"start":{"line":72,"column":8},"end":{"line":72,"column":54}},"type":"if","locations":[{"start":{"line":72,"column":8},"end":{"line":72,"column":54}},{"start":{},"end":{}}],"line":72},"7":{"loc":{"start":{"line":84,"column":11},"end":{"line":84,"column":22}},"type":"default-arg","locations":[{"start":{"line":84,"column":20},"end":{"line":84,"column":22}}],"line":84},"8":{"loc":{"start":{"line":90,"column":12},"end":{"line":90,"column":43}},"type":"if","locations":[{"start":{"line":90,"column":12},"end":{"line":90,"column":43}},{"start":{},"end":{}}],"line":90},"9":{"loc":{"start":{"line":93,"column":8},"end":{"line":96,"column":9}},"type":"if","locations":[{"start":{"line":93,"column":8},"end":{"line":96,"column":9}},{"start":{},"end":{}}],"line":93},"10":{"loc":{"start":{"line":104,"column":19},"end":{"line":104,"column":66}},"type":"cond-expr","locations":[{"start":{"line":104,"column":47},"end":{"line":104,"column":58}},{"start":{"line":104,"column":61},"end":{"line":104,"column":66}}],"line":104},"11":{"loc":{"start":{"line":115,"column":12},"end":{"line":119,"column":13}},"type":"if","locations":[{"start":{"line":115,"column":12},"end":{"line":119,"column":13}},{"start":{"line":117,"column":19},"end":{"line":119,"column":13}}],"line":115},"12":{"loc":{"start":{"line":115,"column":16},"end":{"line":115,"column":70}},"type":"binary-expr","locations":[{"start":{"line":115,"column":16},"end":{"line":115,"column":43}},{"start":{"line":115,"column":47},"end":{"line":115,"column":70}}],"line":115}},"s":{"0":0,"1":0,"2":0,"3":0,"4":0,"5":0,"6":0,"7":0,"8":0,"9":0,"10":0,"11":0,"12":0,"13":0,"14":0,"15":0,"16":0,"17":0,"18":0,"19":0,"20":0,"21":0,"22":0,"23":0,"24":0,"25":0,"26":0,"27":0,"28":0,"29":0,"30":0,"31":0,"32":0,"33":0,"34":0,"35":0,"36":0,"37":0,"38":0,"39":0,"40":0,"41":0,"42":0,"43":0,"44":0,"45":0,"46":0,"47":0,"48":0,"49":0,"50":0,"51":0,"52":0,"53":0,"54":0,"55":0,"56":0,"57":0,"58":0,"59":0,"60":0,"61":0,"62":0,"63":0},"f":{"0":0,"1":0,"2":0,"3":0,"4":0,"5":0,"6":0,"7":0,"8":0,"9":0,"10":0,"11":0,"12":0,"13":0,"14":0},"b":{"0":[0,0],"1":[0,0],"2":[0,0],"3":[0,0],"4":[0,0],"5":[0,0],"6":[0,0],"7":[0],"8":[0,0],"9":[0,0],"10":[0,0],"11":[0,0],"12":[0,0]}}
,"/home/dennis/WebstormProjects/electron/src/i18n/index.js": {"path":"/home/dennis/WebstormProjects/electron/src/i18n/index.js","statementMap":{},"fnMap":{},"branchMap":{},"s":{},"f":{},"b":{}}
,"/home/dennis/WebstormProjects/electron/src/modules/apiHandler.js": {"path":"/home/dennis/WebstormProjects/electron/src/modules/apiHandler.js","statementMap":{"0":{"start":{"line":11,"column":4},"end":{"line":11,"column":25}},"1":{"start":{"line":11,"column":15},"end":{"line":11,"column":25}},"2":{"start":{"line":12,"column":18},"end":{"line":12,"column":34}},"3":{"start":{"line":13,"column":4},"end":{"line":13,"column":57}},"4":{"start":{"line":13,"column":35},"end":{"line":13,"column":44}},"5":{"start":{"line":17,"column":4},"end":{"line":17,"column":46}},"6":{"start":{"line":18,"column":4},"end":{"line":18,"column":67}},"7":{"start":{"line":22,"column":4},"end":{"line":22,"column":41}},"8":{"start":{"line":23,"column":4},"end":{"line":23,"column":41}},"9":{"start":{"line":27,"column":4},"end":{"line":35,"column":5}},"10":{"start":{"line":28,"column":8},"end":{"line":28,"column":46}},"11":{"start":{"line":29,"column":8},"end":{"line":29,"column":56}},"12":{"start":{"line":30,"column":8},"end":{"line":30,"column":39}},"13":{"start":{"line":32,"column":8},"end":{"line":32,"column":54}},"14":{"start":{"line":33,"column":8},"end":{"line":33,"column":48}},"15":{"start":{"line":34,"column":8},"end":{"line":34,"column":40}},"16":{"start":{"line":39,"column":4},"end":{"line":53,"column":5}},"17":{"start":{"line":40,"column":23},"end":{"line":40,"column":66}},"18":{"start":{"line":41,"column":8},"end":{"line":41,"column":46}},"19":{"start":{"line":43,"column":8},"end":{"line":47,"column":9}},"20":{"start":{"line":44,"column":12},"end":{"line":44,"column":59}},"21":{"start":{"line":45,"column":12},"end":{"line":45,"column":76}},"22":{"start":{"line":46,"column":12},"end":{"line":46,"column":52}},"23":{"start":{"line":49,"column":8},"end":{"line":49,"column":58}},"24":{"start":{"line":50,"column":8},"end":{"line":50,"column":62}},"25":{"start":{"line":52,"column":8},"end":{"line":52,"column":36}},"26":{"start":{"line":58,"column":4},"end":{"line":60,"column":5}},"27":{"start":{"line":59,"column":8},"end":{"line":59,"column":114}},"28":{"start":{"line":62,"column":14},"end":{"line":62,"column":35}},"29":{"start":{"line":63,"column":19},"end":{"line":63,"column":37}},"30":{"start":{"line":64,"column":15},"end":{"line":64,"column":24}},"31":{"start":{"line":66,"column":20},"end":{"line":66,"column":79}},"32":{"start":{"line":67,"column":24},"end":{"line":67,"column":88}},"33":{"start":{"line":70,"column":4},"end":{"line":113,"column":5}},"34":{"start":{"line":71,"column":8},"end":{"line":112,"column":9}},"35":{"start":{"line":72,"column":41},"end":{"line":72,"column":85}},"36":{"start":{"line":73,"column":39},"end":{"line":73,"column":81}},"37":{"start":{"line":76,"column":31},"end":{"line":76,"column":102}},"38":{"start":{"line":79,"column":12},"end":{"line":82,"column":13}},"39":{"start":{"line":80,"column":38},"end":{"line":80,"column":82}},"40":{"start":{"line":81,"column":16},"end":{"line":81,"column":54}},"41":{"start":{"line":85,"column":30},"end":{"line":85,"column":117}},"42":{"start":{"line":86,"column":30},"end":{"line":86,"column":53}},"43":{"start":{"line":88,"column":12},"end":{"line":88,"column":60}},"44":{"start":{"line":91,"column":37},"end":{"line":91,"column":39}},"45":{"start":{"line":92,"column":12},"end":{"line":96,"column":13}},"46":{"start":{"line":93,"column":37},"end":{"line":93,"column":78}},"47":{"start":{"line":94,"column":39},"end":{"line":94,"column":82}},"48":{"start":{"line":95,"column":16},"end":{"line":95,"column":64}},"49":{"start":{"line":97,"column":12},"end":{"line":97,"column":53}},"50":{"start":{"line":100,"column":41},"end":{"line":100,"column":43}},"51":{"start":{"line":101,"column":12},"end":{"line":105,"column":13}},"52":{"start":{"line":102,"column":37},"end":{"line":102,"column":78}},"53":{"start":{"line":103,"column":39},"end":{"line":103,"column":82}},"54":{"start":{"line":104,"column":16},"end":{"line":104,"column":68}},"55":{"start":{"line":106,"column":12},"end":{"line":106,"column":61}},"56":{"start":{"line":109,"column":12},"end":{"line":109,"column":64}},"57":{"start":{"line":110,"column":12},"end":{"line":110,"column":85}},"58":{"start":{"line":111,"column":12},"end":{"line":111,"column":19}},"59":{"start":{"line":116,"column":24},"end":{"line":116,"column":67}},"60":{"start":{"line":117,"column":4},"end":{"line":119,"column":5}},"61":{"start":{"line":118,"column":8},"end":{"line":118,"column":61}},"62":{"start":{"line":121,"column":4},"end":{"line":140,"column":5}},"63":{"start":{"line":122,"column":8},"end":{"line":139,"column":9}},"64":{"start":{"line":123,"column":27},"end":{"line":123,"column":49}},"65":{"start":{"line":126,"column":12},"end":{"line":131,"column":13}},"66":{"start":{"line":127,"column":43},"end":{"line":127,"column":85}},"67":{"start":{"line":128,"column":34},"end":{"line":128,"column":121}},"68":{"start":{"line":129,"column":34},"end":{"line":129,"column":57}},"69":{"start":{"line":130,"column":16},"end":{"line":130,"column":74}},"70":{"start":{"line":133,"column":12},"end":{"line":133,"column":40}},"71":{"start":{"line":135,"column":12},"end":{"line":135,"column":73}},"72":{"start":{"line":136,"column":12},"end":{"line":136,"column":35}},"73":{"start":{"line":137,"column":12},"end":{"line":137,"column":52}},"74":{"start":{"line":138,"column":12},"end":{"line":138,"column":19}},"75":{"start":{"line":142,"column":4},"end":{"line":237,"column":5}},"76":{"start":{"line":144,"column":8},"end":{"line":144,"column":35}},"77":{"start":{"line":146,"column":8},"end":{"line":146,"column":49}},"78":{"start":{"line":148,"column":8},"end":{"line":148,"column":63}},"79":{"start":{"line":148,"column":37},"end":{"line":148,"column":61}},"80":{"start":{"line":150,"column":8},"end":{"line":152,"column":9}},"81":{"start":{"line":151,"column":12},"end":{"line":151,"column":59}},"82":{"start":{"line":154,"column":8},"end":{"line":154,"column":61}},"83":{"start":{"line":155,"column":8},"end":{"line":155,"column":48}},"84":{"start":{"line":156,"column":8},"end":{"line":156,"column":56}},"85":{"start":{"line":158,"column":23},"end":{"line":163,"column":10}},"86":{"start":{"line":166,"column":8},"end":{"line":188,"column":9}},"87":{"start":{"line":168,"column":38},"end":{"line":168,"column":74}},"88":{"start":{"line":169,"column":12},"end":{"line":169,"column":62}},"89":{"start":{"line":171,"column":32},"end":{"line":171,"column":34}},"90":{"start":{"line":172,"column":12},"end":{"line":174,"column":13}},"91":{"start":{"line":173,"column":16},"end":{"line":173,"column":72}},"92":{"start":{"line":175,"column":12},"end":{"line":175,"column":89}},"93":{"start":{"line":177,"column":12},"end":{"line":177,"column":96}},"94":{"start":{"line":178,"column":12},"end":{"line":178,"column":40}},"95":{"start":{"line":179,"column":15},"end":{"line":188,"column":9}},"96":{"start":{"line":181,"column":12},"end":{"line":181,"column":59}},"97":{"start":{"line":182,"column":12},"end":{"line":182,"column":68}},"98":{"start":{"line":183,"column":12},"end":{"line":183,"column":52}},"99":{"start":{"line":184,"column":12},"end":{"line":184,"column":40}},"100":{"start":{"line":187,"column":12},"end":{"line":187,"column":25}},"101":{"start":{"line":191,"column":8},"end":{"line":191,"column":51}},"102":{"start":{"line":193,"column":21},"end":{"line":193,"column":41}},"103":{"start":{"line":194,"column":25},"end":{"line":194,"column":47}},"104":{"start":{"line":195,"column":27},"end":{"line":195,"column":59}},"105":{"start":{"line":199,"column":8},"end":{"line":212,"column":9}},"106":{"start":{"line":200,"column":12},"end":{"line":209,"column":13}},"107":{"start":{"line":202,"column":16},"end":{"line":206,"column":17}},"108":{"start":{"line":203,"column":20},"end":{"line":203,"column":71}},"109":{"start":{"line":205,"column":20},"end":{"line":205,"column":54}},"110":{"start":{"line":208,"column":16},"end":{"line":208,"column":56}},"111":{"start":{"line":211,"column":12},"end":{"line":211,"column":52}},"112":{"start":{"line":213,"column":8},"end":{"line":213,"column":53}},"113":{"start":{"line":216,"column":8},"end":{"line":224,"column":9}},"114":{"start":{"line":217,"column":12},"end":{"line":221,"column":13}},"115":{"start":{"line":218,"column":16},"end":{"line":218,"column":92}},"116":{"start":{"line":220,"column":16},"end":{"line":220,"column":87}},"117":{"start":{"line":223,"column":12},"end":{"line":223,"column":92}},"118":{"start":{"line":227,"column":32},"end":{"line":227,"column":48}},"119":{"start":{"line":228,"column":8},"end":{"line":230,"column":9}},"120":{"start":{"line":229,"column":12},"end":{"line":229,"column":81}},"121":{"start":{"line":232,"column":8},"end":{"line":232,"column":55}},"122":{"start":{"line":233,"column":8},"end":{"line":233,"column":53}},"123":{"start":{"line":236,"column":8},"end":{"line":236,"column":36}}},"fnMap":{"0":{"name":"generateLineNumbers","decl":{"start":{"line":10,"column":9},"end":{"line":10,"column":28}},"loc":{"start":{"line":10,"column":35},"end":{"line":14,"column":1}},"line":10},"1":{"name":"(anonymous_1)","decl":{"start":{"line":13,"column":21},"end":{"line":13,"column":22}},"loc":{"start":{"line":13,"column":35},"end":{"line":13,"column":44}},"line":13},"2":{"name":"displayResponseWithLineNumbers","decl":{"start":{"line":16,"column":9},"end":{"line":16,"column":39}},"loc":{"start":{"line":16,"column":49},"end":{"line":19,"column":1}},"line":16},"3":{"name":"clearResponseDisplay","decl":{"start":{"line":21,"column":9},"end":{"line":21,"column":29}},"loc":{"start":{"line":21,"column":32},"end":{"line":24,"column":1}},"line":21},"4":{"name":"setRequestInProgress","decl":{"start":{"line":26,"column":9},"end":{"line":26,"column":29}},"loc":{"start":{"line":26,"column":42},"end":{"line":36,"column":1}},"line":26},"5":{"name":"handleCancelRequest","decl":{"start":{"line":38,"column":22},"end":{"line":38,"column":41}},"loc":{"start":{"line":38,"column":44},"end":{"line":54,"column":1}},"line":38},"6":{"name":"handleSendRequest","decl":{"start":{"line":56,"column":22},"end":{"line":56,"column":39}},"loc":{"start":{"line":56,"column":42},"end":{"line":238,"column":1}},"line":56},"7":{"name":"(anonymous_7)","decl":{"start":{"line":148,"column":26},"end":{"line":148,"column":27}},"loc":{"start":{"line":148,"column":37},"end":{"line":148,"column":61}},"line":148}},"branchMap":{"0":{"loc":{"start":{"line":11,"column":4},"end":{"line":11,"column":25}},"type":"if","locations":[{"start":{"line":11,"column":4},"end":{"line":11,"column":25}},{"start":{},"end":{}}],"line":11},"1":{"loc":{"start":{"line":27,"column":4},"end":{"line":35,"column":5}},"type":"if","locations":[{"start":{"line":27,"column":4},"end":{"line":35,"column":5}},{"start":{"line":31,"column":11},"end":{"line":35,"column":5}}],"line":27},"2":{"loc":{"start":{"line":43,"column":8},"end":{"line":47,"column":9}},"type":"if","locations":[{"start":{"line":43,"column":8},"end":{"line":47,"column":9}},{"start":{},"end":{}}],"line":43},"3":{"loc":{"start":{"line":58,"column":4},"end":{"line":60,"column":5}},"type":"if","locations":[{"start":{"line":58,"column":4},"end":{"line":60,"column":5}},{"start":{},"end":{}}],"line":58},"4":{"loc":{"start":{"line":70,"column":4},"end":{"line":113,"column":5}},"type":"if","locations":[{"start":{"line":70,"column":4},"end":{"line":113,"column":5}},{"start":{},"end":{}}],"line":70},"5":{"loc":{"start":{"line":79,"column":12},"end":{"line":82,"column":13}},"type":"if","locations":[{"start":{"line":79,"column":12},"end":{"line":82,"column":13}},{"start":{},"end":{}}],"line":79},"6":{"loc":{"start":{"line":79,"column":16},"end":{"line":79,"column":55}},"type":"binary-expr","locations":[{"start":{"line":79,"column":16},"end":{"line":79,"column":26}},{"start":{"line":79,"column":30},"end":{"line":79,"column":55}}],"line":79},"7":{"loc":{"start":{"line":117,"column":4},"end":{"line":119,"column":5}},"type":"if","locations":[{"start":{"line":117,"column":4},"end":{"line":119,"column":5}},{"start":{},"end":{}}],"line":117},"8":{"loc":{"start":{"line":118,"column":16},"end":{"line":118,"column":45}},"type":"cond-expr","locations":[{"start":{"line":118,"column":36},"end":{"line":118,"column":39}},{"start":{"line":118,"column":42},"end":{"line":118,"column":45}}],"line":118},"9":{"loc":{"start":{"line":121,"column":4},"end":{"line":140,"column":5}},"type":"if","locations":[{"start":{"line":121,"column":4},"end":{"line":140,"column":5}},{"start":{},"end":{}}],"line":121},"10":{"loc":{"start":{"line":121,"column":8},"end":{"line":121,"column":75}},"type":"binary-expr","locations":[{"start":{"line":121,"column":8},"end":{"line":121,"column":49}},{"start":{"line":121,"column":53},"end":{"line":121,"column":75}}],"line":121},"11":{"loc":{"start":{"line":126,"column":12},"end":{"line":131,"column":13}},"type":"if","locations":[{"start":{"line":126,"column":12},"end":{"line":131,"column":13}},{"start":{},"end":{}}],"line":126},"12":{"loc":{"start":{"line":150,"column":8},"end":{"line":152,"column":9}},"type":"if","locations":[{"start":{"line":150,"column":8},"end":{"line":152,"column":9}},{"start":{},"end":{}}],"line":150},"13":{"loc":{"start":{"line":150,"column":12},"end":{"line":150,"column":68}},"type":"binary-expr","locations":[{"start":{"line":150,"column":12},"end":{"line":150,"column":31}},{"start":{"line":150,"column":35},"end":{"line":150,"column":68}}],"line":150},"14":{"loc":{"start":{"line":166,"column":8},"end":{"line":188,"column":9}},"type":"if","locations":[{"start":{"line":166,"column":8},"end":{"line":188,"column":9}},{"start":{"line":179,"column":15},"end":{"line":188,"column":9}}],"line":166},"15":{"loc":{"start":{"line":172,"column":12},"end":{"line":174,"column":13}},"type":"if","locations":[{"start":{"line":172,"column":12},"end":{"line":174,"column":13}},{"start":{},"end":{}}],"line":172},"16":{"loc":{"start":{"line":175,"column":49},"end":{"line":175,"column":88}},"type":"binary-expr","locations":[{"start":{"line":175,"column":49},"end":{"line":175,"column":62}},{"start":{"line":175,"column":66},"end":{"line":175,"column":88}}],"line":175},"17":{"loc":{"start":{"line":179,"column":15},"end":{"line":188,"column":9}},"type":"if","locations":[{"start":{"line":179,"column":15},"end":{"line":188,"column":9}},{"start":{"line":185,"column":15},"end":{"line":188,"column":9}}],"line":179},"18":{"loc":{"start":{"line":193,"column":21},"end":{"line":193,"column":41}},"type":"binary-expr","locations":[{"start":{"line":193,"column":21},"end":{"line":193,"column":33}},{"start":{"line":193,"column":37},"end":{"line":193,"column":41}}],"line":193},"19":{"loc":{"start":{"line":194,"column":25},"end":{"line":194,"column":47}},"type":"binary-expr","locations":[{"start":{"line":194,"column":25},"end":{"line":194,"column":41}},{"start":{"line":194,"column":45},"end":{"line":194,"column":47}}],"line":194},"20":{"loc":{"start":{"line":195,"column":27},"end":{"line":195,"column":59}},"type":"binary-expr","locations":[{"start":{"line":195,"column":27},"end":{"line":195,"column":40}},{"start":{"line":195,"column":44},"end":{"line":195,"column":59}}],"line":195},"21":{"loc":{"start":{"line":199,"column":8},"end":{"line":212,"column":9}},"type":"if","locations":[{"start":{"line":199,"column":8},"end":{"line":212,"column":9}},{"start":{"line":210,"column":15},"end":{"line":212,"column":9}}],"line":199},"22":{"loc":{"start":{"line":202,"column":16},"end":{"line":206,"column":17}},"type":"if","locations":[{"start":{"line":202,"column":16},"end":{"line":206,"column":17}},{"start":{"line":204,"column":23},"end":{"line":206,"column":17}}],"line":202},"23":{"loc":{"start":{"line":216,"column":8},"end":{"line":224,"column":9}},"type":"if","locations":[{"start":{"line":216,"column":8},"end":{"line":224,"column":9}},{"start":{"line":222,"column":15},"end":{"line":224,"column":9}}],"line":216},"24":{"loc":{"start":{"line":216,"column":12},"end":{"line":216,"column":66}},"type":"binary-expr","locations":[{"start":{"line":216,"column":12},"end":{"line":216,"column":25}},{"start":{"line":216,"column":29},"end":{"line":216,"column":66}}],"line":216},"25":{"loc":{"start":{"line":228,"column":8},"end":{"line":230,"column":9}},"type":"if","locations":[{"start":{"line":228,"column":8},"end":{"line":230,"column":9}},{"start":{},"end":{}}],"line":228},"26":{"loc":{"start":{"line":229,"column":44},"end":{"line":229,"column":78}},"type":"cond-expr","locations":[{"start":{"line":229,"column":57},"end":{"line":229,"column":73}},{"start":{"line":229,"column":76},"end":{"line":229,"column":78}}],"line":229}},"s":{"0":0,"1":0,"2":0,"3":0,"4":0,"5":0,"6":0,"7":0,"8":0,"9":0,"10":0,"11":0,"12":0,"13":0,"14":0,"15":0,"16":0,"17":0,"18":0,"19":0,"20":0,"21":0,"22":0,"23":0,"24":0,"25":0,"26":0,"27":0,"28":0,"29":0,"30":0,"31":0,"32":0,"33":0,"34":0,"35":0,"36":0,"37":0,"38":0,"39":0,"40":0,"41":0,"42":0,"43":0,"44":0,"45":0,"46":0,"47":0,"48":0,"49":0,"50":0,"51":0,"52":0,"53":0,"54":0,"55":0,"56":0,"57":0,"58":0,"59":0,"60":0,"61":0,"62":0,"63":0,"64":0,"65":0,"66":0,"67":0,"68":0,"69":0,"70":0,"71":0,"72":0,"73":0,"74":0,"75":0,"76":0,"77":0,"78":0,"79":0,"80":0,"81":0,"82":0,"83":0,"84":0,"85":0,"86":0,"87":0,"88":0,"89":0,"90":0,"91":0,"92":0,"93":0,"94":0,"95":0,"96":0,"97":0,"98":0,"99":0,"100":0,"101":0,"102":0,"103":0,"104":0,"105":0,"106":0,"107":0,"108":0,"109":0,"110":0,"111":0,"112":0,"113":0,"114":0,"115":0,"116":0,"117":0,"118":0,"119":0,"120":0,"121":0,"122":0,"123":0},"f":{"0":0,"1":0,"2":0,"3":0,"4":0,"5":0,"6":0,"7":0},"b":{"0":[0,0],"1":[0,0],"2":[0,0],"3":[0,0],"4":[0,0],"5":[0,0],"6":[0,0],"7":[0,0],"8":[0,0],"9":[0,0],"10":[0,0],"11":[0,0],"12":[0,0],"13":[0,0],"14":[0,0],"15":[0,0],"16":[0,0],"17":[0,0],"18":[0,0],"19":[0,0],"20":[0,0],"21":[0,0],"22":[0,0],"23":[0,0],"24":[0,0],"25":[0,0],"26":[0,0]}}
,"/home/dennis/WebstormProjects/electron/src/modules/collectionManager.js": {"path":"/home/dennis/WebstormProjects/electron/src/modules/collectionManager.js","statementMap":{"0":{"start":{"line":10,"column":27},"end":{"line":10,"column":31}},"1":{"start":{"line":14,"column":4},"end":{"line":18,"column":5}},"2":{"start":{"line":15,"column":8},"end":{"line":15,"column":97}},"3":{"start":{"line":17,"column":8},"end":{"line":17,"column":64}},"4":{"start":{"line":19,"column":4},"end":{"line":19,"column":32}},"5":{"start":{"line":24,"column":23},"end":{"line":24,"column":45}},"6":{"start":{"line":25,"column":4},"end":{"line":25,"column":46}},"7":{"start":{"line":29,"column":23},"end":{"line":29,"column":45}},"8":{"start":{"line":30,"column":4},"end":{"line":30,"column":46}},"9":{"start":{"line":34,"column":23},"end":{"line":34,"column":45}},"10":{"start":{"line":35,"column":4},"end":{"line":35,"column":63}},"11":{"start":{"line":39,"column":23},"end":{"line":39,"column":45}},"12":{"start":{"line":40,"column":4},"end":{"line":40,"column":48}},"13":{"start":{"line":44,"column":23},"end":{"line":44,"column":45}},"14":{"start":{"line":45,"column":4},"end":{"line":45,"column":75}},"15":{"start":{"line":49,"column":23},"end":{"line":49,"column":45}},"16":{"start":{"line":50,"column":4},"end":{"line":50,"column":40}},"17":{"start":{"line":55,"column":23},"end":{"line":55,"column":45}},"18":{"start":{"line":56,"column":4},"end":{"line":56,"column":60}},"19":{"start":{"line":60,"column":23},"end":{"line":60,"column":45}},"20":{"start":{"line":61,"column":4},"end":{"line":61,"column":64}},"21":{"start":{"line":66,"column":4},"end":{"line":66,"column":118}},"22":{"start":{"line":67,"column":4},"end":{"line":67,"column":16}},"23":{"start":{"line":71,"column":4},"end":{"line":71,"column":120}},"24":{"start":{"line":72,"column":4},"end":{"line":72,"column":16}},"25":{"start":{"line":76,"column":0},"end":{"line":78,"column":1}},"26":{"start":{"line":77,"column":4},"end":{"line":77,"column":27}}},"fnMap":{"0":{"name":"initializeController","decl":{"start":{"line":13,"column":9},"end":{"line":13,"column":29}},"loc":{"start":{"line":13,"column":32},"end":{"line":20,"column":1}},"line":13},"1":{"name":"loadCollections","decl":{"start":{"line":23,"column":22},"end":{"line":23,"column":37}},"loc":{"start":{"line":23,"column":40},"end":{"line":26,"column":1}},"line":23},"2":{"name":"displayCollections","decl":{"start":{"line":28,"column":16},"end":{"line":28,"column":34}},"loc":{"start":{"line":28,"column":48},"end":{"line":31,"column":1}},"line":28},"3":{"name":"loadEndpointIntoForm","decl":{"start":{"line":33,"column":22},"end":{"line":33,"column":42}},"loc":{"start":{"line":33,"column":65},"end":{"line":36,"column":1}},"line":33},"4":{"name":"importOpenApiFile","decl":{"start":{"line":38,"column":22},"end":{"line":38,"column":39}},"loc":{"start":{"line":38,"column":42},"end":{"line":41,"column":1}},"line":38},"5":{"name":"saveRequestBodyModification","decl":{"start":{"line":43,"column":22},"end":{"line":43,"column":49}},"loc":{"start":{"line":43,"column":76},"end":{"line":46,"column":1}},"line":43},"6":{"name":"initializeBodyTracking","decl":{"start":{"line":48,"column":16},"end":{"line":48,"column":38}},"loc":{"start":{"line":48,"column":41},"end":{"line":51,"column":1}},"line":48},"7":{"name":"getCurrentCollectionVariables","decl":{"start":{"line":54,"column":22},"end":{"line":54,"column":51}},"loc":{"start":{"line":54,"column":54},"end":{"line":57,"column":1}},"line":54},"8":{"name":"processRequestForVariables","decl":{"start":{"line":59,"column":22},"end":{"line":59,"column":48}},"loc":{"start":{"line":59,"column":58},"end":{"line":62,"column":1}},"line":59},"9":{"name":"generatePlaceholderBody","decl":{"start":{"line":65,"column":16},"end":{"line":65,"column":39}},"loc":{"start":{"line":65,"column":53},"end":{"line":68,"column":1}},"line":65},"10":{"name":"generateExampleFromSchema","decl":{"start":{"line":70,"column":16},"end":{"line":70,"column":41}},"loc":{"start":{"line":70,"column":50},"end":{"line":73,"column":1}},"line":70}},"branchMap":{"0":{"loc":{"start":{"line":14,"column":4},"end":{"line":18,"column":5}},"type":"if","locations":[{"start":{"line":14,"column":4},"end":{"line":18,"column":5}},{"start":{},"end":{}}],"line":14},"1":{"loc":{"start":{"line":76,"column":0},"end":{"line":78,"column":1}},"type":"if","locations":[{"start":{"line":76,"column":0},"end":{"line":78,"column":1}},{"start":{},"end":{}}],"line":76},"2":{"loc":{"start":{"line":76,"column":4},"end":{"line":76,"column":55}},"type":"binary-expr","locations":[{"start":{"line":76,"column":4},"end":{"line":76,"column":33}},{"start":{"line":76,"column":37},"end":{"line":76,"column":55}}],"line":76}},"s":{"0":0,"1":0,"2":0,"3":0,"4":0,"5":0,"6":0,"7":0,"8":0,"9":0,"10":0,"11":0,"12":0,"13":0,"14":0,"15":0,"16":0,"17":0,"18":0,"19":0,"20":0,"21":0,"22":0,"23":0,"24":0,"25":0,"26":0},"f":{"0":0,"1":0,"2":0,"3":0,"4":0,"5":0,"6":0,"7":0,"8":0,"9":0,"10":0},"b":{"0":[0,0],"1":[0,0],"2":[0,0]}}
,"/home/dennis/WebstormProjects/electron/src/modules/domElements.js": {"path":"/home/dennis/WebstormProjects/electron/src/modules/domElements.js","statementMap":{"0":{"start":{"line":1,"column":24},"end":{"line":1,"column":60}},"1":{"start":{"line":2,"column":28},"end":{"line":2,"column":68}},"2":{"start":{"line":3,"column":25},"end":{"line":3,"column":62}},"3":{"start":{"line":4,"column":30},"end":{"line":4,"column":73}},"4":{"start":{"line":5,"column":32},"end":{"line":5,"column":77}},"5":{"start":{"line":6,"column":29},"end":{"line":6,"column":70}},"6":{"start":{"line":8,"column":27},"end":{"line":8,"column":66}},"7":{"start":{"line":9,"column":28},"end":{"line":9,"column":69}},"8":{"start":{"line":10,"column":31},"end":{"line":10,"column":75}},"9":{"start":{"line":11,"column":32},"end":{"line":11,"column":78}},"10":{"start":{"line":13,"column":35},"end":{"line":13,"column":78}},"11":{"start":{"line":14,"column":38},"end":{"line":14,"column":89}},"12":{"start":{"line":15,"column":35},"end":{"line":15,"column":83}},"13":{"start":{"line":18,"column":33},"end":{"line":18,"column":89}},"14":{"start":{"line":19,"column":34},"end":{"line":19,"column":91}},"15":{"start":{"line":21,"column":34},"end":{"line":21,"column":89}},"16":{"start":{"line":23,"column":35},"end":{"line":23,"column":83}},"17":{"start":{"line":24,"column":34},"end":{"line":24,"column":77}}},"fnMap":{},"branchMap":{},"s":{"0":0,"1":0,"2":0,"3":0,"4":0,"5":0,"6":0,"7":0,"8":0,"9":0,"10":0,"11":0,"12":0,"13":0,"14":0,"15":0,"16":0,"17":0},"f":{},"b":{}}
,"/home/dennis/WebstormProjects/electron/src/modules/httpVersionManager.js": {"path":"/home/dennis/WebstormProjects/electron/src/modules/httpVersionManager.js","statementMap":{"0":{"start":{"line":6,"column":8},"end":{"line":6,"column":37}},"1":{"start":{"line":7,"column":8},"end":{"line":7,"column":60}},"2":{"start":{"line":8,"column":8},"end":{"line":8,"column":20}},"3":{"start":{"line":13,"column":8},"end":{"line":13,"column":38}},"4":{"start":{"line":17,"column":8},"end":{"line":23,"column":9}},"5":{"start":{"line":18,"column":29},"end":{"line":18,"column":68}},"6":{"start":{"line":19,"column":12},"end":{"line":19,"column":65}},"7":{"start":{"line":21,"column":12},"end":{"line":21,"column":70}},"8":{"start":{"line":22,"column":12},"end":{"line":22,"column":41}},"9":{"start":{"line":27,"column":8},"end":{"line":33,"column":9}},"10":{"start":{"line":28,"column":29},"end":{"line":28,"column":68}},"11":{"start":{"line":29,"column":12},"end":{"line":29,"column":43}},"12":{"start":{"line":30,"column":12},"end":{"line":30,"column":60}},"13":{"start":{"line":32,"column":12},"end":{"line":32,"column":63}},"14":{"start":{"line":37,"column":8},"end":{"line":40,"column":9}},"15":{"start":{"line":38,"column":12},"end":{"line":38,"column":72}},"16":{"start":{"line":39,"column":12},"end":{"line":39,"column":19}},"17":{"start":{"line":42,"column":8},"end":{"line":42,"column":38}},"18":{"start":{"line":43,"column":8},"end":{"line":43,"column":40}},"19":{"start":{"line":44,"column":8},"end":{"line":44,"column":55}},"20":{"start":{"line":48,"column":8},"end":{"line":48,"column":35}},"21":{"start":{"line":52,"column":27},"end":{"line":56,"column":9}},"22":{"start":{"line":57,"column":8},"end":{"line":57,"column":57}},"23":{"start":{"line":61,"column":8},"end":{"line":61,"column":43}},"24":{"start":{"line":68,"column":23},"end":{"line":68,"column":25}},"25":{"start":{"line":70,"column":8},"end":{"line":85,"column":9}},"26":{"start":{"line":73,"column":16},"end":{"line":73,"column":43}},"27":{"start":{"line":74,"column":16},"end":{"line":74,"column":37}},"28":{"start":{"line":75,"column":16},"end":{"line":75,"column":22}},"29":{"start":{"line":78,"column":16},"end":{"line":78,"column":36}},"30":{"start":{"line":79,"column":16},"end":{"line":79,"column":22}},"31":{"start":{"line":84,"column":16},"end":{"line":84,"column":22}},"32":{"start":{"line":87,"column":8},"end":{"line":87,"column":22}}},"fnMap":{"0":{"name":"(anonymous_0)","decl":{"start":{"line":5,"column":4},"end":{"line":5,"column":5}},"loc":{"start":{"line":5,"column":18},"end":{"line":9,"column":5}},"line":5},"1":{"name":"(anonymous_1)","decl":{"start":{"line":11,"column":4},"end":{"line":11,"column":5}},"loc":{"start":{"line":11,"column":17},"end":{"line":14,"column":5}},"line":11},"2":{"name":"(anonymous_2)","decl":{"start":{"line":16,"column":4},"end":{"line":16,"column":5}},"loc":{"start":{"line":16,"column":29},"end":{"line":24,"column":5}},"line":16},"3":{"name":"(anonymous_3)","decl":{"start":{"line":26,"column":4},"end":{"line":26,"column":5}},"loc":{"start":{"line":26,"column":31},"end":{"line":34,"column":5}},"line":26},"4":{"name":"(anonymous_4)","decl":{"start":{"line":36,"column":4},"end":{"line":36,"column":5}},"loc":{"start":{"line":36,"column":30},"end":{"line":45,"column":5}},"line":36},"5":{"name":"(anonymous_5)","decl":{"start":{"line":47,"column":4},"end":{"line":47,"column":5}},"loc":{"start":{"line":47,"column":24},"end":{"line":49,"column":5}},"line":47},"6":{"name":"(anonymous_6)","decl":{"start":{"line":51,"column":4},"end":{"line":51,"column":5}},"loc":{"start":{"line":51,"column":31},"end":{"line":58,"column":5}},"line":51},"7":{"name":"(anonymous_7)","decl":{"start":{"line":60,"column":4},"end":{"line":60,"column":5}},"loc":{"start":{"line":60,"column":27},"end":{"line":62,"column":5}},"line":60},"8":{"name":"(anonymous_8)","decl":{"start":{"line":67,"column":4},"end":{"line":67,"column":5}},"loc":{"start":{"line":67,"column":21},"end":{"line":88,"column":5}},"line":67}},"branchMap":{"0":{"loc":{"start":{"line":19,"column":34},"end":{"line":19,"column":64}},"type":"binary-expr","locations":[{"start":{"line":19,"column":34},"end":{"line":19,"column":54}},{"start":{"line":19,"column":58},"end":{"line":19,"column":64}}],"line":19},"1":{"loc":{"start":{"line":37,"column":8},"end":{"line":40,"column":9}},"type":"if","locations":[{"start":{"line":37,"column":8},"end":{"line":40,"column":9}},{"start":{},"end":{}}],"line":37},"2":{"loc":{"start":{"line":57,"column":15},"end":{"line":57,"column":56}},"type":"binary-expr","locations":[{"start":{"line":57,"column":15},"end":{"line":57,"column":46}},{"start":{"line":57,"column":50},"end":{"line":57,"column":56}}],"line":57},"3":{"loc":{"start":{"line":70,"column":8},"end":{"line":85,"column":9}},"type":"switch","locations":[{"start":{"line":71,"column":12},"end":{"line":75,"column":22}},{"start":{"line":76,"column":12},"end":{"line":79,"column":22}},{"start":{"line":80,"column":12},"end":{"line":80,"column":24}},{"start":{"line":81,"column":12},"end":{"line":84,"column":22}}],"line":70}},"s":{"0":0,"1":0,"2":0,"3":0,"4":0,"5":0,"6":0,"7":0,"8":0,"9":0,"10":0,"11":0,"12":0,"13":0,"14":0,"15":0,"16":0,"17":0,"18":0,"19":0,"20":0,"21":0,"22":0,"23":0,"24":0,"25":0,"26":0,"27":0,"28":0,"29":0,"30":0,"31":0,"32":0},"f":{"0":0,"1":0,"2":0,"3":0,"4":0,"5":0,"6":0,"7":0,"8":0},"b":{"0":[0,0],"1":[0,0],"2":[0,0],"3":[0,0,0,0]}}
,"/home/dennis/WebstormProjects/electron/src/modules/keyValueManager.js": {"path":"/home/dennis/WebstormProjects/electron/src/modules/keyValueManager.js","statementMap":{"0":{"start":{"line":4,"column":16},"end":{"line":4,"column":45}},"1":{"start":{"line":5,"column":4},"end":{"line":5,"column":39}},"2":{"start":{"line":7,"column":21},"end":{"line":7,"column":52}},"3":{"start":{"line":8,"column":4},"end":{"line":8,"column":27}},"4":{"start":{"line":9,"column":4},"end":{"line":9,"column":40}},"5":{"start":{"line":10,"column":4},"end":{"line":10,"column":33}},"6":{"start":{"line":11,"column":4},"end":{"line":11,"column":25}},"7":{"start":{"line":13,"column":23},"end":{"line":13,"column":54}},"8":{"start":{"line":14,"column":4},"end":{"line":14,"column":29}},"9":{"start":{"line":15,"column":4},"end":{"line":15,"column":44}},"10":{"start":{"line":16,"column":4},"end":{"line":16,"column":37}},"11":{"start":{"line":17,"column":4},"end":{"line":17,"column":29}},"12":{"start":{"line":19,"column":25},"end":{"line":19,"column":57}},"13":{"start":{"line":20,"column":4},"end":{"line":20,"column":63}},"14":{"start":{"line":21,"column":4},"end":{"line":21,"column":40}},"15":{"start":{"line":24,"column":4},"end":{"line":24,"column":30}},"16":{"start":{"line":25,"column":4},"end":{"line":25,"column":32}},"17":{"start":{"line":26,"column":4},"end":{"line":26,"column":34}},"18":{"start":{"line":28,"column":4},"end":{"line":28,"column":15}},"19":{"start":{"line":32,"column":19},"end":{"line":32,"column":48}},"20":{"start":{"line":33,"column":4},"end":{"line":33,"column":38}},"21":{"start":{"line":37,"column":19},"end":{"line":37,"column":21}},"22":{"start":{"line":38,"column":17},"end":{"line":38,"column":65}},"23":{"start":{"line":39,"column":4},"end":{"line":48,"column":7}},"24":{"start":{"line":40,"column":25},"end":{"line":40,"column":56}},"25":{"start":{"line":41,"column":27},"end":{"line":41,"column":60}},"26":{"start":{"line":42,"column":20},"end":{"line":42,"column":41}},"27":{"start":{"line":43,"column":22},"end":{"line":43,"column":45}},"28":{"start":{"line":45,"column":8},"end":{"line":47,"column":9}},"29":{"start":{"line":46,"column":12},"end":{"line":46,"column":32}},"30":{"start":{"line":49,"column":4},"end":{"line":49,"column":18}},"31":{"start":{"line":54,"column":24},"end":{"line":54,"column":59}},"32":{"start":{"line":55,"column":16},"end":{"line":55,"column":70}},"33":{"start":{"line":58,"column":4},"end":{"line":58,"column":20}},"34":{"start":{"line":61,"column":4},"end":{"line":65,"column":7}},"35":{"start":{"line":62,"column":8},"end":{"line":64,"column":9}},"36":{"start":{"line":63,"column":12},"end":{"line":63,"column":45}},"37":{"start":{"line":67,"column":4},"end":{"line":67,"column":36}},"38":{"start":{"line":71,"column":4},"end":{"line":92,"column":5}},"39":{"start":{"line":72,"column":20},"end":{"line":72,"column":74}},"40":{"start":{"line":75,"column":8},"end":{"line":75,"column":39}},"41":{"start":{"line":78,"column":26},"end":{"line":78,"column":51}},"42":{"start":{"line":79,"column":8},"end":{"line":86,"column":9}},"43":{"start":{"line":80,"column":12},"end":{"line":82,"column":15}},"44":{"start":{"line":81,"column":16},"end":{"line":81,"column":60}},"45":{"start":{"line":85,"column":12},"end":{"line":85,"column":44}},"46":{"start":{"line":89,"column":8},"end":{"line":91,"column":9}},"47":{"start":{"line":90,"column":12},"end":{"line":90,"column":44}},"48":{"start":{"line":96,"column":4},"end":{"line":96,"column":78}},"49":{"start":{"line":96,"column":49},"end":{"line":96,"column":76}},"50":{"start":{"line":97,"column":4},"end":{"line":97,"column":86}},"51":{"start":{"line":97,"column":53},"end":{"line":97,"column":84}},"52":{"start":{"line":100,"column":4},"end":{"line":100,"column":65}},"53":{"start":{"line":101,"column":4},"end":{"line":101,"column":64}},"54":{"start":{"line":104,"column":4},"end":{"line":110,"column":7}},"55":{"start":{"line":105,"column":8},"end":{"line":109,"column":9}},"56":{"start":{"line":107,"column":12},"end":{"line":107,"column":39}},"57":{"start":{"line":108,"column":12},"end":{"line":108,"column":58}},"58":{"start":{"line":108,"column":35},"end":{"line":108,"column":56}},"59":{"start":{"line":113,"column":4},"end":{"line":118,"column":7}},"60":{"start":{"line":114,"column":8},"end":{"line":117,"column":9}},"61":{"start":{"line":116,"column":12},"end":{"line":116,"column":54}},"62":{"start":{"line":116,"column":35},"end":{"line":116,"column":52}},"63":{"start":{"line":120,"column":4},"end":{"line":137,"column":7}},"64":{"start":{"line":121,"column":8},"end":{"line":136,"column":9}},"65":{"start":{"line":122,"column":33},"end":{"line":122,"column":75}},"66":{"start":{"line":123,"column":29},"end":{"line":123,"column":66}},"67":{"start":{"line":124,"column":12},"end":{"line":124,"column":60}},"68":{"start":{"line":127,"column":12},"end":{"line":130,"column":13}},"69":{"start":{"line":128,"column":16},"end":{"line":128,"column":43}},"70":{"start":{"line":129,"column":16},"end":{"line":129,"column":62}},"71":{"start":{"line":129,"column":39},"end":{"line":129,"column":60}},"72":{"start":{"line":133,"column":12},"end":{"line":135,"column":13}},"73":{"start":{"line":134,"column":16},"end":{"line":134,"column":58}},"74":{"start":{"line":134,"column":39},"end":{"line":134,"column":56}},"75":{"start":{"line":143,"column":4},"end":{"line":143,"column":34}},"76":{"start":{"line":144,"column":4},"end":{"line":144,"column":48}},"77":{"start":{"line":148,"column":4},"end":{"line":157,"column":5}},"78":{"start":{"line":149,"column":29},"end":{"line":151,"column":9}},"79":{"start":{"line":152,"column":8},"end":{"line":156,"column":10}},"80":{"start":{"line":161,"column":4},"end":{"line":170,"column":5}},"81":{"start":{"line":162,"column":29},"end":{"line":164,"column":9}},"82":{"start":{"line":165,"column":8},"end":{"line":169,"column":10}}},"fnMap":{"0":{"name":"createKeyValueRow","decl":{"start":{"line":3,"column":16},"end":{"line":3,"column":33}},"loc":{"start":{"line":3,"column":56},"end":{"line":29,"column":1}},"line":3},"1":{"name":"addKeyValueRow","decl":{"start":{"line":31,"column":16},"end":{"line":31,"column":30}},"loc":{"start":{"line":31,"column":68},"end":{"line":34,"column":1}},"line":31},"2":{"name":"parseKeyValuePairs","decl":{"start":{"line":36,"column":16},"end":{"line":36,"column":34}},"loc":{"start":{"line":36,"column":50},"end":{"line":50,"column":1}},"line":36},"3":{"name":"(anonymous_3)","decl":{"start":{"line":39,"column":17},"end":{"line":39,"column":18}},"loc":{"start":{"line":39,"column":24},"end":{"line":48,"column":5}},"line":39},"4":{"name":"updateUrlFromQueryParams","decl":{"start":{"line":53,"column":16},"end":{"line":53,"column":40}},"loc":{"start":{"line":53,"column":43},"end":{"line":68,"column":1}},"line":53},"5":{"name":"(anonymous_5)","decl":{"start":{"line":61,"column":40},"end":{"line":61,"column":41}},"loc":{"start":{"line":61,"column":58},"end":{"line":65,"column":5}},"line":61},"6":{"name":"updateQueryParamsFromUrl","decl":{"start":{"line":70,"column":16},"end":{"line":70,"column":40}},"loc":{"start":{"line":70,"column":43},"end":{"line":93,"column":1}},"line":70},"7":{"name":"(anonymous_7)","decl":{"start":{"line":80,"column":37},"end":{"line":80,"column":38}},"loc":{"start":{"line":80,"column":53},"end":{"line":82,"column":13}},"line":80},"8":{"name":"initKeyValueListeners","decl":{"start":{"line":95,"column":16},"end":{"line":95,"column":37}},"loc":{"start":{"line":95,"column":40},"end":{"line":138,"column":1}},"line":95},"9":{"name":"(anonymous_9)","decl":{"start":{"line":96,"column":43},"end":{"line":96,"column":44}},"loc":{"start":{"line":96,"column":49},"end":{"line":96,"column":76}},"line":96},"10":{"name":"(anonymous_10)","decl":{"start":{"line":97,"column":47},"end":{"line":97,"column":48}},"loc":{"start":{"line":97,"column":53},"end":{"line":97,"column":84}},"line":97},"11":{"name":"(anonymous_11)","decl":{"start":{"line":104,"column":46},"end":{"line":104,"column":47}},"loc":{"start":{"line":104,"column":57},"end":{"line":110,"column":5}},"line":104},"12":{"name":"(anonymous_12)","decl":{"start":{"line":108,"column":29},"end":{"line":108,"column":30}},"loc":{"start":{"line":108,"column":35},"end":{"line":108,"column":56}},"line":108},"13":{"name":"(anonymous_13)","decl":{"start":{"line":113,"column":42},"end":{"line":113,"column":43}},"loc":{"start":{"line":113,"column":53},"end":{"line":118,"column":5}},"line":113},"14":{"name":"(anonymous_14)","decl":{"start":{"line":116,"column":29},"end":{"line":116,"column":30}},"loc":{"start":{"line":116,"column":35},"end":{"line":116,"column":52}},"line":116},"15":{"name":"(anonymous_15)","decl":{"start":{"line":120,"column":39},"end":{"line":120,"column":40}},"loc":{"start":{"line":120,"column":50},"end":{"line":137,"column":5}},"line":120},"16":{"name":"(anonymous_16)","decl":{"start":{"line":129,"column":33},"end":{"line":129,"column":34}},"loc":{"start":{"line":129,"column":39},"end":{"line":129,"column":60}},"line":129},"17":{"name":"(anonymous_17)","decl":{"start":{"line":134,"column":33},"end":{"line":134,"column":34}},"loc":{"start":{"line":134,"column":39},"end":{"line":134,"column":56}},"line":134},"18":{"name":"debounceAutoSave","decl":{"start":{"line":142,"column":9},"end":{"line":142,"column":25}},"loc":{"start":{"line":142,"column":36},"end":{"line":145,"column":1}},"line":142},"19":{"name":"autoSaveQueryParams","decl":{"start":{"line":147,"column":15},"end":{"line":147,"column":34}},"loc":{"start":{"line":147,"column":37},"end":{"line":158,"column":1}},"line":147},"20":{"name":"autoSaveHeaders","decl":{"start":{"line":160,"column":15},"end":{"line":160,"column":30}},"loc":{"start":{"line":160,"column":33},"end":{"line":171,"column":1}},"line":160}},"branchMap":{"0":{"loc":{"start":{"line":3,"column":34},"end":{"line":3,"column":42}},"type":"default-arg","locations":[{"start":{"line":3,"column":40},"end":{"line":3,"column":42}}],"line":3},"1":{"loc":{"start":{"line":3,"column":44},"end":{"line":3,"column":54}},"type":"default-arg","locations":[{"start":{"line":3,"column":52},"end":{"line":3,"column":54}}],"line":3},"2":{"loc":{"start":{"line":31,"column":46},"end":{"line":31,"column":54}},"type":"default-arg","locations":[{"start":{"line":31,"column":52},"end":{"line":31,"column":54}}],"line":31},"3":{"loc":{"start":{"line":31,"column":56},"end":{"line":31,"column":66}},"type":"default-arg","locations":[{"start":{"line":31,"column":64},"end":{"line":31,"column":66}}],"line":31},"4":{"loc":{"start":{"line":45,"column":8},"end":{"line":47,"column":9}},"type":"if","locations":[{"start":{"line":45,"column":8},"end":{"line":47,"column":9}},{"start":{},"end":{}}],"line":45},"5":{"loc":{"start":{"line":55,"column":24},"end":{"line":55,"column":69}},"type":"binary-expr","locations":[{"start":{"line":55,"column":24},"end":{"line":55,"column":45}},{"start":{"line":55,"column":49},"end":{"line":55,"column":69}}],"line":55},"6":{"loc":{"start":{"line":62,"column":8},"end":{"line":64,"column":9}},"type":"if","locations":[{"start":{"line":62,"column":8},"end":{"line":64,"column":9}},{"start":{},"end":{}}],"line":62},"7":{"loc":{"start":{"line":72,"column":28},"end":{"line":72,"column":73}},"type":"binary-expr","locations":[{"start":{"line":72,"column":28},"end":{"line":72,"column":49}},{"start":{"line":72,"column":53},"end":{"line":72,"column":73}}],"line":72},"8":{"loc":{"start":{"line":79,"column":8},"end":{"line":86,"column":9}},"type":"if","locations":[{"start":{"line":79,"column":8},"end":{"line":86,"column":9}},{"start":{"line":83,"column":15},"end":{"line":86,"column":9}}],"line":79},"9":{"loc":{"start":{"line":89,"column":8},"end":{"line":91,"column":9}},"type":"if","locations":[{"start":{"line":89,"column":8},"end":{"line":91,"column":9}},{"start":{},"end":{}}],"line":89},"10":{"loc":{"start":{"line":105,"column":8},"end":{"line":109,"column":9}},"type":"if","locations":[{"start":{"line":105,"column":8},"end":{"line":109,"column":9}},{"start":{},"end":{}}],"line":105},"11":{"loc":{"start":{"line":105,"column":12},"end":{"line":106,"column":58}},"type":"binary-expr","locations":[{"start":{"line":105,"column":12},"end":{"line":105,"column":56}},{"start":{"line":106,"column":12},"end":{"line":106,"column":58}}],"line":105},"12":{"loc":{"start":{"line":114,"column":8},"end":{"line":117,"column":9}},"type":"if","locations":[{"start":{"line":114,"column":8},"end":{"line":117,"column":9}},{"start":{},"end":{}}],"line":114},"13":{"loc":{"start":{"line":114,"column":12},"end":{"line":115,"column":58}},"type":"binary-expr","locations":[{"start":{"line":114,"column":12},"end":{"line":114,"column":56}},{"start":{"line":115,"column":12},"end":{"line":115,"column":58}}],"line":114},"14":{"loc":{"start":{"line":121,"column":8},"end":{"line":136,"column":9}},"type":"if","locations":[{"start":{"line":121,"column":8},"end":{"line":136,"column":9}},{"start":{},"end":{}}],"line":121},"15":{"loc":{"start":{"line":127,"column":12},"end":{"line":130,"column":13}},"type":"if","locations":[{"start":{"line":127,"column":12},"end":{"line":130,"column":13}},{"start":{},"end":{}}],"line":127},"16":{"loc":{"start":{"line":133,"column":12},"end":{"line":135,"column":13}},"type":"if","locations":[{"start":{"line":133,"column":12},"end":{"line":135,"column":13}},{"start":{},"end":{}}],"line":133},"17":{"loc":{"start":{"line":148,"column":4},"end":{"line":157,"column":5}},"type":"if","locations":[{"start":{"line":148,"column":4},"end":{"line":157,"column":5}},{"start":{},"end":{}}],"line":148},"18":{"loc":{"start":{"line":148,"column":8},"end":{"line":148,"column":58}},"type":"binary-expr","locations":[{"start":{"line":148,"column":8},"end":{"line":148,"column":30}},{"start":{"line":148,"column":34},"end":{"line":148,"column":58}}],"line":148},"19":{"loc":{"start":{"line":161,"column":4},"end":{"line":170,"column":5}},"type":"if","locations":[{"start":{"line":161,"column":4},"end":{"line":170,"column":5}},{"start":{},"end":{}}],"line":161},"20":{"loc":{"start":{"line":161,"column":8},"end":{"line":161,"column":58}},"type":"binary-expr","locations":[{"start":{"line":161,"column":8},"end":{"line":161,"column":30}},{"start":{"line":161,"column":34},"end":{"line":161,"column":58}}],"line":161}},"s":{"0":0,"1":0,"2":0,"3":0,"4":0,"5":0,"6":0,"7":0,"8":0,"9":0,"10":0,"11":0,"12":0,"13":0,"14":0,"15":0,"16":0,"17":0,"18":0,"19":0,"20":0,"21":0,"22":0,"23":0,"24":0,"25":0,"26":0,"27":0,"28":0,"29":0,"30":0,"31":0,"32":0,"33":0,"34":0,"35":0,"36":0,"37":0,"38":0,"39":0,"40":0,"41":0,"42":0,"43":0,"44":0,"45":0,"46":0,"47":0,"48":0,"49":0,"50":0,"51":0,"52":0,"53":0,"54":0,"55":0,"56":0,"57":0,"58":0,"59":0,"60":0,"61":0,"62":0,"63":0,"64":0,"65":0,"66":0,"67":0,"68":0,"69":0,"70":0,"71":0,"72":0,"73":0,"74":0,"75":0,"76":0,"77":0,"78":0,"79":0,"80":0,"81":0,"82":0},"f":{"0":0,"1":0,"2":0,"3":0,"4":0,"5":0,"6":0,"7":0,"8":0,"9":0,"10":0,"11":0,"12":0,"13":0,"14":0,"15":0,"16":0,"17":0,"18":0,"19":0,"20":0},"b":{"0":[0],"1":[0],"2":[0],"3":[0],"4":[0,0],"5":[0,0],"6":[0,0],"7":[0,0],"8":[0,0],"9":[0,0],"10":[0,0],"11":[0,0],"12":[0,0],"13":[0,0],"14":[0,0],"15":[0,0],"16":[0,0],"17":[0,0],"18":[0,0],"19":[0,0],"20":[0,0]}}
,"/home/dennis/WebstormProjects/electron/src/modules/resizer.js": {"path":"/home/dennis/WebstormProjects/electron/src/modules/resizer.js","statementMap":{"0":{"start":{"line":8,"column":8},"end":{"line":8,"column":32}},"1":{"start":{"line":9,"column":8},"end":{"line":9,"column":24}},"2":{"start":{"line":10,"column":8},"end":{"line":10,"column":36}},"3":{"start":{"line":11,"column":8},"end":{"line":11,"column":37}},"4":{"start":{"line":12,"column":8},"end":{"line":12,"column":29}},"5":{"start":{"line":14,"column":8},"end":{"line":14,"column":20}},"6":{"start":{"line":18,"column":8},"end":{"line":18,"column":71}},"7":{"start":{"line":19,"column":8},"end":{"line":19,"column":71}},"8":{"start":{"line":20,"column":8},"end":{"line":20,"column":69}},"9":{"start":{"line":21,"column":8},"end":{"line":21,"column":76}},"10":{"start":{"line":23,"column":8},"end":{"line":31,"column":9}},"11":{"start":{"line":24,"column":12},"end":{"line":29,"column":15}},"12":{"start":{"line":30,"column":12},"end":{"line":30,"column":19}},"13":{"start":{"line":33,"column":8},"end":{"line":33,"column":35}},"14":{"start":{"line":35,"column":8},"end":{"line":35,"column":56}},"15":{"start":{"line":35,"column":25},"end":{"line":35,"column":49}},"16":{"start":{"line":39,"column":8},"end":{"line":39,"column":84}},"17":{"start":{"line":40,"column":8},"end":{"line":40,"column":69}},"18":{"start":{"line":41,"column":8},"end":{"line":41,"column":70}},"19":{"start":{"line":44,"column":8},"end":{"line":44,"column":86}},"20":{"start":{"line":44,"column":66},"end":{"line":44,"column":84}},"21":{"start":{"line":49,"column":34},"end":{"line":49,"column":67}},"22":{"start":{"line":50,"column":31},"end":{"line":50,"column":73}},"23":{"start":{"line":51,"column":37},"end":{"line":51,"column":85}},"24":{"start":{"line":52,"column":30},"end":{"line":52,"column":61}},"25":{"start":{"line":54,"column":32},"end":{"line":54,"column":88}},"26":{"start":{"line":57,"column":8},"end":{"line":60,"column":9}},"27":{"start":{"line":58,"column":12},"end":{"line":58,"column":115}},"28":{"start":{"line":59,"column":12},"end":{"line":59,"column":19}},"29":{"start":{"line":62,"column":37},"end":{"line":62,"column":96}},"30":{"start":{"line":63,"column":38},"end":{"line":63,"column":102}},"31":{"start":{"line":65,"column":8},"end":{"line":65,"column":70}},"32":{"start":{"line":66,"column":8},"end":{"line":66,"column":50}},"33":{"start":{"line":67,"column":8},"end":{"line":67,"column":70}},"34":{"start":{"line":68,"column":8},"end":{"line":68,"column":46}},"35":{"start":{"line":72,"column":8},"end":{"line":72,"column":31}},"36":{"start":{"line":73,"column":8},"end":{"line":73,"column":32}},"37":{"start":{"line":74,"column":8},"end":{"line":74,"column":66}},"38":{"start":{"line":75,"column":8},"end":{"line":75,"column":66}},"39":{"start":{"line":77,"column":8},"end":{"line":77,"column":53}},"40":{"start":{"line":78,"column":8},"end":{"line":78,"column":48}},"41":{"start":{"line":79,"column":8},"end":{"line":79,"column":50}},"42":{"start":{"line":81,"column":8},"end":{"line":81,"column":27}},"43":{"start":{"line":85,"column":8},"end":{"line":85,"column":37}},"44":{"start":{"line":85,"column":30},"end":{"line":85,"column":37}},"45":{"start":{"line":87,"column":23},"end":{"line":87,"column":46}},"46":{"start":{"line":88,"column":33},"end":{"line":88,"column":65}},"47":{"start":{"line":89,"column":34},"end":{"line":89,"column":67}},"48":{"start":{"line":92,"column":8},"end":{"line":94,"column":9}},"49":{"start":{"line":93,"column":12},"end":{"line":93,"column":19}},"50":{"start":{"line":97,"column":35},"end":{"line":99,"column":65}},"51":{"start":{"line":101,"column":8},"end":{"line":103,"column":9}},"52":{"start":{"line":102,"column":12},"end":{"line":102,"column":19}},"53":{"start":{"line":105,"column":8},"end":{"line":105,"column":66}},"54":{"start":{"line":106,"column":8},"end":{"line":106,"column":66}},"55":{"start":{"line":108,"column":8},"end":{"line":108,"column":27}},"56":{"start":{"line":112,"column":8},"end":{"line":112,"column":37}},"57":{"start":{"line":112,"column":30},"end":{"line":112,"column":37}},"58":{"start":{"line":114,"column":8},"end":{"line":114,"column":32}},"59":{"start":{"line":115,"column":8},"end":{"line":115,"column":56}},"60":{"start":{"line":116,"column":8},"end":{"line":116,"column":44}},"61":{"start":{"line":117,"column":8},"end":{"line":117,"column":40}},"62":{"start":{"line":122,"column":8},"end":{"line":122,"column":45}},"63":{"start":{"line":123,"column":8},"end":{"line":123,"column":49}},"64":{"start":{"line":124,"column":8},"end":{"line":124,"column":44}},"65":{"start":{"line":125,"column":8},"end":{"line":125,"column":43}},"66":{"start":{"line":131,"column":4},"end":{"line":131,"column":25}}},"fnMap":{"0":{"name":"(anonymous_0)","decl":{"start":{"line":7,"column":4},"end":{"line":7,"column":5}},"loc":{"start":{"line":7,"column":18},"end":{"line":15,"column":5}},"line":7},"1":{"name":"(anonymous_1)","decl":{"start":{"line":17,"column":4},"end":{"line":17,"column":5}},"loc":{"start":{"line":17,"column":11},"end":{"line":36,"column":5}},"line":17},"2":{"name":"(anonymous_2)","decl":{"start":{"line":35,"column":19},"end":{"line":35,"column":20}},"loc":{"start":{"line":35,"column":25},"end":{"line":35,"column":49}},"line":35},"3":{"name":"(anonymous_3)","decl":{"start":{"line":38,"column":4},"end":{"line":38,"column":5}},"loc":{"start":{"line":38,"column":26},"end":{"line":45,"column":5}},"line":38},"4":{"name":"(anonymous_4)","decl":{"start":{"line":44,"column":59},"end":{"line":44,"column":60}},"loc":{"start":{"line":44,"column":66},"end":{"line":44,"column":84}},"line":44},"5":{"name":"(anonymous_5)","decl":{"start":{"line":47,"column":4},"end":{"line":47,"column":5}},"loc":{"start":{"line":47,"column":24},"end":{"line":69,"column":5}},"line":47},"6":{"name":"(anonymous_6)","decl":{"start":{"line":71,"column":4},"end":{"line":71,"column":5}},"loc":{"start":{"line":71,"column":17},"end":{"line":82,"column":5}},"line":71},"7":{"name":"(anonymous_7)","decl":{"start":{"line":84,"column":4},"end":{"line":84,"column":5}},"loc":{"start":{"line":84,"column":12},"end":{"line":109,"column":5}},"line":84},"8":{"name":"(anonymous_8)","decl":{"start":{"line":111,"column":4},"end":{"line":111,"column":5}},"loc":{"start":{"line":111,"column":14},"end":{"line":118,"column":5}},"line":111},"9":{"name":"(anonymous_9)","decl":{"start":{"line":121,"column":4},"end":{"line":121,"column":5}},"loc":{"start":{"line":121,"column":12},"end":{"line":126,"column":5}},"line":121},"10":{"name":"initResizer","decl":{"start":{"line":130,"column":16},"end":{"line":130,"column":27}},"loc":{"start":{"line":130,"column":30},"end":{"line":132,"column":1}},"line":130}},"branchMap":{"0":{"loc":{"start":{"line":23,"column":8},"end":{"line":31,"column":9}},"type":"if","locations":[{"start":{"line":23,"column":8},"end":{"line":31,"column":9}},{"start":{},"end":{}}],"line":23},"1":{"loc":{"start":{"line":23,"column":12},"end":{"line":23,"column":101}},"type":"binary-expr","locations":[{"start":{"line":23,"column":12},"end":{"line":23,"column":31}},{"start":{"line":23,"column":35},"end":{"line":23,"column":54}},{"start":{"line":23,"column":58},"end":{"line":23,"column":76}},{"start":{"line":23,"column":80},"end":{"line":23,"column":101}}],"line":23},"2":{"loc":{"start":{"line":51,"column":37},"end":{"line":51,"column":85}},"type":"cond-expr","locations":[{"start":{"line":51,"column":54},"end":{"line":51,"column":81}},{"start":{"line":51,"column":84},"end":{"line":51,"column":85}}],"line":51},"3":{"loc":{"start":{"line":57,"column":8},"end":{"line":60,"column":9}},"type":"if","locations":[{"start":{"line":57,"column":8},"end":{"line":60,"column":9}},{"start":{},"end":{}}],"line":57},"4":{"loc":{"start":{"line":85,"column":8},"end":{"line":85,"column":37}},"type":"if","locations":[{"start":{"line":85,"column":8},"end":{"line":85,"column":37}},{"start":{},"end":{}}],"line":85},"5":{"loc":{"start":{"line":92,"column":8},"end":{"line":94,"column":9}},"type":"if","locations":[{"start":{"line":92,"column":8},"end":{"line":94,"column":9}},{"start":{},"end":{}}],"line":92},"6":{"loc":{"start":{"line":92,"column":12},"end":{"line":92,"column":83}},"type":"binary-expr","locations":[{"start":{"line":92,"column":12},"end":{"line":92,"column":45}},{"start":{"line":92,"column":49},"end":{"line":92,"column":83}}],"line":92},"7":{"loc":{"start":{"line":101,"column":8},"end":{"line":103,"column":9}},"type":"if","locations":[{"start":{"line":101,"column":8},"end":{"line":103,"column":9}},{"start":{},"end":{}}],"line":101},"8":{"loc":{"start":{"line":112,"column":8},"end":{"line":112,"column":37}},"type":"if","locations":[{"start":{"line":112,"column":8},"end":{"line":112,"column":37}},{"start":{},"end":{}}],"line":112}},"s":{"0":0,"1":0,"2":0,"3":0,"4":0,"5":0,"6":0,"7":0,"8":0,"9":0,"10":0,"11":0,"12":0,"13":0,"14":0,"15":0,"16":0,"17":0,"18":0,"19":0,"20":0,"21":0,"22":0,"23":0,"24":0,"25":0,"26":0,"27":0,"28":0,"29":0,"30":0,"31":0,"32":0,"33":0,"34":0,"35":0,"36":0,"37":0,"38":0,"39":0,"40":0,"41":0,"42":0,"43":0,"44":0,"45":0,"46":0,"47":0,"48":0,"49":0,"50":0,"51":0,"52":0,"53":0,"54":0,"55":0,"56":0,"57":0,"58":0,"59":0,"60":0,"61":0,"62":0,"63":0,"64":0,"65":0,"66":0},"f":{"0":0,"1":0,"2":0,"3":0,"4":0,"5":0,"6":0,"7":0,"8":0,"9":0,"10":0},"b":{"0":[0,0],"1":[0,0,0,0],"2":[0,0],"3":[0,0],"4":[0,0],"5":[0,0],"6":[0,0],"7":[0,0],"8":[0,0]}}
,"/home/dennis/WebstormProjects/electron/src/modules/statusDisplay.js": {"path":"/home/dennis/WebstormProjects/electron/src/modules/statusDisplay.js","statementMap":{"0":{"start":{"line":4,"column":4},"end":{"line":4,"column":133}},"1":{"start":{"line":6,"column":4},"end":{"line":6,"column":43}},"2":{"start":{"line":8,"column":4},"end":{"line":22,"column":5}},"3":{"start":{"line":9,"column":8},"end":{"line":19,"column":9}},"4":{"start":{"line":10,"column":12},"end":{"line":10,"column":58}},"5":{"start":{"line":11,"column":15},"end":{"line":19,"column":9}},"6":{"start":{"line":12,"column":12},"end":{"line":12,"column":59}},"7":{"start":{"line":13,"column":15},"end":{"line":19,"column":9}},"8":{"start":{"line":14,"column":12},"end":{"line":14,"column":63}},"9":{"start":{"line":15,"column":15},"end":{"line":19,"column":9}},"10":{"start":{"line":16,"column":12},"end":{"line":16,"column":63}},"11":{"start":{"line":18,"column":12},"end":{"line":18,"column":55}},"12":{"start":{"line":21,"column":8},"end":{"line":21,"column":51}}},"fnMap":{"0":{"name":"updateStatusDisplay","decl":{"start":{"line":3,"column":16},"end":{"line":3,"column":35}},"loc":{"start":{"line":3,"column":67},"end":{"line":23,"column":1}},"line":3}},"branchMap":{"0":{"loc":{"start":{"line":3,"column":48},"end":{"line":3,"column":65}},"type":"default-arg","locations":[{"start":{"line":3,"column":61},"end":{"line":3,"column":65}}],"line":3},"1":{"loc":{"start":{"line":8,"column":4},"end":{"line":22,"column":5}},"type":"if","locations":[{"start":{"line":8,"column":4},"end":{"line":22,"column":5}},{"start":{"line":20,"column":11},"end":{"line":22,"column":5}}],"line":8},"2":{"loc":{"start":{"line":9,"column":8},"end":{"line":19,"column":9}},"type":"if","locations":[{"start":{"line":9,"column":8},"end":{"line":19,"column":9}},{"start":{"line":11,"column":15},"end":{"line":19,"column":9}}],"line":9},"3":{"loc":{"start":{"line":9,"column":12},"end":{"line":9,"column":49}},"type":"binary-expr","locations":[{"start":{"line":9,"column":12},"end":{"line":9,"column":29}},{"start":{"line":9,"column":33},"end":{"line":9,"column":49}}],"line":9},"4":{"loc":{"start":{"line":11,"column":15},"end":{"line":19,"column":9}},"type":"if","locations":[{"start":{"line":11,"column":15},"end":{"line":19,"column":9}},{"start":{"line":13,"column":15},"end":{"line":19,"column":9}}],"line":11},"5":{"loc":{"start":{"line":11,"column":19},"end":{"line":11,"column":56}},"type":"binary-expr","locations":[{"start":{"line":11,"column":19},"end":{"line":11,"column":36}},{"start":{"line":11,"column":40},"end":{"line":11,"column":56}}],"line":11},"6":{"loc":{"start":{"line":13,"column":15},"end":{"line":19,"column":9}},"type":"if","locations":[{"start":{"line":13,"column":15},"end":{"line":19,"column":9}},{"start":{"line":15,"column":15},"end":{"line":19,"column":9}}],"line":13},"7":{"loc":{"start":{"line":13,"column":19},"end":{"line":13,"column":56}},"type":"binary-expr","locations":[{"start":{"line":13,"column":19},"end":{"line":13,"column":36}},{"start":{"line":13,"column":40},"end":{"line":13,"column":56}}],"line":13},"8":{"loc":{"start":{"line":15,"column":15},"end":{"line":19,"column":9}},"type":"if","locations":[{"start":{"line":15,"column":15},"end":{"line":19,"column":9}},{"start":{"line":17,"column":15},"end":{"line":19,"column":9}}],"line":15},"9":{"loc":{"start":{"line":15,"column":19},"end":{"line":15,"column":56}},"type":"binary-expr","locations":[{"start":{"line":15,"column":19},"end":{"line":15,"column":36}},{"start":{"line":15,"column":40},"end":{"line":15,"column":56}}],"line":15}},"s":{"0":0,"1":0,"2":0,"3":0,"4":0,"5":0,"6":0,"7":0,"8":0,"9":0,"10":0,"11":0,"12":0},"f":{"0":0},"b":{"0":[0],"1":[0,0],"2":[0,0],"3":[0,0],"4":[0,0],"5":[0,0],"6":[0,0],"7":[0,0],"8":[0,0],"9":[0,0]}}
,"/home/dennis/WebstormProjects/electron/src/modules/tabManager.js": {"path":"/home/dennis/WebstormProjects/electron/src/modules/tabManager.js","statementMap":{"0":{"start":{"line":3,"column":30},"end":{"line":3,"column":86}},"1":{"start":{"line":4,"column":31},"end":{"line":4,"column":88}},"2":{"start":{"line":6,"column":4},"end":{"line":23,"column":7}},"3":{"start":{"line":7,"column":8},"end":{"line":22,"column":11}},"4":{"start":{"line":8,"column":12},"end":{"line":11,"column":15}},"5":{"start":{"line":9,"column":16},"end":{"line":9,"column":47}},"6":{"start":{"line":10,"column":16},"end":{"line":10,"column":59}},"7":{"start":{"line":12,"column":12},"end":{"line":12,"column":86}},"8":{"start":{"line":12,"column":50},"end":{"line":12,"column":84}},"9":{"start":{"line":14,"column":12},"end":{"line":14,"column":43}},"10":{"start":{"line":15,"column":12},"end":{"line":15,"column":57}},"11":{"start":{"line":17,"column":32},"end":{"line":17,"column":50}},"12":{"start":{"line":18,"column":37},"end":{"line":18,"column":73}},"13":{"start":{"line":19,"column":12},"end":{"line":21,"column":13}},"14":{"start":{"line":20,"column":16},"end":{"line":20,"column":57}},"15":{"start":{"line":26,"column":31},"end":{"line":26,"column":86}},"16":{"start":{"line":27,"column":32},"end":{"line":27,"column":91}},"17":{"start":{"line":29,"column":4},"end":{"line":46,"column":7}},"18":{"start":{"line":30,"column":8},"end":{"line":45,"column":11}},"19":{"start":{"line":31,"column":12},"end":{"line":34,"column":15}},"20":{"start":{"line":32,"column":16},"end":{"line":32,"column":47}},"21":{"start":{"line":33,"column":16},"end":{"line":33,"column":59}},"22":{"start":{"line":35,"column":12},"end":{"line":35,"column":87}},"23":{"start":{"line":35,"column":51},"end":{"line":35,"column":85}},"24":{"start":{"line":37,"column":12},"end":{"line":37,"column":43}},"25":{"start":{"line":38,"column":12},"end":{"line":38,"column":57}},"26":{"start":{"line":40,"column":32},"end":{"line":40,"column":50}},"27":{"start":{"line":41,"column":37},"end":{"line":41,"column":73}},"28":{"start":{"line":42,"column":12},"end":{"line":44,"column":13}},"29":{"start":{"line":43,"column":16},"end":{"line":43,"column":57}},"30":{"start":{"line":53,"column":4},"end":{"line":62,"column":5}},"31":{"start":{"line":54,"column":8},"end":{"line":54,"column":75}},"32":{"start":{"line":55,"column":8},"end":{"line":55,"column":77}},"33":{"start":{"line":56,"column":11},"end":{"line":62,"column":5}},"34":{"start":{"line":57,"column":8},"end":{"line":57,"column":74}},"35":{"start":{"line":58,"column":8},"end":{"line":58,"column":79}},"36":{"start":{"line":60,"column":8},"end":{"line":60,"column":51}},"37":{"start":{"line":61,"column":8},"end":{"line":61,"column":15}},"38":{"start":{"line":64,"column":4},"end":{"line":67,"column":7}},"39":{"start":{"line":65,"column":8},"end":{"line":65,"column":39}},"40":{"start":{"line":66,"column":8},"end":{"line":66,"column":51}},"41":{"start":{"line":68,"column":4},"end":{"line":68,"column":68}},"42":{"start":{"line":68,"column":32},"end":{"line":68,"column":66}},"43":{"start":{"line":70,"column":25},"end":{"line":70,"column":146}},"44":{"start":{"line":71,"column":26},"end":{"line":71,"column":56}},"45":{"start":{"line":73,"column":4},"end":{"line":76,"column":5}},"46":{"start":{"line":74,"column":8},"end":{"line":74,"column":45}},"47":{"start":{"line":75,"column":8},"end":{"line":75,"column":59}},"48":{"start":{"line":77,"column":4},"end":{"line":79,"column":5}},"49":{"start":{"line":78,"column":8},"end":{"line":78,"column":46}}},"fnMap":{"0":{"name":"initTabListeners","decl":{"start":{"line":1,"column":16},"end":{"line":1,"column":32}},"loc":{"start":{"line":1,"column":35},"end":{"line":47,"column":1}},"line":1},"1":{"name":"(anonymous_1)","decl":{"start":{"line":6,"column":30},"end":{"line":6,"column":31}},"loc":{"start":{"line":6,"column":40},"end":{"line":23,"column":5}},"line":6},"2":{"name":"(anonymous_2)","decl":{"start":{"line":7,"column":41},"end":{"line":7,"column":42}},"loc":{"start":{"line":7,"column":47},"end":{"line":22,"column":9}},"line":7},"3":{"name":"(anonymous_3)","decl":{"start":{"line":8,"column":38},"end":{"line":8,"column":39}},"loc":{"start":{"line":8,"column":45},"end":{"line":11,"column":13}},"line":8},"4":{"name":"(anonymous_4)","decl":{"start":{"line":12,"column":39},"end":{"line":12,"column":40}},"loc":{"start":{"line":12,"column":50},"end":{"line":12,"column":84}},"line":12},"5":{"name":"(anonymous_5)","decl":{"start":{"line":29,"column":31},"end":{"line":29,"column":32}},"loc":{"start":{"line":29,"column":41},"end":{"line":46,"column":5}},"line":29},"6":{"name":"(anonymous_6)","decl":{"start":{"line":30,"column":41},"end":{"line":30,"column":42}},"loc":{"start":{"line":30,"column":47},"end":{"line":45,"column":9}},"line":30},"7":{"name":"(anonymous_7)","decl":{"start":{"line":31,"column":39},"end":{"line":31,"column":40}},"loc":{"start":{"line":31,"column":46},"end":{"line":34,"column":13}},"line":31},"8":{"name":"(anonymous_8)","decl":{"start":{"line":35,"column":40},"end":{"line":35,"column":41}},"loc":{"start":{"line":35,"column":51},"end":{"line":35,"column":85}},"line":35},"9":{"name":"activateTab","decl":{"start":{"line":49,"column":16},"end":{"line":49,"column":27}},"loc":{"start":{"line":49,"column":44},"end":{"line":80,"column":1}},"line":49},"10":{"name":"(anonymous_10)","decl":{"start":{"line":64,"column":20},"end":{"line":64,"column":21}},"loc":{"start":{"line":64,"column":27},"end":{"line":67,"column":5}},"line":64},"11":{"name":"(anonymous_11)","decl":{"start":{"line":68,"column":21},"end":{"line":68,"column":22}},"loc":{"start":{"line":68,"column":32},"end":{"line":68,"column":66}},"line":68}},"branchMap":{"0":{"loc":{"start":{"line":19,"column":12},"end":{"line":21,"column":13}},"type":"if","locations":[{"start":{"line":19,"column":12},"end":{"line":21,"column":13}},{"start":{},"end":{}}],"line":19},"1":{"loc":{"start":{"line":42,"column":12},"end":{"line":44,"column":13}},"type":"if","locations":[{"start":{"line":42,"column":12},"end":{"line":44,"column":13}},{"start":{},"end":{}}],"line":42},"2":{"loc":{"start":{"line":53,"column":4},"end":{"line":62,"column":5}},"type":"if","locations":[{"start":{"line":53,"column":4},"end":{"line":62,"column":5}},{"start":{"line":56,"column":11},"end":{"line":62,"column":5}}],"line":53},"3":{"loc":{"start":{"line":56,"column":11},"end":{"line":62,"column":5}},"type":"if","locations":[{"start":{"line":56,"column":11},"end":{"line":62,"column":5}},{"start":{"line":59,"column":11},"end":{"line":62,"column":5}}],"line":56},"4":{"loc":{"start":{"line":70,"column":52},"end":{"line":70,"column":110}},"type":"cond-expr","locations":[{"start":{"line":70,"column":76},"end":{"line":70,"column":92}},{"start":{"line":70,"column":95},"end":{"line":70,"column":110}}],"line":70},"5":{"loc":{"start":{"line":73,"column":4},"end":{"line":76,"column":5}},"type":"if","locations":[{"start":{"line":73,"column":4},"end":{"line":76,"column":5}},{"start":{},"end":{}}],"line":73},"6":{"loc":{"start":{"line":77,"column":4},"end":{"line":79,"column":5}},"type":"if","locations":[{"start":{"line":77,"column":4},"end":{"line":79,"column":5}},{"start":{},"end":{}}],"line":77}},"s":{"0":0,"1":0,"2":0,"3":0,"4":0,"5":0,"6":0,"7":0,"8":0,"9":0,"10":0,"11":0,"12":0,"13":0,"14":0,"15":0,"16":0,"17":0,"18":0,"19":0,"20":0,"21":0,"22":0,"23":0,"24":0,"25":0,"26":0,"27":0,"28":0,"29":0,"30":0,"31":0,"32":0,"33":0,"34":0,"35":0,"36":0,"37":0,"38":0,"39":0,"40":0,"41":0,"42":0,"43":0,"44":0,"45":0,"46":0,"47":0,"48":0,"49":0},"f":{"0":0,"1":0,"2":0,"3":0,"4":0,"5":0,"6":0,"7":0,"8":0,"9":0,"10":0,"11":0},"b":{"0":[0,0],"1":[0,0],"2":[0,0],"3":[0,0],"4":[0,0],"5":[0,0],"6":[0,0]}}
,"/home/dennis/WebstormProjects/electron/src/modules/themeManager.js": {"path":"/home/dennis/WebstormProjects/electron/src/modules/themeManager.js","statementMap":{"0":{"start":{"line":6,"column":8},"end":{"line":6,"column":37}},"1":{"start":{"line":7,"column":8},"end":{"line":7,"column":37}},"2":{"start":{"line":8,"column":8},"end":{"line":8,"column":72}},"3":{"start":{"line":9,"column":8},"end":{"line":9,"column":20}},"4":{"start":{"line":14,"column":8},"end":{"line":14,"column":36}},"5":{"start":{"line":15,"column":8},"end":{"line":15,"column":49}},"6":{"start":{"line":16,"column":8},"end":{"line":16,"column":40}},"7":{"start":{"line":20,"column":8},"end":{"line":26,"column":9}},"8":{"start":{"line":21,"column":31},"end":{"line":21,"column":74}},"9":{"start":{"line":22,"column":12},"end":{"line":22,"column":55}},"10":{"start":{"line":24,"column":12},"end":{"line":24,"column":63}},"11":{"start":{"line":25,"column":12},"end":{"line":25,"column":41}},"12":{"start":{"line":30,"column":8},"end":{"line":34,"column":9}},"13":{"start":{"line":31,"column":12},"end":{"line":31,"column":63}},"14":{"start":{"line":33,"column":12},"end":{"line":33,"column":56}},"15":{"start":{"line":38,"column":8},"end":{"line":62,"column":11}},"16":{"start":{"line":40,"column":12},"end":{"line":43,"column":13}},"17":{"start":{"line":41,"column":16},"end":{"line":41,"column":47}},"18":{"start":{"line":42,"column":16},"end":{"line":42,"column":45}},"19":{"start":{"line":46,"column":25},"end":{"line":46,"column":55}},"20":{"start":{"line":47,"column":12},"end":{"line":47,"column":36}},"21":{"start":{"line":48,"column":12},"end":{"line":48,"column":50}},"22":{"start":{"line":49,"column":12},"end":{"line":49,"column":39}},"23":{"start":{"line":51,"column":12},"end":{"line":54,"column":14}},"24":{"start":{"line":52,"column":16},"end":{"line":52,"column":45}},"25":{"start":{"line":53,"column":16},"end":{"line":53,"column":26}},"26":{"start":{"line":56,"column":12},"end":{"line":58,"column":14}},"27":{"start":{"line":57,"column":16},"end":{"line":57,"column":68}},"28":{"start":{"line":61,"column":12},"end":{"line":61,"column":44}},"29":{"start":{"line":66,"column":8},"end":{"line":76,"column":9}},"30":{"start":{"line":67,"column":12},"end":{"line":67,"column":43}},"31":{"start":{"line":68,"column":12},"end":{"line":68,"column":71}},"32":{"start":{"line":69,"column":12},"end":{"line":69,"column":38}},"33":{"start":{"line":71,"column":12},"end":{"line":71,"column":58}},"34":{"start":{"line":73,"column":12},"end":{"line":75,"column":13}},"35":{"start":{"line":74,"column":16},"end":{"line":74,"column":48}},"36":{"start":{"line":80,"column":8},"end":{"line":83,"column":9}},"37":{"start":{"line":81,"column":12},"end":{"line":81,"column":63}},"38":{"start":{"line":82,"column":12},"end":{"line":82,"column":19}},"39":{"start":{"line":85,"column":8},"end":{"line":85,"column":37}},"40":{"start":{"line":86,"column":8},"end":{"line":86,"column":36}},"41":{"start":{"line":91,"column":8},"end":{"line":99,"column":
[...]
ine":186},"20":{"name":"(anonymous_20)","decl":{"start":{"line":224,"column":4},"end":{"line":224,"column":5}},"loc":{"start":{"line":224,"column":12},"end":{"line":229,"column":5}},"line":224},"21":{"name":"(anonymous_21)","decl":{"start":{"line":231,"column":4},"end":{"line":231,"column":5}},"loc":{"start":{"line":231,"column":14},"end":{"line":239,"column":5}},"line":231},"22":{"name":"(anonymous_22)","decl":{"start":{"line":241,"column":4},"end":{"line":241,"column":5}},"loc":{"start":{"line":241,"column":23},"end":{"line":289,"column":5}},"line":241},"23":{"name":"(anonymous_23)","decl":{"start":{"line":270,"column":79},"end":{"line":270,"column":80}},"loc":{"start":{"line":270,"column":85},"end":{"line":272,"column":9}},"line":270},"24":{"name":"(anonymous_24)","decl":{"start":{"line":274,"column":80},"end":{"line":274,"column":81}},"loc":{"start":{"line":274,"column":86},"end":{"line":288,"column":9}},"line":274},"25":{"name":"(anonymous_25)","decl":{"start":{"line":291,"column":4},"end":{"line":291,"column":5}},"loc":{"start":{"line":291,"column":31},"end":{"line":295,"column":5}},"line":291},"26":{"name":"(anonymous_26)","decl":{"start":{"line":297,"column":4},"end":{"line":297,"column":5}},"loc":{"start":{"line":297,"column":22},"end":{"line":322,"column":5}},"line":297},"27":{"name":"(anonymous_27)","decl":{"start":{"line":302,"column":21},"end":{"line":302,"column":22}},"loc":{"start":{"line":302,"column":28},"end":{"line":308,"column":9}},"line":302},"28":{"name":"(anonymous_28)","decl":{"start":{"line":324,"column":4},"end":{"line":324,"column":5}},"loc":{"start":{"line":324,"column":21},"end":{"line":328,"column":5}},"line":324}},"branchMap":{"0":{"loc":{"start":{"line":12,"column":25},"end":{"line":12,"column":39}},"type":"default-arg","locations":[{"start":{"line":12,"column":37},"end":{"line":12,"column":39}}],"line":12},"1":{"loc":{"start":{"line":12,"column":41},"end":{"line":12,"column":53}},"type":"default-arg","locations":[{"start":{"line":12,"column":51},"end":{"line":12,"column":53}}],"line":12},"2":{"loc":{"start":{"line":51,"column":22},"end":{"line":51,"column":70}},"type":"binary-expr","locations":[{"start":{"line":51,"column":22},"end":{"line":51,"column":35}},{"start":{"line":51,"column":39},"end":{"line":51,"column":70}}],"line":51},"3":{"loc":{"start":{"line":90,"column":8},"end":{"line":98,"column":9}},"type":"if","locations":[{"start":{"line":90,"column":8},"end":{"line":98,"column":9}},{"start":{"line":92,"column":15},"end":{"line":98,"column":9}}],"line":90},"4":{"loc":{"start":{"line":101,"column":30},"end":{"line":101,"column":39}},"type":"default-arg","locations":[{"start":{"line":101,"column":37},"end":{"line":101,"column":39}}],"line":101},"5":{"loc":{"start":{"line":101,"column":41},"end":{"line":101,"column":51}},"type":"default-arg","locations":[{"start":{"line":101,"column":49},"end":{"line":101,"column":51}}],"line":101},"6":{"loc":{"start":{"line":134,"column":12},"end":{"line":136,"column":13}},"type":"if","locations":[{"start":{"line":134,"column":12},"end":{"line":136,"column":13}},{"start":{},"end":{}}],"line":134},"7":{"loc":{"start":{"line":134,"column":16},"end":{"line":134,"column":86}},"type":"binary-expr","locations":[{"start":{"line":134,"column":16},"end":{"line":134,"column":31}},{"start":{"line":134,"column":36},"end":{"line":134,"column":58}},{"start":{"line":134,"column":62},"end":{"line":134,"column":85}}],"line":134},"8":{"loc":{"start":{"line":165,"column":12},"end":{"line":167,"column":13}},"type":"if","locations":[{"start":{"line":165,"column":12},"end":{"line":167,"column":13}},{"start":{},"end":{}}],"line":165},"9":{"loc":{"start":{"line":175,"column":8},"end":{"line":177,"column":9}},"type":"if","locations":[{"start":{"line":175,"column":8},"end":{"line":177,"column":9}},{"start":{},"end":{}}],"line":175},"10":{"loc":{"start":{"line":175,"column":12},"end":{"line":175,"column":45}},"type":"binary-expr","locations":[{"start":{"line":175,"column":12},"end":{"line":175,"column":30}},{"start":{"line":175,"column":34},"end":{"line":175,"column":45}}],"line":175},"11":{"loc":{"start":{"line":192,"column":12},"end":{"line":210,"column":13}},"type":"if","locations":[{"start":{"line":192,"column":12},"end":{"line":210,"column":13}},{"start":{},"end":{}}],"line":192},"12":{"loc":{"start":{"line":192,"column":16},"end":{"line":192,"column":29}},"type":"binary-expr","locations":[{"start":{"line":192,"column":16},"end":{"line":192,"column":20}},{"start":{"line":192,"column":24},"end":{"line":192,"column":29}}],"line":192},"13":{"loc":{"start":{"line":193,"column":16},"end":{"line":196,"column":17}},"type":"if","locations":[{"start":{"line":193,"column":16},"end":{"line":196,"column":17}},{"start":{},"end":{}}],"line":193},"14":{"loc":{"start":{"line":199,"column":16},"end":{"line":202,"column":17}},"type":"if","locations":[{"start":{"line":199,"column":16},"end":{"line":202,"column":17}},{"start":{},"end":{}}],"line":199},"15":{"loc":{"start":{"line":204,"column":16},"end":{"line":207,"column":17}},"type":"if","locations":[{"start":{"line":204,"column":16},"end":{"line":207,"column":17}},{"start":{},"end":{}}],"line":204},"16":{"loc":{"start":{"line":213,"column":8},"end":{"line":216,"column":9}},"type":"if","locations":[{"start":{"line":213,"column":8},"end":{"line":216,"column":9}},{"start":{},"end":{}}],"line":213},"17":{"loc":{"start":{"line":218,"column":8},"end":{"line":220,"column":9}},"type":"if","locations":[{"start":{"line":218,"column":8},"end":{"line":220,"column":9}},{"start":{},"end":{}}],"line":218},"18":{"loc":{"start":{"line":225,"column":8},"end":{"line":227,"column":9}},"type":"if","locations":[{"start":{"line":225,"column":8},"end":{"line":227,"column":9}},{"start":{},"end":{}}],"line":225},"19":{"loc":{"start":{"line":232,"column":8},"end":{"line":236,"column":9}},"type":"if","locations":[{"start":{"line":232,"column":8},"end":{"line":236,"column":9}},{"start":{},"end":{}}],"line":232},"20":{"loc":{"start":{"line":279,"column":16},"end":{"line":281,"column":17}},"type":"if","locations":[{"start":{"line":279,"column":16},"end":{"line":281,"column":17}},{"start":{},"end":{}}],"line":279},"21":{"loc":{"start":{"line":279,"column":20},"end":{"line":279,"column":77}},"type":"binary-expr","locations":[{"start":{"line":279,"column":20},"end":{"line":279,"column":49}},{"start":{"line":279,"column":53},"end":{"line":279,"column":77}}],"line":279},"22":{"loc":{"start":{"line":305,"column":12},"end":{"line":307,"column":13}},"type":"if","locations":[{"start":{"line":305,"column":12},"end":{"line":307,"column":13}},{"start":{},"end":{}}],"line":305}},"s":{"0":0,"1":0,"2":0,"3":0,"4":0,"5":0,"6":0,"7":0,"8":0,"9":0,"10":0,"11":0,"12":0,"13":0,"14":0,"15":0,"16":0,"17":0,"18":0,"19":0,"20":0,"21":0,"22":0,"23":0,"24":0,"25":0,"26":0,"27":0,"28":0,"29":0,"30":0,"31":0,"32":0,"33":0,"34":0,"35":0,"36":0,"37":0,"38":0,"39":0,"40":0,"41":0,"42":0,"43":0,"44":0,"45":0,"46":0,"47":0,"48":0,"49":0,"50":0,"51":0,"52":0,"53":0,"54":0,"55":0,"56":0,"57":0,"58":0,"59":0,"60":0,"61":0,"62":0,"63":0,"64":0,"65":0,"66":0,"67":0,"68":0,"69":0,"70":0,"71":0,"72":0,"73":0,"74":0,"75":0,"76":0,"77":0,"78":0,"79":0,"80":0,"81":0,"82":0,"83":0,"84":0,"85":0,"86":0,"87":0,"88":0,"89":0,"90":0,"91":0,"92":0,"93":0,"94":0,"95":0,"96":0,"97":0,"98":0,"99":0,"100":0,"101":0,"102":0,"103":0,"104":0,"105":0,"106":0,"107":0,"108":0,"109":0,"110":0,"111":0,"112":0,"113":0,"114":0,"115":0,"116":0,"117":0,"118":0,"119":0,"120":0,"121":0,"122":0,"123":0,"124":0,"125":0,"126":0,"127":0,"128":0,"129":0,"130":0,"131":0,"132":0,"133":0,"134":0,"135":0,"136":0,"137":0,"138":0,"139":0},"f":{"0":0,"1":0,"2":0,"3":0,"4":0,"5":0,"6":0,"7":0,"8":0,"9":0,"10":0,"11":0,"12":0,"13":0,"14":0,"15":0,"16":0,"17":0,"18":0,"19":0,"20":0,"21":0,"22":0,"23":0,"24":0,"25":0,"26":0,"27":0,"28":0},"b":{"0":[0],"1":[0],"2":[0,0],"3":[0,0],"4":[0],"5":[0],"6":[0,0],"7":[0,0,0],"8":[0,0],"9":[0,0],"10":[0,0],"11":[0,0],"12":[0,0],"13":[0,0],"14":[0,0],"15":[0,0],"16":[0,0],"17":[0,0],"18":[0,0],"19":[0,0],"20":[0,0],"21":[0,0],"22":[0,0]}}
,"/home/dennis/WebstormProjects/electron/src/modules/ui/index.js": {"path":"/home/dennis/WebstormProjects/electron/src/modules/ui/index.js","statementMap":{},"fnMap":{},"branchMap":{},"s":{},"f":{},"b":{}}
,"/home/dennis/WebstormProjects/electron/src/modules/variables/VariableProcessor.js": {"path":"/home/dennis/WebstormProjects/electron/src/modules/variables/VariableProcessor.js","statementMap":{"0":{"start":{"line":7,"column":8},"end":{"line":7,"column":74}},"1":{"start":{"line":17,"column":8},"end":{"line":19,"column":9}},"2":{"start":{"line":18,"column":12},"end":{"line":18,"column":28}},"3":{"start":{"line":21,"column":8},"end":{"line":28,"column":11}},"4":{"start":{"line":22,"column":26},"end":{"line":22,"column":49}},"5":{"start":{"line":23,"column":12},"end":{"line":25,"column":13}},"6":{"start":{"line":24,"column":16},"end":{"line":24,"column":37}},"7":{"start":{"line":27,"column":12},"end":{"line":27,"column":25}},"8":{"start":{"line":38,"column":8},"end":{"line":40,"column":9}},"9":{"start":{"line":39,"column":12},"end":{"line":39,"column":23}},"10":{"start":{"line":42,"column":8},"end":{"line":44,"column":9}},"11":{"start":{"line":43,"column":12},"end":{"line":43,"column":56}},"12":{"start":{"line":46,"column":8},"end":{"line":48,"column":9}},"13":{"start":{"line":47,"column":12},"end":{"line":47,"column":72}},"14":{"start":{"line":47,"column":35},"end":{"line":47,"column":70}},"15":{"start":{"line":50,"column":8},"end":{"line":57,"column":9}},"16":{"start":{"line":51,"column":30},"end":{"line":51,"column":32}},"17":{"start":{"line":52,"column":12},"end":{"line":55,"column":13}},"18":{"start":{"line":53,"column":37},"end":{"line":53,"column":73}},"19":{"start":{"line":54,"column":16},"end":{"line":54,"column":79}},"20":{"start":{"line":56,"column":12},"end":{"line":56,"column":29}},"21":{"start":{"line":59,"column":8},"end":{"line":59,"column":19}},"22":{"start":{"line":68,"column":8},"end":{"line":70,"column":9}},"23":{"start":{"line":69,"column":12},"end":{"line":69,"column":22}},"24":{"start":{"line":72,"column":24},"end":{"line":72,"column":26}},"25":{"start":{"line":76,"column":8},"end":{"line":76,"column":44}},"26":{"start":{"line":78,"column":8},"end":{"line":80,"column":9}},"27":{"start":{"line":79,"column":12},"end":{"line":79,"column":35}},"28":{"start":{"line":83,"column":8},"end":{"line":83,"column":37}},"29":{"start":{"line":92,"column":30},"end":{"line":92,"column":39}},"30":{"start":{"line":94,"column":33},"end":{"line":106,"column":9}},"31":{"start":{"line":95,"column":12},"end":{"line":105,"column":13}},"32":{"start":{"line":96,"column":30},"end":{"line":96,"column":62}},"33":{"start":{"line":97,"column":16},"end":{"line":97,"column":63}},"34":{"start":{"line":97,"column":38},"end":{"line":97,"column":61}},"35":{"start":{"line":98,"column":19},"end":{"line":105,"column":13}},"36":{"start":{"line":99,"column":16},"end":{"line":99,"column":48}},"37":{"start":{"line":100,"column":19},"end":{"line":105,"column":13}},"38":{"start":{"line":101,"column":16},"end":{"line":104,"column":19}},"39":{"start":{"line":102,"column":20},"end":{"line":102,"column":42}},"40":{"start":{"line":103,"column":20},"end":{"line":103,"column":49}},"41":{"start":{"line":108,"column":8},"end":{"line":108,"column":30}},"42":{"start":{"line":109,"column":8},"end":{"line":109,"column":41}},"43":{"start":{"line":118,"column":8},"end":{"line":120,"column":9}},"44":{"start":{"line":119,"column":12},"end":{"line":119,"column":25}},"45":{"start":{"line":123,"column":8},"end":{"line":123,"column":53}},"46":{"start":{"line":133,"column":30},"end":{"line":133,"column":65}},"47":{"start":{"line":134,"column":33},"end":{"line":134,"column":83}},"48":{"start":{"line":134,"column":62},"end":{"line":134,"column":82}},"49":{"start":{"line":135,"column":24},"end":{"line":135,"column":65}},"50":{"start":{"line":137,"column":8},"end":{"line":141,"column":10}},"51":{"start":{"line":140,"column":57},"end":{"line":140,"column":74}}},"fnMap":{"0":{"name":"(anonymous_0)","decl":{"start":{"line":6,"column":4},"end":{"line":6,"column":5}},"loc":{"start":{"line":6,"column":18},"end":{"line":8,"column":5}},"line":6},"1":{"name":"(anonymous_1)","decl":{"start":{"line":16,"column":4},"end":{"line":16,"column":5}},"loc":{"start":{"line":16,"column":46},"end":{"line":29,"column":5}},"line":16},"2":{"name":"(anonymous_2)","decl":{"start":{"line":21,"column":55},"end":{"line":21,"column":56}},"loc":{"start":{"line":21,"column":80},"end":{"line":28,"column":9}},"line":21},"3":{"name":"(anonymous_3)","decl":{"start":{"line":37,"column":4},"end":{"line":37,"column":5}},"loc":{"start":{"line":37,"column":39},"end":{"line":60,"column":5}},"line":37},"4":{"name":"(anonymous_4)","decl":{"start":{"line":47,"column":27},"end":{"line":47,"column":28}},"loc":{"start":{"line":47,"column":35},"end":{"line":47,"column":70}},"line":47},"5":{"name":"(anonymous_5)","decl":{"start":{"line":67,"column":4},"end":{"line":67,"column":5}},"loc":{"start":{"line":67,"column":35},"end":{"line":84,"column":5}},"line":67},"6":{"name":"(anonymous_6)","decl":{"start":{"line":91,"column":4},"end":{"line":91,"column":5}},"loc":{"start":{"line":91,"column":40},"end":{"line":110,"column":5}},"line":91},"7":{"name":"(anonymous_7)","decl":{"start":{"line":94,"column":33},"end":{"line":94,"column":34}},"loc":{"start":{"line":94,"column":44},"end":{"line":106,"column":9}},"line":94},"8":{"name":"(anonymous_8)","decl":{"start":{"line":97,"column":30},"end":{"line":97,"column":31}},"loc":{"start":{"line":97,"column":38},"end":{"line":97,"column":61}},"line":97},"9":{"name":"(anonymous_9)","decl":{"start":{"line":101,"column":43},"end":{"line":101,"column":44}},"loc":{"start":{"line":101,"column":50},"end":{"line":104,"column":17}},"line":101},"10":{"name":"(anonymous_10)","decl":{"start":{"line":117,"column":4},"end":{"line":117,"column":5}},"loc":{"start":{"line":117,"column":30},"end":{"line":124,"column":5}},"line":117},"11":{"name":"(anonymous_11)","decl":{"start":{"line":132,"column":4},"end":{"line":132,"column":5}},"loc":{"start":{"line":132,"column":41},"end":{"line":142,"column":5}},"line":132},"12":{"name":"(anonymous_12)","decl":{"start":{"line":134,"column":54},"end":{"line":134,"column":55}},"loc":{"start":{"line":134,"column":62},"end":{"line":134,"column":82}},"line":134},"13":{"name":"(anonymous_13)","decl":{"start":{"line":140,"column":49},"end":{"line":140,"column":50}},"loc":{"start":{"line":140,"column":57},"end":{"line":140,"column":74}},"line":140}},"branchMap":{"0":{"loc":{"start":{"line":16,"column":30},"end":{"line":16,"column":44}},"type":"default-arg","locations":[{"start":{"line":16,"column":42},"end":{"line":16,"column":44}}],"line":16},"1":{"loc":{"start":{"line":17,"column":8},"end":{"line":19,"column":9}},"type":"if","locations":[{"start":{"line":17,"column":8},"end":{"line":19,"column":9}},{"start":{},"end":{}}],"line":17},"2":{"loc":{"start":{"line":17,"column":12},"end":{"line":17,"column":53}},"type":"binary-expr","locations":[{"start":{"line":17,"column":12},"end":{"line":17,"column":21}},{"start":{"line":17,"column":25},"end":{"line":17,"column":53}}],"line":17},"3":{"loc":{"start":{"line":23,"column":12},"end":{"line":25,"column":13}},"type":"if","locations":[{"start":{"line":23,"column":12},"end":{"line":25,"column":13}},{"start":{},"end":{}}],"line":23},"4":{"loc":{"start":{"line":23,"column":16},"end":{"line":23,"column":53}},"type":"binary-expr","locations":[{"start":{"line":23,"column":16},"end":{"line":23,"column":35}},{"start":{"line":23,"column":39},"end":{"line":23,"column":53}}],"line":23},"5":{"loc":{"start":{"line":37,"column":23},"end":{"line":37,"column":37}},"type":"default-arg","locations":[{"start":{"line":37,"column":35},"end":{"line":37,"column":37}}],"line":37},"6":{"loc":{"start":{"line":38,"column":8},"end":{"line":40,"column":9}},"type":"if","locations":[{"start":{"line":38,"column":8},"end":{"line":40,"column":9}},{"start":{},"end":{}}],"line":38},"7":{"loc":{"start":{"line":38,"column":12},"end":{"line":38,"column":45}},"type":"binary-expr","locations":[{"start":{"line":38,"column":12},"end":{"line":38,"column":24}},{"start":{"line":38,"column":28},"end":{"line":38,"column":45}}],"line":38},"8":{"loc":{"start":{"line":42,"column":8},"end":{"line":44,"column":9}},"type":"if","locations":[{"start":{"line":42,"column":8},"end":{"line":44,"column":9}},{"start":{},"end":{}}],"line":42},"9":{"loc":{"start":{"line":46,"column":8},"end":{"line":48,"column":9}},"type":"if","locations":[{"start":{"line":46,"column":8},"end":{"line":48,"column":9}},{"start":{},"end":{}}],"line":46},"10":{"loc":{"start":{"line":50,"column":8},"end":{"line":57,"column":9}},"type":"if","locations":[{"start":{"line":50,"column":8},"end":{"line":57,"column":9}},{"start":{},"end":{}}],"line":50},"11":{"loc":{"start":{"line":68,"column":8},"end":{"line":70,"column":9}},"type":"if","locations":[{"start":{"line":68,"column":8},"end":{"line":70,"column":9}},{"start":{},"end":{}}],"line":68},"12":{"loc":{"start":{"line":68,"column":12},"end":{"line":68,"column":53}},"type":"binary-expr","locations":[{"start":{"line":68,"column":12},"end":{"line":68,"column":21}},{"start":{"line":68,"column":25},"end":{"line":68,"column":53}}],"line":68},"13":{"loc":{"start":{"line":95,"column":12},"end":{"line":105,"column":13}},"type":"if","locations":[{"start":{"line":95,"column":12},"end":{"line":105,"column":13}},{"start":{"line":98,"column":19},"end":{"line":105,"column":13}}],"line":95},"14":{"loc":{"start":{"line":98,"column":19},"end":{"line":105,"column":13}},"type":"if","locations":[{"start":{"line":98,"column":19},"end":{"line":105,"column":13}},{"start":{"line":100,"column":19},"end":{"line":105,"column":13}}],"line":98},"15":{"loc":{"start":{"line":100,"column":19},"end":{"line":105,"column":13}},"type":"if","locations":[{"start":{"line":100,"column":19},"end":{"line":105,"column":13}},{"start":{},"end":{}}],"line":100},"16":{"loc":{"start":{"line":100,"column":23},"end":{"line":100,"column":57}},"type":"binary-expr","locations":[{"start":{"line":100,"column":23},"end":{"line":100,"column":28}},{"start":{"line":100,"column":32},"end":{"line":100,"column":57}}],"line":100},"17":{"loc":{"start":{"line":118,"column":8},"end":{"line":120,"column":9}},"type":"if","locations":[{"start":{"line":118,"column":8},"end":{"line":120,"column":9}},{"start":{},"end":{}}],"line":118},"18":{"loc":{"start":{"line":118,"column":12},"end":{"line":118,"column":45}},"type":"binary-expr","locations":[{"start":{"line":118,"column":12},"end":{"line":118,"column":17}},{"start":{"line":118,"column":21},"end":{"line":118,"column":45}}],"line":118},"19":{"loc":{"start":{"line":132,"column":25},"end":{"line":132,"column":39}},"type":"default-arg","locations":[{"start":{"line":132,"column":37},"end":{"line":132,"column":39}}],"line":132}},"s":{"0":23,"1":26,"2":2,"3":24,"4":20,"5":20,"6":16,"7":4,"8":15,"9":0,"10":15,"11":8,"12":7,"13":1,"14":3,"15":6,"16":5,"17":5,"18":8,"19":8,"20":5,"21":1,"22":18,"23":3,"24":15,"25":15,"26":15,"27":17,"28":15,"29":4,"30":4,"31":14,"32":8,"33":8,"34":5,"35":6,"36":1,"37":5,"38":3,"39":4,"40":4,"41":4,"42":4,"43":11,"44":3,"45":8,"46":3,"47":3,"48":4,"49":3,"50":3,"51":4},"f":{"0":23,"1":26,"2":20,"3":15,"4":3,"5":18,"6":4,"7":14,"8":5,"9":4,"10":11,"11":3,"12":4,"13":4},"b":{"0":[0],"1":[2,24],"2":[26,24],"3":[16,4],"4":[20,16],"5":[0],"6":[0,15],"7":[15,15],"8":[8,7],"9":[1,6],"10":[5,1],"11":[3,15],"12":[18,15],"13":[8,6],"14":[1,5],"15":[3,2],"16":[5,3],"17":[3,8],"18":[11,8],"19":[0]},"_coverageSchema":"1a1c01bbd47fc00a2c39e90264f33305004495a9","hash":"469729a889f987fe40574484d7ec62afa8be3606"}
,"/home/dennis/WebstormProjects/electron/src/modules/variables/index.js": {"path":"/home/dennis/WebstormProjects/electron/src/modules/variables/index.js","statementMap":{},"fnMap":{},"branchMap":{},"s":{},"f":{},"b":{}}
}
