TN:
SF:node_modules/@codemirror/autocomplete/dist/index.js
FN:100,toSet
FN:107,prefixMatch
FN:121,completeFromList
FN:122,(anonymous_1727)
FN:123,(anonymous_1728)
FN:124,(anonymous_1729)
FN:148,ifNotIn
FN:149,(anonymous_1731)
FN:1424,(anonymous_1732)
FN:1432,(anonymous_1733)
FN:1437,(anonymous_1734)
FN:1444,(anonymous_1735)
FN:1448,(anonymous_1736)
FN:1462,(anonymous_1737)
FN:1465,(anonymous_1738)
FN:1471,(anonymous_1739)
FN:1495,(anonymous_1740)
FN:1509,(anonymous_1741)
FN:1514,(anonymous_1742)
FN:1518,(anonymous_1743)
FN:1521,(anonymous_1744)
FN:1523,(anonymous_1745)
FN:1533,(anonymous_1746)
FN:1534,(anonymous_1747)
FN:1534,(anonymous_1748)
FN:1538,(anonymous_1749)
FN:1542,(anonymous_1750)
FN:1543,(anonymous_1751)
FN:1556,(anonymous_1752)
FN:1556,(anonymous_1753)
FN:1558,fieldSelection
FN:1559,(anonymous_1755)
FN:1559,(anonymous_1756)
FN:1591,snippet
FN:1593,(anonymous_1758)
FN:1603,(anonymous_1759)
FN:1612,moveField
FN:1613,(anonymous_1761)
FN:1617,(anonymous_1762)
FN:1629,(anonymous_1763)
FN:1672,(anonymous_1764)
FN:1674,(anonymous_1765)
FN:1680,snippetCompletion
FN:1684,(anonymous_1767)
FN:1688,(anonymous_1768)
FN:1693,(anonymous_1769)
FNF:46
FNH:0
FNDA:0,toSet
FNDA:0,prefixMatch
FNDA:0,completeFromList
FNDA:0,(anonymous_1727)
FNDA:0,(anonymous_1728)
FNDA:0,(anonymous_1729)
FNDA:0,ifNotIn
FNDA:0,(anonymous_1731)
FNDA:0,(anonymous_1732)
FNDA:0,(anonymous_1733)
FNDA:0,(anonymous_1734)
FNDA:0,(anonymous_1735)
FNDA:0,(anonymous_1736)
FNDA:0,(anonymous_1737)
FNDA:0,(anonymous_1738)
FNDA:0,(anonymous_1739)
FNDA:0,(anonymous_1740)
FNDA:0,(anonymous_1741)
FNDA:0,(anonymous_1742)
FNDA:0,(anonymous_1743)
FNDA:0,(anonymous_1744)
FNDA:0,(anonymous_1745)
FNDA:0,(anonymous_1746)
FNDA:0,(anonymous_1747)
FNDA:0,(anonymous_1748)
FNDA:0,(anonymous_1749)
FNDA:0,(anonymous_1750)
FNDA:0,(anonymous_1751)
FNDA:0,(anonymous_1752)
FNDA:0,(anonymous_1753)
FNDA:0,fieldSelection
FNDA:0,(anonymous_1755)
FNDA:0,(anonymous_1756)
FNDA:0,snippet
FNDA:0,(anonymous_1758)
FNDA:0,(anonymous_1759)
FNDA:0,moveField
FNDA:0,(anonymous_1761)
FNDA:0,(anonymous_1762)
FNDA:0,(anonymous_1763)
FNDA:0,(anonymous_1764)
FNDA:0,(anonymous_1765)
FNDA:0,snippetCompletion
FNDA:0,(anonymous_1767)
FNDA:0,(anonymous_1768)
FNDA:0,(anonymous_1769)
DA:101,0
DA:102,0
DA:103,0
DA:104,0
DA:105,0
DA:108,0
DA:109,0
DA:110,0
DA:111,0
DA:112,0
DA:114,0
DA:115,0
DA:122,0
DA:123,0
DA:124,0
DA:125,0
DA:126,0
DA:149,0
DA:150,0
DA:151,0
DA:152,0
DA:153,0
DA:154,0
DA:156,0
DA:182,0
DA:1283,0
DA:1299,0
DA:1423,0
DA:1425,0
DA:1426,0
DA:1427,0
DA:1428,0
DA:1431,0
DA:1433,0
DA:1434,0
DA:1435,0
DA:1438,0
DA:1439,0
DA:1440,0
DA:1443,0
DA:1445,0
DA:1446,0
DA:1449,0
DA:1450,0
DA:1451,0
DA:1452,0
DA:1453,0
DA:1454,0
DA:1455,0
DA:1456,0
DA:1457,0
DA:1459,0
DA:1460,0
DA:1462,0
DA:1463,0
DA:1466,0
DA:1467,0
DA:1468,0
DA:1469,0
DA:1470,0
DA:1471,0
DA:1472,0
DA:1473,0
DA:1474,0
DA:1476,0
DA:1477,0
DA:1478,0
DA:1479,0
DA:1480,0
DA:1481,0
DA:1482,0
DA:1483,0
DA:1484,0
DA:1486,0
DA:1487,0
DA:1488,0
DA:1489,0
DA:1490,0
DA:1492,0
DA:1493,0
DA:1495,0
DA:1496,0
DA:1497,0
DA:1498,0
DA:1499,0
DA:1501,0
DA:1503,0
DA:1505,0
DA:1508,0
DA:1510,0
DA:1511,0
DA:1512,0
DA:1514,0
DA:1516,0
DA:1517,0
DA:1519,0
DA:1520,0
DA:1521,0
DA:1524,0
DA:1525,0
DA:1526,0
DA:1527,0
DA:1528,0
DA:1529,0
DA:1531,0
DA:1534,0
DA:1537,0
DA:1538,0
DA:1540,0
DA:1541,0
DA:1542,0
DA:1544,0
DA:1545,0
DA:1546,0
DA:1547,0
DA:1548,0
DA:1550,0
DA:1551,0
DA:1552,0
DA:1553,0
DA:1554,0
DA:1556,0
DA:1559,0
DA:1592,0
DA:1593,0
DA:1594,0
DA:1595,0
DA:1596,0
DA:1601,0
DA:1602,0
DA:1603,0
DA:1604,0
DA:1605,0
DA:1606,0
DA:1607,0
DA:1609,0
DA:1613,0
DA:1614,0
DA:1615,0
DA:1616,0
DA:1617,0
DA:1618,0
DA:1623,0
DA:1629,0
DA:1630,0
DA:1631,0
DA:1632,0
DA:1633,0
DA:1634,0
DA:1639,0
DA:1643,0
DA:1660,0
DA:1671,0
DA:1672,0
DA:1674,0
DA:1681,0
DA:1683,0
DA:1685,0
DA:1686,0
DA:1687,0
DA:1688,0
DA:1689,0
DA:1690,0
DA:1691,0
DA:1693,0
DA:1697,0
DA:1789,0
DA:1791,0
DA:1792,0
DA:1827,0
LF:170
LH:0
BRDA:103,0,0,0
BRDA:103,0,1,0
BRDA:105,1,0,0
BRDA:105,1,1,0
BRDA:122,2,0,0
BRDA:122,2,1,0
BRDA:123,3,0,0
BRDA:123,3,1,0
BRDA:126,4,0,0
BRDA:126,4,1,0
BRDA:126,5,0,0
BRDA:126,5,1,0
BRDA:126,6,0,0
BRDA:126,6,1,0
BRDA:151,7,0,0
BRDA:151,7,1,0
BRDA:153,8,0,0
BRDA:153,8,1,0
BRDA:1283,9,0,0
BRDA:1283,9,1,0
BRDA:1440,10,0,0
BRDA:1440,10,1,0
BRDA:1440,11,0,0
BRDA:1440,11,1,0
BRDA:1452,12,0,0
BRDA:1452,12,1,0
BRDA:1470,13,0,0
BRDA:1470,13,1,0
BRDA:1470,14,0,0
BRDA:1470,14,1,0
BRDA:1470,14,2,0
BRDA:1473,15,0,0
BRDA:1473,15,1,0
BRDA:1473,16,0,0
BRDA:1473,16,1,0
BRDA:1473,17,0,0
BRDA:1473,17,1,0
BRDA:1476,18,0,0
BRDA:1476,18,1,0
BRDA:1478,19,0,0
BRDA:1478,19,1,0
BRDA:1478,19,2,0
BRDA:1478,19,3,0
BRDA:1483,20,0,0
BRDA:1483,20,1,0
BRDA:1487,21,0,0
BRDA:1487,21,1,0
BRDA:1487,22,0,0
BRDA:1487,22,1,0
BRDA:1488,23,0,0
BRDA:1488,23,1,0
BRDA:1488,24,0,0
BRDA:1488,24,1,0
BRDA:1497,25,0,0
BRDA:1497,25,1,0
BRDA:1497,26,0,0
BRDA:1497,26,1,0
BRDA:1521,27,0,0
BRDA:1521,27,1,0
BRDA:1527,28,0,0
BRDA:1527,28,1,0
BRDA:1534,29,0,0
BRDA:1534,29,1,0
BRDA:1534,29,2,0
BRDA:1538,30,0,0
BRDA:1538,30,1,0
BRDA:1545,31,0,0
BRDA:1545,31,1,0
BRDA:1547,32,0,0
BRDA:1547,32,1,0
BRDA:1547,33,0,0
BRDA:1547,33,1,0
BRDA:1550,34,0,0
BRDA:1550,34,1,0
BRDA:1550,35,0,0
BRDA:1550,35,1,0
BRDA:1552,36,0,0
BRDA:1552,36,1,0
BRDA:1552,37,0,0
BRDA:1552,37,1,0
BRDA:1552,37,2,0
BRDA:1556,38,0,0
BRDA:1556,38,1,0
BRDA:1597,39,0,0
BRDA:1597,39,1,0
BRDA:1599,40,0,0
BRDA:1599,40,1,0
BRDA:1601,41,0,0
BRDA:1601,41,1,0
BRDA:1603,42,0,0
BRDA:1603,42,1,0
BRDA:1606,43,0,0
BRDA:1606,43,1,0
BRDA:1615,44,0,0
BRDA:1615,44,1,0
BRDA:1615,45,0,0
BRDA:1615,45,1,0
BRDA:1615,45,2,0
BRDA:1617,46,0,0
BRDA:1617,46,1,0
BRDA:1620,47,0,0
BRDA:1620,47,1,0
BRDA:1631,48,0,0
BRDA:1631,48,1,0
BRDA:1672,49,0,0
BRDA:1672,49,1,0
BRDA:1686,50,0,0
BRDA:1686,50,1,0
BRDA:1686,51,0,0
BRDA:1686,51,1,0
BRDA:1688,52,0,0
BRDA:1688,52,1,0
BRDA:1689,53,0,0
BRDA:1689,53,1,0
BRDA:1689,54,0,0
BRDA:1689,54,1,0
BRDA:1693,55,0,0
BRDA:1693,55,1,0
BRDA:1827,56,0,0
BRDA:1827,56,1,0
BRF:120
BRH:0
end_of_record
TN:
SF:node_modules/@codemirror/commands/dist/index.js
FN:10,(anonymous_1598)
FN:14,command
FN:15,(anonymous_1600)
FN:59,(anonymous_1601)
FN:60,getConfig
FN:69,findBlockComment
FN:98,selectedLineRanges
FN:115,changeBlockComment
FN:116,(anonymous_1606)
FN:117,(anonymous_1607)
FN:119,(anonymous_1608)
FN:120,(anonymous_1609)
FN:121,(anonymous_1610)
FN:127,(anonymous_1611)
FN:139,changeLineComment
FN:167,(anonymous_1613)
FN:175,(anonymous_1614)
FN:335,(anonymous_1615)
FN:358,(anonymous_1616)
FN:361,(anonymous_1617)
FN:367,(anonymous_1618)
FN:370,(anonymous_1619)
FN:376,(anonymous_1620)
FN:387,(anonymous_1621)
FN:391,updateBranch
FN:397,isAdjacent
FN:399,(anonymous_1624)
FN:400,(anonymous_1625)
FN:409,eqSelectionShape
FN:411,(anonymous_1627)
FN:413,conc
FN:418,addSelection
FN:432,popSelection
FN:441,addMappingToBranch
FN:460,mapEvent
FN:461,(anonymous_1633)
FN:471,(anonymous_1634)
FN:477,(anonymous_1635)
FN:480,(anonymous_1636)
FN:496,(anonymous_1637)
FN:505,(anonymous_1638)
FN:508,(anonymous_1639)
FN:557,updateSel
FN:560,setSel
FN:563,moveSel
FN:570,rangeEnd
FN:573,cursorByChar
FN:574,(anonymous_1645)
FN:576,ltrAtCursor
FN:583,(anonymous_1647)
FN:587,(anonymous_1648)
FN:617,cursorByGroup
FN:618,(anonymous_1650)
FN:624,(anonymous_1651)
FN:628,(anonymous_1652)
FN:724,interestingNode
FN:730,moveBySyntax
FN:754,(anonymous_1655)
FN:754,(anonymous_1656)
FN:758,(anonymous_1657)
FN:758,(anonymous_1658)
FN:759,cursorByLine
FN:760,(anonymous_1660)
FN:770,(anonymous_1661)
FN:774,(anonymous_1662)
FN:775,pageInfo
FN:794,cursorByPage
FN:796,(anonymous_1665)
FN:816,(anonymous_1666)
FN:820,(anonymous_1667)
FN:821,moveByLineBoundary
FN:836,(anonymous_1669)
FN:836,(anonymous_1670)
FN:843,(anonymous_1671)
FN:843,(anonymous_1672)
FN:847,(anonymous_1673)
FN:847,(anonymous_1674)
FN:851,(anonymous_1675)
FN:851,(anonymous_1676)
FN:855,(anonymous_1677)
FN:855,(anonymous_1678)
FN:859,(anonymous_1679)
FN:859,(anonymous_1680)
FN:860,toMatchingBracket
FN:861,(anonymous_1682)
FN:881,(anonymous_1683)
FN:887,extendSel
FN:888,(anonymous_1685)
FN:897,selectByChar
FN:898,(anonymous_1687)
FN:904,(anonymous_1688)
FN:908,(anonymous_1689)
FN:927,selectByGroup
FN:928,(anonymous_1691)
FN:934,(anonymous_1692)
FN:938,(anonymous_1693)
FN:968,(anonymous_1694)
FN:968,(anonymous_1695)
FN:972,(anonymous_1696)
FN:972,(anonymous_1697)
FN:973,selectByLine
FN:974,(anonymous_1699)
FN:979,(anonymous_1700)
FN:983,(anonymous_1701)
FN:984,selectByPage
FN:985,(anonymous_1703)
FN:990,(anonymous_1704)
FN:994,(anonymous_1705)
FN:998,(anonymous_1706)
FN:998,(anonymous_1707)
FN:1002,(anonymous_1708)
FN:1002,(anonymous_1709)
FN:1006,(anonymous_1710)
FN:1006,(anonymous_1711)
FN:1010,(anonymous_1712)
FN:1010,(anonymous_1713)
FN:1014,(anonymous_1714)
FN:1014,(anonymous_1715)
FN:1018,(anonymous_1716)
FN:1018,(anonymous_1717)
FN:1022,(anonymous_1718)
FN:1029,(anonymous_1719)
FN:1036,(anonymous_1720)
FN:1043,(anonymous_1721)
FN:1050,(anonymous_1722)
FN:1057,(anonymous_1723)
FN:1058,(anonymous_1724)
FN:1068,(anonymous_1725)
FN:1069,(anonymous_1726)
FN:1090,addCursorVertically
FN:1098,(anonymous_1728)
FN:1119,(anonymous_1729)
FN:1124,(anonymous_1730)
FN:1130,(anonymous_1731)
FN:1141,deleteBy
FN:1145,(anonymous_1733)
FN:1175,skipAtomic
FN:1177,(anonymous_1735)
FN:1178,(anonymous_1736)
FN:1184,(anonymous_1737)
FN:1184,(anonymous_1738)
FN:1208,(anonymous_1739)
FN:1218,(anonymous_1740)
FN:1219,(anonymous_1741)
FN:1219,(anonymous_1742)
FN:1244,(anonymous_1743)
FN:1248,(anonymous_1744)
FN:1260,(anonymous_1745)
FN:1260,(anonymous_1746)
FN:1277,(anonymous_1747)
FN:1277,(anonymous_1748)
FN:1285,(anonymous_1749)
FN:1285,(anonymous_1750)
FN:1321,(anonymous_1751)
FN:1324,(anonymous_1752)
FN:1334,(anonymous_1753)
FN:1337,(anonymous_1754)
FN:1351,selectedLineBlocks
FN:1369,moveLine
FN:1402,(anonymous_1757)
FN:1406,(anonymous_1758)
FN:1407,copyLine
FN:1423,(anonymous_1760)
FN:1427,(anonymous_1761)
FN:1431,(anonymous_1762)
FN:1434,(anonymous_1763)
FN:1441,(anonymous_1764)
FN:1474,isBetweenBrackets
FN:1498,newlineAndIndent
FN:1499,(anonymous_1767)
FN:1502,(anonymous_1768)
FN:1527,changeBySelectedLine
FN:1529,(anonymous_1770)
FN:1549,(anonymous_1771)
FN:1553,(anonymous_1772)
FN:1557,(anonymous_1773)
FN:1578,(anonymous_1774)
FN:1581,(anonymous_1775)
FN:1590,(anonymous_1776)
FN:1593,(anonymous_1777)
FN:1612,(anonymous_1778)
FN:1730,(anonymous_1779)
FNF:182
FNH:0
FNDA:0,(anonymous_1598)
FNDA:0,command
FNDA:0,(anonymous_1600)
FNDA:0,(anonymous_1601)
FNDA:0,getConfig
FNDA:0,findBlockComment
FNDA:0,selectedLineRanges
FNDA:0,changeBlockComment
FNDA:0,(anonymous_1606)
FNDA:0,(anonymous_1607)
FNDA:0,(anonymous_1608)
FNDA:0,(anonymous_1609)
FNDA:0,(anonymous_1610)
FNDA:0,(anonymous_1611)
FNDA:0,changeLineComment
FNDA:0,(anonymous_1613)
FNDA:0,(anonymous_1614)
FNDA:0,(anonymous_1615)
FNDA:0,(anonymous_1616)
FNDA:0,(anonymous_1617)
FNDA:0,(anonymous_1618)
FNDA:0,(anonymous_1619)
FNDA:0,(anonymous_1620)
FNDA:0,(anonymous_1621)
FNDA:0,updateBranch
FNDA:0,isAdjacent
FNDA:0,(anonymous_1624)
FNDA:0,(anonymous_1625)
FNDA:0,eqSelectionShape
FNDA:0,(anonymous_1627)
FNDA:0,conc
FNDA:0,addSelection
FNDA:0,popSelection
FNDA:0,addMappingToBranch
FNDA:0,mapEvent
FNDA:0,(anonymous_1633)
FNDA:0,(anonymous_1634)
FNDA:0,(anonymous_1635)
FNDA:0,(anonymous_1636)
FNDA:0,(anonymous_1637)
FNDA:0,(anonymous_1638)
FNDA:0,(anonymous_1639)
FNDA:0,updateSel
FNDA:0,setSel
FNDA:0,moveSel
FNDA:0,rangeEnd
FNDA:0,cursorByChar
FNDA:0,(anonymous_1645)
FNDA:0,ltrAtCursor
FNDA:0,(anonymous_1647)
FNDA:0,(anonymous_1648)
FNDA:0,cursorByGroup
FNDA:0,(anonymous_1650)
FNDA:0,(anonymous_1651)
FNDA:0,(anonymous_1652)
FNDA:0,interestingNode
FNDA:0,moveBySyntax
FNDA:0,(anonymous_1655)
FNDA:0,(anonymous_1656)
FNDA:0,(anonymous_1657)
FNDA:0,(anonymous_1658)
FNDA:0,cursorByLine
FNDA:0,(anonymous_1660)
FNDA:0,(anonymous_1661)
FNDA:0,(anonymous_1662)
FNDA:0,pageInfo
FNDA:0,cursorByPage
FNDA:0,(anonymous_1665)
FNDA:0,(anonymous_1666)
FNDA:0,(anonymous_1667)
FNDA:0,moveByLineBoundary
FNDA:0,(anonymous_1669)
FNDA:0,(anonymous_1670)
FNDA:0,(anonymous_1671)
FNDA:0,(anonymous_1672)
FNDA:0,(anonymous_1673)
FNDA:0,(anonymous_1674)
FNDA:0,(anonymous_1675)
FNDA:0,(anonymous_1676)
FNDA:0,(anonymous_1677)
FNDA:0,(anonymous_1678)
FNDA:0,(anonymous_1679)
FNDA:0,(anonymous_1680)
FNDA:0,toMatchingBracket
FNDA:0,(anonymous_1682)
FNDA:0,(anonymous_1683)
FNDA:0,extendSel
FNDA:0,(anonymous_1685)
FNDA:0,selectByChar
FNDA:0,(anonymous_1687)
FNDA:0,(anonymous_1688)
FNDA:0,(anonymous_1689)
FNDA:0,selectByGroup
FNDA:0,(anonymous_1691)
FNDA:0,(anonymous_1692)
FNDA:0,(anonymous_1693)
FNDA:0,(anonymous_1694)
FNDA:0,(anonymous_1695)
FNDA:0,(anonymous_1696)
FNDA:0,(anonymous_1697)
FNDA:0,selectByLine
FNDA:0,(anonymous_1699)
FNDA:0,(anonymous_1700)
FNDA:0,(anonymous_1701)
FNDA:0,selectByPage
FNDA:0,(anonymous_1703)
FNDA:0,(anonymous_1704)
FNDA:0,(anonymous_1705)
FNDA:0,(anonymous_1706)
FNDA:0,(anonymous_1707)
FNDA:0,(anonymous_1708)
FNDA:0,(anonymous_1709)
FNDA:0,(anonymous_1710)
FNDA:0,(anonymous_1711)
FNDA:0,(anonymous_1712)
FNDA:0,(anonymous_1713)
FNDA:0,(anonymous_1714)
FNDA:0,(anonymous_1715)
FNDA:0,(anonymous_1716)
FNDA:0,(anonymous_1717)
FNDA:0,(anonymous_1718)
FNDA:0,(anonymous_1719)
FNDA:0,(anonymous_1720)
FNDA:0,(anonymous_1721)
FNDA:0,(anonymous_1722)
FNDA:0,(anonymous_1723)
FNDA:0,(anonymous_1724)
FNDA:0,(anonymous_1725)
FNDA:0,(anonymous_1726)
FNDA:0,addCursorVertically
FNDA:0,(anonymous_1728)
FNDA:0,(anonymous_1729)
FNDA:0,(anonymous_1730)
FNDA:0,(anonymous_1731)
FNDA:0,deleteBy
FNDA:0,(anonymous_1733)
FNDA:0,skipAtomic
FNDA:0,(anonymous_1735)
FNDA:0,(anonymous_1736)
FNDA:0,(anonymous_1737)
FNDA:0,(anonymous_1738)
FNDA:0,(anonymous_1739)
FNDA:0,(anonymous_1740)
FNDA:0,(anonymous_1741)
FNDA:0,(anonymous_1742)
FNDA:0,(anonymous_1743)
FNDA:0,(anonymous_1744)
FNDA:0,(anonymous_1745)
FNDA:0,(anonymous_1746)
FNDA:0,(anonymous_1747)
FNDA:0,(anonymous_1748)
FNDA:0,(anonymous_1749)
FNDA:0,(anonymous_1750)
FNDA:0,(anonymous_1751)
FNDA:0,(anonymous_1752)
FNDA:0,(anonymous_1753)
FNDA:0,(anonymous_1754)
FNDA:0,selectedLineBlocks
FNDA:0,moveLine
FNDA:0,(anonymous_1757)
FNDA:0,(anonymous_1758)
FNDA:0,copyLine
FNDA:0,(anonymous_1760)
FNDA:0,(anonymous_1761)
FNDA:0,(anonymous_1762)
FNDA:0,(anonymous_1763)
FNDA:0,(anonymous_1764)
FNDA:0,isBetweenBrackets
FNDA:0,newlineAndIndent
FNDA:0,(anonymous_1767)
FNDA:0,(anonymous_1768)
FNDA:0,changeBySelectedLine
FNDA:0,(anonymous_1770)
FNDA:0,(anonymous_1771)
FNDA:0,(anonymous_1772)
FNDA:0,(anonymous_1773)
FNDA:0,(anonymous_1774)
FNDA:0,(anonymous_1775)
FNDA:0,(anonymous_1776)
FNDA:0,(anonymous_1777)
FNDA:0,(anonymous_1778)
FNDA:0,(anonymous_1779)
DA:10,0
DA:11,0
DA:12,0
DA:15,0
DA:16,0
DA:17,0
DA:18,0
DA:19,0
DA:20,0
DA:21,0
DA:22,0
DA:31,0
DA:46,0
DA:59,0
DA:61,0
DA:62,0
DA:64,0
DA:70,0
DA:71,0
DA:72,0
DA:73,0
DA:74,0
DA:76,0
DA:80,0
DA:81,0
DA:84,0
DA:85,0
DA:87,0
DA:88,0
DA:89,0
DA:91,0
DA:96,0
DA:99,0
DA:100,0
DA:101,0
DA:102,0
DA:103,0
DA:104,0
DA:105,0
DA:106,0
DA:107,0
DA:109,0
DA:111,0
DA:116,0
DA:117,0
DA:118,0
DA:119,0
DA:120,0
DA:121,0
DA:122,0
DA:123,0
DA:124,0
DA:126,0
DA:127,0
DA:128,0
DA:129,0
DA:130,0
DA:131,0
DA:132,0
DA:134,0
DA:136,0
DA:140,0
DA:141,0
DA:142,0
DA:143,0
DA:144,0
DA:145,0
DA:146,0
DA:147,0
DA:148,0
DA:149,0
DA:150,0
DA:151,0
DA:152,0
DA:153,0
DA:154,0
DA:155,0
DA:156,0
DA:158,0
DA:160,0
DA:161,0
DA:162,0
DA:163,0
DA:164,0
DA:165,0
DA:167,0
DA:168,0
DA:169,0
DA:170,0
DA:171,0
DA:172,0
DA:173,0
DA:174,0
DA:175,0
DA:176,0
DA:177,0
DA:178,0
DA:179,0
DA:180,0
DA:181,0
DA:182,0
DA:184,0
DA:186,0
DA:189,0
DA:205,0
DA:334,0
DA:352,0
DA:353,0
DA:354,0
DA:355,0
DA:356,0
DA:359,0
DA:363,0
DA:367,0
DA:371,0
DA:377,0
DA:378,0
DA:379,0
DA:380,0
DA:381,0
DA:383,0
DA:384,0
DA:385,0
DA:388,0
DA:392,0
DA:393,0
DA:394,0
DA:395,0
DA:398,0
DA:399,0
DA:400,0
DA:401,0
DA:402,0
DA:403,0
DA:404,0
DA:407,0
DA:410,0
DA:411,0
DA:414,0
DA:416,0
DA:417,0
DA:419,0
DA:420,0
DA:423,0
DA:424,0
DA:425,0
DA:426,0
DA:427,0
DA:428,0
DA:433,0
DA:434,0
DA:435,0
DA:436,0
DA:442,0
DA:443,0
DA:444,0
DA:445,0
DA:446,0
DA:447,0
DA:448,0
DA:449,0
DA:450,0
DA:453,0
DA:454,0
DA:455,0
DA:458,0
DA:461,0
DA:463,0
DA:464,0
DA:465,0
DA:466,0
DA:467,0
DA:469,0
DA:470,0
DA:472,0
DA:473,0
DA:474,0
DA:475,0
DA:478,0
DA:481,0
DA:482,0
DA:489,0
DA:492,0
DA:494,0
DA:497,0
DA:498,0
DA:502,0
DA:503,0
DA:506,0
DA:509,0
DA:510,0
DA:511,0
DA:512,0
DA:513,0
DA:514,0
DA:520,0
DA:522,0
DA:525,0
DA:526,0
DA:527,0
DA:528,0
DA:540,0
DA:558,0
DA:561,0
DA:564,0
DA:565,0
DA:566,0
DA:567,0
DA:568,0
DA:571,0
DA:574,0
DA:577,0
DA:583,0
DA:587,0
DA:618,0
DA:624,0
DA:628,0
DA:657,0
DA:725,0
DA:726,0
DA:727,0
DA:728,0
DA:731,0
DA:732,0
DA:735,0
DA:736,0
DA:737,0
DA:738,0
DA:739,0
DA:740,0
DA:742,0
DA:744,0
DA:745,0
DA:746,0
DA:748,0
DA:749,0
DA:754,0
DA:758,0
DA:760,0
DA:761,0
DA:762,0
DA:763,0
DA:764,0
DA:770,0
DA:774,0
DA:776,0
DA:777,0
DA:778,0
DA:779,0
DA:780,0
DA:781,0
DA:782,0
DA:783,0
DA:784,0
DA:786,0
DA:789,0
DA:791,0
DA:795,0
DA:796,0
DA:797,0
DA:800,0
DA:801,0
DA:803,0
DA:804,0
DA:805,0
DA:806,0
DA:807,0
DA:808,0
DA:810,0
DA:811,0
DA:816,0
DA:820,0
DA:822,0
DA:823,0
DA:824,0
DA:825,0
DA:826,0
DA:827,0
DA:828,0
DA:830,0
DA:836,0
DA:843,0
DA:847,0
DA:851,0
DA:855,0
DA:859,0
DA:861,0
DA:862,0
DA:866,0
DA:867,0
DA:868,0
DA:869,0
DA:870,0
DA:872,0
DA:873,0
DA:874,0
DA:875,0
DA:881,0
DA:888,0
DA:889,0
DA:890,0
DA:892,0
DA:893,0
DA:894,0
DA:895,0
DA:898,0
DA:904,0
DA:908,0
DA:928,0
DA:934,0
DA:938,0
DA:968,0
DA:972,0
DA:974,0
DA:979,0
DA:983,0
DA:985,0
DA:990,0
DA:994,0
DA:998,0
DA:1002,0
DA:1006,0
DA:1010,0
DA:1014,0
DA:1018,0
DA:1022,0
DA:1023,0
DA:1024,0
DA:1029,0
DA:1030,0
DA:1031,0
DA:1036,0
DA:1037,0
DA:1038,0
DA:1043,0
DA:1044,0
DA:1045,0
DA:1050,0
DA:1051,0
DA:1052,0
DA:1057,0
DA:1058,0
DA:1059,0
DA:1060,0
DA:1068,0
DA:1069,0
DA:1070,0
DA:1071,0
DA:1072,0
DA:1073,0
DA:1074,0
DA:1076,0
DA:1077,0
DA:1078,0
DA:1081,0
DA:1083,0
DA:1085,0
DA:1086,0
DA:1087,0
DA:1088,0
DA:1091,0
DA:1092,0
DA:1093,0
DA:1094,0
DA:1095,0
DA:1096,0
DA:1097,0
DA:1098,0
DA:1099,0
DA:1100,0
DA:1101,0
DA:1103,0
DA:1106,0
DA:1110,0
DA:1111,0
DA:1112,0
DA:1113,0
DA:1119,0
DA:1124,0
DA:1130,0
DA:1131,0
DA:1132,0
DA:1133,0
DA:1135,0
DA:1136,0
DA:1137,0
DA:1138,0
DA:1139,0
DA:1142,0
DA:1143,0
DA:1144,0
DA:1145,0
DA:1146,0
DA:1147,0
DA:1148,0
DA:1149,0
DA:1150,0
DA:1151,0
DA:1152,0
DA:1154,0
DA:1155,0
DA:1157,0
DA:1158,0
DA:1161,0
DA:1162,0
DA:1164,0
DA:1166,0
DA:1167,0
DA:1168,0
DA:1173,0
DA:1176,0
DA:1177,0
DA:1178,0
DA:1179,0
DA:1180,0
DA:1182,0
DA:1184,0
DA:1185,0
DA:1186,0
DA:1188,0
DA:1189,0
DA:1190,0
DA:1191,0
DA:1192,0
DA:1193,0
DA:1196,0
DA:1197,0
DA:1198,0
DA:1200,0
DA:1202,0
DA:1208,0
DA:1218,0
DA:1219,0
DA:1220,0
DA:1221,0
DA:1222,0
DA:1223,0
DA:1224,0
DA:1225,0
DA:1226,0
DA:1228,0
DA:1229,0
DA:1230,0
DA:1231,0
DA:1232,0
DA:1233,0
DA:1234,0
DA:1235,0
DA:1237,0
DA:1244,0
DA:1248,0
DA:1260,0
DA:1261,0
DA:1262,0
DA:1277,0
DA:1278,0
DA:1279,0
DA:1285,0
DA:1286,0
DA:1287,0
DA:1321,0
DA:1322,0
DA:1323,0
DA:1324,0
DA:1325,0
DA:1328,0
DA:1329,0
DA:1334,0
DA:1335,0
DA:1336,0
DA:1337,0
DA:1338,0
DA:1339,0
DA:1340,0
DA:1341,0
DA:1342,0
DA:1343,0
DA:1346,0
DA:1347,0
DA:1348,0
DA:1349,0
DA:1352,0
DA:1353,0
DA:1354,0
DA:1355,0
DA:1356,0
DA:1357,0
DA:1358,0
DA:1359,0
DA:1360,0
DA:1363,0
DA:1365,0
DA:1367,0
DA:1370,0
DA:1371,0
DA:1372,0
DA:1373,0
DA:1374,0
DA:1375,0
DA:1376,0
DA:1377,0
DA:1378,0
DA:1379,0
DA:1380,0
DA:1381,0
DA:1384,0
DA:1385,0
DA:1386,0
DA:1389,0
DA:1390,0
DA:1391,0
DA:1397,0
DA:1402,0
DA:1406,0
DA:1408,0
DA:1409,0
DA:1410,0
DA:1411,0
DA:1412,0
DA:1413,0
DA:1415,0
DA:1417,0
DA:1418,0
DA:1423,0
DA:1427,0
DA:1431,0
DA:1432,0
DA:1433,0
DA:1434,0
DA:1435,0
DA:1436,0
DA:1438,0
DA:1439,0
DA:1441,0
DA:1442,0
DA:1443,0
DA:1444,0
DA:1445,0
DA:1446,0
DA:1448,0
DA:1450,0
DA:1451,0
DA:1475,0
DA:1476,0
DA:1477,0
DA:1478,0
DA:1479,0
DA:1483,0
DA:1484,0
DA:1493,0
DA:1497,0
DA:1499,0
DA:1500,0
DA:1501,0
DA:1502,0
DA:1503,0
DA:1504,0
DA:1505,0
DA:1506,0
DA:1507,0
DA:1508,0
DA:1509,0
DA:1510,0
DA:1511,0
DA:1512,0
DA:1513,0
DA:1514,0
DA:1516,0
DA:1517,0
DA:1518,0
DA:1519,0
DA:1520,0
DA:1523,0
DA:1524,0
DA:1528,0
DA:1529,0
DA:1530,0
DA:1531,0
DA:1532,0
DA:1533,0
DA:1534,0
DA:1535,0
DA:1537,0
DA:1539,0
DA:1540,0
DA:1549,0
DA:1550,0
DA:1551,0
DA:1552,0
DA:1553,0
DA:1554,0
DA:1555,0
DA:1557,0
DA:1558,0
DA:1559,0
DA:1560,0
DA:1561,0
DA:1562,0
DA:1563,0
DA:1564,0
DA:1565,0
DA:1566,0
DA:1567,0
DA:1570,0
DA:1571,0
DA:1572,0
DA:1578,0
DA:1579,0
DA:1580,0
DA:1581,0
DA:1582,0
DA:1584,0
DA:1590,0
DA:1591,0
DA:1592,0
DA:1593,0
DA:1594,0
DA:1595,0
DA:1596,0
DA:1597,0
DA:1598,0
DA:1599,0
DA:1600,0
DA:1601,0
DA:1603,0
DA:1612,0
DA:1613,0
DA:1614,0
DA:1655,0
DA:1703,0
DA:1730,0
DA:1756,0
LF:632
LH:0
BRDA:12,0,0,0
BRDA:12,0,1,0
BRDA:12,1,0,0
BRDA:12,1,1,0
BRDA:16,2,0,0
BRDA:16,2,1,0
BRDA:19,3,0,0
BRDA:19,3,1,0
BRDA:62,4,0,0
BRDA:62,4,1,0
BRDA:74,5,0,0
BRDA:74,5,1,0
BRDA:74,6,0,0
BRDA:74,6,1,0
BRDA:76,7,0,0
BRDA:76,7,1,0
BRDA:77,8,0,0
BRDA:77,8,1,0
BRDA:80,9,0,0
BRDA:80,9,1,0
BRDA:89,10,0,0
BRDA:89,10,1,0
BRDA:89,11,0,0
BRDA:89,11,1,0
BRDA:92,12,0,0
BRDA:92,12,1,0
BRDA:94,13,0,0
BRDA:94,13,1,0
BRDA:102,14,0,0
BRDA:102,14,1,0
BRDA:103,15,0,0
BRDA:103,15,1,0
BRDA:103,16,0,0
BRDA:103,16,1,0
BRDA:104,17,0,0
BRDA:104,17,1,0
BRDA:106,18,0,0
BRDA:106,18,1,0
BRDA:106,19,0,0
BRDA:106,19,1,0
BRDA:115,20,0,0
BRDA:117,21,0,0
BRDA:117,21,1,0
BRDA:120,22,0,0
BRDA:120,22,1,0
BRDA:120,23,0,0
BRDA:120,23,1,0
BRDA:122,24,0,0
BRDA:122,24,1,0
BRDA:126,25,0,0
BRDA:126,25,1,0
BRDA:127,26,0,0
BRDA:127,26,1,0
BRDA:130,27,0,0
BRDA:130,27,1,0
BRDA:139,28,0,0
BRDA:145,29,0,0
BRDA:145,29,1,0
BRDA:149,30,0,0
BRDA:149,30,1,0
BRDA:149,31,0,0
BRDA:149,31,1,0
BRDA:149,31,2,0
BRDA:153,32,0,0
BRDA:153,32,1,0
BRDA:154,33,0,0
BRDA:154,33,1,0
BRDA:154,34,0,0
BRDA:154,34,1,0
BRDA:160,35,0,0
BRDA:160,35,1,0
BRDA:162,36,0,0
BRDA:162,36,1,0
BRDA:164,37,0,0
BRDA:164,37,1,0
BRDA:167,38,0,0
BRDA:167,38,1,0
BRDA:167,39,0,0
BRDA:167,39,1,0
BRDA:167,40,0,0
BRDA:167,40,1,0
BRDA:167,40,2,0
BRDA:170,41,0,0
BRDA:170,41,1,0
BRDA:170,42,0,0
BRDA:170,42,1,0
BRDA:174,43,0,0
BRDA:174,43,1,0
BRDA:175,44,0,0
BRDA:175,44,1,0
BRDA:178,45,0,0
BRDA:178,45,1,0
BRDA:180,46,0,0
BRDA:180,46,1,0
BRDA:364,47,0,0
BRDA:364,47,1,0
BRDA:364,48,0,0
BRDA:364,48,1,0
BRDA:365,49,0,0
BRDA:365,49,1,0
BRDA:365,50,0,0
BRDA:365,50,1,0
BRDA:366,51,0,0
BRDA:366,51,1,0
BRDA:366,52,0,0
BRDA:366,52,1,0
BRDA:371,53,0,0
BRDA:371,53,1,0
BRDA:371,54,0,0
BRDA:371,54,1,0
BRDA:371,55,0,0
BRDA:371,55,1,0
BRDA:380,56,0,0
BRDA:380,56,1,0
BRDA:383,57,0,0
BRDA:383,57,1,0
BRDA:383,58,0,0
BRDA:383,58,1,0
BRDA:385,59,0,0
BRDA:385,59,1,0
BRDA:392,60,0,0
BRDA:392,60,1,0
BRDA:403,61,0,0
BRDA:403,61,1,0
BRDA:403,62,0,0
BRDA:403,62,1,0
BRDA:410,63,0,0
BRDA:410,63,1,0
BRDA:414,64,0,0
BRDA:414,64,1,0
BRDA:414,65,0,0
BRDA:414,65,1,0
BRDA:419,66,0,0
BRDA:419,66,1,0
BRDA:425,67,0,0
BRDA:425,67,1,0
BRDA:425,68,0,0
BRDA:425,68,1,0
BRDA:442,69,0,0
BRDA:442,69,1,0
BRDA:447,70,0,0
BRDA:447,70,1,0
BRDA:447,71,0,0
BRDA:447,71,1,0
BRDA:447,71,2,0
BRDA:458,72,0,0
BRDA:458,72,1,0
BRDA:461,73,0,0
BRDA:461,73,1,0
BRDA:463,74,0,0
BRDA:463,74,1,0
BRDA:466,75,0,0
BRDA:466,75,1,0
BRDA:471,76,0,0
BRDA:471,77,0,0
BRDA:478,78,0,0
BRDA:478,78,1,0
BRDA:482,79,0,0
BRDA:482,79,1,0
BRDA:482,80,0,0
BRDA:482,80,1,0
BRDA:482,80,2,0
BRDA:482,80,3,0
BRDA:482,80,4,0
BRDA:482,80,5,0
BRDA:482,80,6,0
BRDA:482,80,7,0
BRDA:482,80,8,0
BRDA:482,80,9,0
BRDA:497,81,0,0
BRDA:497,81,1,0
BRDA:498,82,0,0
BRDA:498,82,1,0
BRDA:498,83,0,0
BRDA:498,83,1,0
BRDA:498,83,2,0
BRDA:498,83,3,0
BRDA:498,83,4,0
BRDA:498,83,5,0
BRDA:509,84,0,0
BRDA:509,84,1,0
BRDA:510,85,0,0
BRDA:510,85,1,0
BRDA:512,86,0,0
BRDA:512,86,1,0
BRDA:513,87,0,0
BRDA:513,87,1,0
BRDA:513,88,0,0
BRDA:513,88,1,0
BRDA:517,89,0,0
BRDA:517,89,1,0
BRDA:520,90,0,0
BRDA:520,90,1,0
BRDA:525,91,0,0
BRDA:525,91,1,0
BRDA:526,92,0,0
BRDA:526,92,1,0
BRDA:534,93,0,0
BRDA:534,93,1,0
BRDA:565,94,0,0
BRDA:565,94,1,0
BRDA:571,95,0,0
BRDA:571,95,1,0
BRDA:574,96,0,0
BRDA:574,96,1,0
BRDA:618,97,0,0
BRDA:618,97,1,0
BRDA:657,98,0,0
BRDA:657,98,1,0
BRDA:657,99,0,0
BRDA:657,99,1,0
BRDA:725,100,0,0
BRDA:725,100,1,0
BRDA:728,101,0,0
BRDA:728,101,1,0
BRDA:728,101,2,0
BRDA:728,101,3,0
BRDA:732,102,0,0
BRDA:732,102,1,0
BRDA:736,103,0,0
BRDA:736,103,1,0
BRDA:737,104,0,0
BRDA:737,104,1,0
BRDA:739,105,0,0
BRDA:739,105,1,0
BRDA:742,106,0,0
BRDA:742,106,1,0
BRDA:745,107,0,0
BRDA:745,107,1,0
BRDA:745,108,0,0
BRDA:745,108,1,0
BRDA:745,108,2,0
BRDA:745,109,0,0
BRDA:745,109,1,0
BRDA:746,110,0,0
BRDA:746,110,1,0
BRDA:748,111,0,0
BRDA:748,111,1,0
BRDA:749,112,0,0
BRDA:749,112,1,0
BRDA:761,113,0,0
BRDA:761,113,1,0
BRDA:764,114,0,0
BRDA:764,114,1,0
BRDA:778,115,0,0
BRDA:778,115,1,0
BRDA:781,116,0,0
BRDA:781,116,1,0
BRDA:781,117,0,0
BRDA:781,117,1,0
BRDA:781,118,0,0
BRDA:781,118,1,0
BRDA:782,119,0,0
BRDA:782,119,1,0
BRDA:782,120,0,0
BRDA:782,120,1,0
BRDA:783,121,0,0
BRDA:783,121,1,0
BRDA:783,122,0,0
BRDA:783,122,1,0
BRDA:783,123,0,0
BRDA:783,123,1,0
BRDA:784,124,0,0
BRDA:784,124,1,0
BRDA:784,125,0,0
BRDA:784,125,1,0
BRDA:789,126,0,0
BRDA:789,126,1,0
BRDA:797,127,0,0
BRDA:797,127,1,0
BRDA:800,128,0,0
BRDA:800,128,1,0
BRDA:803,129,0,0
BRDA:803,129,1,0
BRDA:807,130,0,0
BRDA:807,130,1,0
BRDA:807,131,0,0
BRDA:807,131,1,0
BRDA:807,131,2,0
BRDA:823,132,0,0
BRDA:823,132,1,0
BRDA:823,133,0,0
BRDA:823,133,1,0
BRDA:823,134,0,0
BRDA:823,134,1,0
BRDA:825,135,0,0
BRDA:825,135,1,0
BRDA:825,136,0,0
BRDA:825,136,1,0
BRDA:825,136,2,0
BRDA:827,137,0,0
BRDA:827,137,1,0
BRDA:827,138,0,0
BRDA:827,138,1,0
BRDA:862,139,0,0
BRDA:862,139,1,0
BRDA:862,139,2,0
BRDA:862,139,3,0
BRDA:862,139,4,0
BRDA:862,139,5,0
BRDA:866,140,0,0
BRDA:866,140,1,0
BRDA:866,141,0,0
BRDA:866,141,1,0
BRDA:869,142,0,0
BRDA:869,142,1,0
BRDA:870,143,0,0
BRDA:870,143,1,0
BRDA:872,144,0,0
BRDA:872,144,1,0
BRDA:890,145,0,0
BRDA:890,145,1,0
BRDA:892,146,0,0
BRDA:892,146,1,0
BRDA:1071,147,0,0
BRDA:1071,147,1,0
BRDA:1073,148,0,0
BRDA:1073,148,1,0
BRDA:1073,149,0,0
BRDA:1073,149,1,0
BRDA:1078,150,0,0
BRDA:1078,150,1,0
BRDA:1078,151,0,0
BRDA:1078,151,1,0
BRDA:1078,151,2,0
BRDA:1078,151,3,0
BRDA:1078,151,4,0
BRDA:1085,152,0,0
BRDA:1085,152,1,0
BRDA:1094,153,0,0
BRDA:1094,153,1,0
BRDA:1094,154,0,0
BRDA:1094,154,1,0
BRDA:1097,155,0,0
BRDA:1097,155,1,0
BRDA:1097,156,0,0
BRDA:1097,156,1,0
BRDA:1098,157,0,0
BRDA:1098,157,1,0
BRDA:1101,158,0,0
BRDA:1101,158,1,0
BRDA:1110,159,0,0
BRDA:1110,159,1,0
BRDA:1132,160,0,0
BRDA:1132,160,1,0
BRDA:1133,161,0,0
BRDA:1133,161,1,0
BRDA:1136,162,0,0
BRDA:1136,162,1,0
BRDA:1142,163,0,0
BRDA:1142,163,1,0
BRDA:1147,164,0,0
BRDA:1147,164,1,0
BRDA:1149,165,0,0
BRDA:1149,165,1,0
BRDA:1152,166,0,0
BRDA:1152,166,1,0
BRDA:1164,167,0,0
BRDA:1164,167,1,0
BRDA:1164,168,0,0
BRDA:1164,168,1,0
BRDA:1166,169,0,0
BRDA:1166,169,1,0
BRDA:1171,170,0,0
BRDA:1171,170,1,0
BRDA:1176,171,0,0
BRDA:1176,171,1,0
BRDA:1179,172,0,0
BRDA:1179,172,1,0
BRDA:1179,173,0,0
BRDA:1179,173,1,0
BRDA:1180,174,0,0
BRDA:1180,174,1,0
BRDA:1186,175,0,0
BRDA:1186,175,1,0
BRDA:1186,176,0,0
BRDA:1186,176,1,0
BRDA:1186,176,2,0
BRDA:1186,176,3,0
BRDA:1186,176,4,0
BRDA:1188,177,0,0
BRDA:1188,177,1,0
BRDA:1190,178,0,0
BRDA:1190,178,1,0
BRDA:1191,179,0,0
BRDA:1191,179,1,0
BRDA:1197,180,0,0
BRDA:1197,180,1,0
BRDA:1197,181,0,0
BRDA:1197,181,1,0
BRDA:1197,182,0,0
BRDA:1197,182,1,0
BRDA:1198,183,0,0
BRDA:1198,183,1,0
BRDA:1198,184,0,0
BRDA:1198,184,1,0
BRDA:1199,185,0,0
BRDA:1199,185,1,0
BRDA:1223,186,0,0
BRDA:1223,186,1,0
BRDA:1223,187,0,0
BRDA:1223,187,1,0
BRDA:1224,188,0,0
BRDA:1224,188,1,0
BRDA:1224,189,0,0
BRDA:1224,189,1,0
BRDA:1224,190,0,0
BRDA:1224,190,1,0
BRDA:1225,191,0,0
BRDA:1225,191,1,0
BRDA:1231,192,0,0
BRDA:1231,192,1,0
BRDA:1231,193,0,0
BRDA:1231,193,1,0
BRDA:1233,194,0,0
BRDA:1233,194,1,0
BRDA:1233,195,0,0
BRDA:1233,195,1,0
BRDA:1262,196,0,0
BRDA:1262,196,1,0
BRDA:1279,197,0,0
BRDA:1279,197,1,0
BRDA:1287,198,0,0
BRDA:1287,198,1,0
BRDA:1322,199,0,0
BRDA:1322,199,1,0
BRDA:1335,200,0,0
BRDA:1335,200,1,0
BRDA:1338,201,0,0
BRDA:1338,201,1,0
BRDA:1338,202,0,0
BRDA:1338,202,1,0
BRDA:1338,202,2,0
BRDA:1341,203,0,0
BRDA:1341,203,1,0
BRDA:1342,204,0,0
BRDA:1342,204,1,0
BRDA:1346,205,0,0
BRDA:1346,205,1,0
BRDA:1355,206,0,0
BRDA:1355,206,1,0
BRDA:1355,207,0,0
BRDA:1355,207,1,0
BRDA:1357,208,0,0
BRDA:1357,208,1,0
BRDA:1370,209,0,0
BRDA:1370,209,1,0
BRDA:1374,210,0,0
BRDA:1374,210,1,0
BRDA:1374,211,0,0
BRDA:1374,211,1,0
BRDA:1376,212,0,0
BRDA:1376,212,1,0
BRDA:1378,213,0,0
BRDA:1378,213,1,0
BRDA:1389,214,0,0
BRDA:1389,214,1,0
BRDA:1408,215,0,0
BRDA:1408,215,1,0
BRDA:1412,216,0,0
BRDA:1412,216,1,0
BRDA:1432,217,0,0
BRDA:1432,217,1,0
BRDA:1435,218,0,0
BRDA:1435,218,1,0
BRDA:1436,219,0,0
BRDA:1436,219,1,0
BRDA:1443,220,0,0
BRDA:1443,220,1,0
BRDA:1444,221,0,0
BRDA:1444,221,1,0
BRDA:1445,222,0,0
BRDA:1445,222,1,0
BRDA:1475,223,0,0
BRDA:1475,223,1,0
BRDA:1479,224,0,0
BRDA:1479,224,1,0
BRDA:1479,225,0,0
BRDA:1479,225,1,0
BRDA:1479,225,2,0
BRDA:1479,225,3,0
BRDA:1479,225,4,0
BRDA:1479,225,5,0
BRDA:1479,225,6,0
BRDA:1479,225,7,0
BRDA:1500,226,0,0
BRDA:1500,226,1,0
BRDA:1504,227,0,0
BRDA:1504,227,1,0
BRDA:1504,227,2,0
BRDA:1505,228,0,0
BRDA:1505,228,1,0
BRDA:1506,229,0,0
BRDA:1506,229,1,0
BRDA:1509,230,0,0
BRDA:1509,230,1,0
BRDA:1511,231,0,0
BRDA:1511,231,1,0
BRDA:1513,232,0,0
BRDA:1513,232,1,0
BRDA:1514,233,0,0
BRDA:1514,233,1,0
BRDA:1515,234,0,0
BRDA:1515,234,1,0
BRDA:1515,234,2,0
BRDA:1518,235,0,0
BRDA:1518,235,1,0
BRDA:1533,236,0,0
BRDA:1533,236,1,0
BRDA:1533,237,0,0
BRDA:1533,237,1,0
BRDA:1533,237,2,0
BRDA:1550,238,0,0
BRDA:1550,238,1,0
BRDA:1555,239,0,0
BRDA:1555,239,1,0
BRDA:1559,240,0,0
BRDA:1559,240,1,0
BRDA:1561,241,0,0
BRDA:1561,241,1,0
BRDA:1565,242,0,0
BRDA:1565,242,1,0
BRDA:1565,243,0,0
BRDA:1565,243,1,0
BRDA:1570,244,0,0
BRDA:1570,244,1,0
BRDA:1579,245,0,0
BRDA:1579,245,1,0
BRDA:1591,246,0,0
BRDA:1591,246,1,0
BRDA:1595,247,0,0
BRDA:1595,247,1,0
BRDA:1599,248,0,0
BRDA:1599,248,1,0
BRDA:1599,248,2,0
BRF:535
BRH:0
end_of_record
TN:
SF:node_modules/@codemirror/lang-css/dist/index.js
FN:6,properties
FN:13,(anonymous_1699)
FN:20,(anonymous_1700)
FN:37,(anonymous_1701)
FN:94,(anonymous_1702)
FN:121,(anonymous_1703)
FN:130,(anonymous_1704)
FN:135,(anonymous_1705)
FN:137,isVarArg
FN:150,astTop
FN:158,variableNames
FN:177,(anonymous_1709)
FN:196,(anonymous_1710)
FN:196,(anonymous_1711)
FN:232,(anonymous_1712)
FN:260,css
FNF:16
FNH:0
FNDA:0,properties
FNDA:0,(anonymous_1699)
FNDA:0,(anonymous_1700)
FNDA:0,(anonymous_1701)
FNDA:0,(anonymous_1702)
FNDA:0,(anonymous_1703)
FNDA:0,(anonymous_1704)
FNDA:0,(anonymous_1705)
FNDA:0,isVarArg
FNDA:0,astTop
FNDA:0,variableNames
FNDA:0,(anonymous_1709)
FNDA:0,(anonymous_1710)
FNDA:0,(anonymous_1711)
FNDA:0,(anonymous_1712)
FNDA:0,css
DA:5,0
DA:7,0
DA:8,0
DA:9,0
DA:10,0
DA:11,0
DA:12,0
DA:13,0
DA:14,0
DA:15,0
DA:16,0
DA:20,0
DA:22,0
DA:24,0
DA:37,0
DA:38,0
DA:94,0
DA:121,0
DA:122,0
DA:130,0
DA:131,0
DA:135,0
DA:136,0
DA:139,0
DA:140,0
DA:141,0
DA:142,0
DA:143,0
DA:144,0
DA:145,0
DA:146,0
DA:148,0
DA:149,0
DA:151,0
DA:152,0
DA:153,0
DA:154,0
DA:155,0
DA:159,0
DA:160,0
DA:161,0
DA:162,0
DA:163,0
DA:164,0
DA:165,0
DA:166,0
DA:167,0
DA:168,0
DA:169,0
DA:172,0
DA:173,0
DA:176,0
DA:177,0
DA:179,0
DA:180,0
DA:181,0
DA:182,0
DA:183,0
DA:187,0
DA:196,0
DA:197,0
DA:198,0
DA:199,0
DA:201,0
DA:202,0
DA:203,0
DA:204,0
DA:205,0
DA:206,0
DA:207,0
DA:210,0
DA:211,0
DA:212,0
DA:213,0
DA:214,0
DA:216,0
DA:217,0
DA:218,0
DA:219,0
DA:220,0
DA:221,0
DA:222,0
DA:223,0
DA:224,0
DA:225,0
DA:226,0
DA:227,0
DA:232,0
DA:239,0
DA:261,0
LF:90
LH:0
BRDA:7,0,0,0
BRDA:7,0,1,0
BRDA:7,1,0,0
BRDA:7,1,1,0
BRDA:7,1,2,0
BRDA:10,2,0,0
BRDA:10,2,1,0
BRDA:10,3,0,0
BRDA:10,3,1,0
BRDA:11,4,0,0
BRDA:11,4,1,0
BRDA:12,5,0,0
BRDA:12,5,1,0
BRDA:14,6,0,0
BRDA:14,6,1,0
BRDA:22,7,0,0
BRDA:22,7,1,0
BRDA:139,8,0,0
BRDA:139,8,1,0
BRDA:139,9,0,0
BRDA:139,9,1,0
BRDA:140,10,0,0
BRDA:140,10,1,0
BRDA:141,11,0,0
BRDA:141,11,1,0
BRDA:143,12,0,0
BRDA:143,12,1,0
BRDA:143,13,0,0
BRDA:143,13,1,0
BRDA:144,14,0,0
BRDA:144,14,1,0
BRDA:144,15,0,0
BRDA:144,15,1,0
BRDA:144,16,0,0
BRDA:144,16,1,0
BRDA:152,17,0,0
BRDA:152,17,1,0
BRDA:154,18,0,0
BRDA:154,18,1,0
BRDA:159,19,0,0
BRDA:159,19,1,0
BRDA:161,20,0,0
BRDA:161,20,1,0
BRDA:164,21,0,0
BRDA:164,21,1,0
BRDA:167,22,0,0
BRDA:167,22,1,0
BRDA:179,23,0,0
BRDA:179,23,1,0
BRDA:179,24,0,0
BRDA:179,24,1,0
BRDA:179,24,2,0
BRDA:179,25,0,0
BRDA:179,25,1,0
BRDA:179,26,0,0
BRDA:179,26,1,0
BRDA:181,27,0,0
BRDA:181,27,1,0
BRDA:198,28,0,0
BRDA:198,28,1,0
BRDA:198,28,2,0
BRDA:199,29,0,0
BRDA:199,29,1,0
BRDA:199,30,0,0
BRDA:199,30,1,0
BRDA:199,30,2,0
BRDA:199,30,3,0
BRDA:202,31,0,0
BRDA:202,31,1,0
BRDA:204,32,0,0
BRDA:204,32,1,0
BRDA:206,33,0,0
BRDA:206,33,1,0
BRDA:206,34,0,0
BRDA:206,34,1,0
BRDA:206,34,2,0
BRDA:206,34,3,0
BRDA:207,35,0,0
BRDA:207,35,1,0
BRDA:207,36,0,0
BRDA:207,36,1,0
BRDA:210,37,0,0
BRDA:210,37,1,0
BRDA:212,38,0,0
BRDA:212,38,1,0
BRDA:216,39,0,0
BRDA:216,39,1,0
BRDA:218,40,0,0
BRDA:218,40,1,0
BRDA:221,41,0,0
BRDA:221,41,1,0
BRDA:221,42,0,0
BRDA:221,42,1,0
BRDA:221,42,2,0
BRDA:223,43,0,0
BRDA:223,43,1,0
BRDA:223,44,0,0
BRDA:223,44,1,0
BRDA:223,44,2,0
BRDA:223,44,3,0
BRDA:225,45,0,0
BRDA:225,45,1,0
BRDA:225,46,0,0
BRDA:225,46,1,0
BRF:104
BRH:0
end_of_record
TN:
SF:node_modules/@codemirror/lang-html/dist/index.js
FN:347,(anonymous_1795)
FN:351,(anonymous_1796)
FN:359,elementName3
FN:366,findParentElement2
FN:376,allowedChildren
FN:380,openTags
FN:392,completeTag
FN:396,(anonymous_1802)
FN:396,(anonymous_1803)
FN:400,completeCloseTag
FN:403,(anonymous_1805)
FN:406,completeStartTag
FN:414,completeAttrName
FN:420,(anonymous_1808)
FN:423,completeAttrValue
FN:452,htmlCompletionFor
FN:495,htmlCompletionSourceWith
FN:498,(anonymous_1812)
FN:504,(anonymous_1813)
FN:507,(anonymous_1814)
FN:510,(anonymous_1815)
FN:513,(anonymous_1816)
FN:518,(anonymous_1817)
FN:523,(anonymous_1818)
FN:531,(anonymous_1819)
FN:537,(anonymous_1820)
FN:543,(anonymous_1821)
FN:546,(anonymous_1822)
FN:562,(anonymous_1823)
FN:570,(anonymous_1824)
FN:594,html
FN:616,(anonymous_1826)
FN:621,(anonymous_1827)
FNF:33
FNH:0
FNDA:0,(anonymous_1795)
FNDA:0,(anonymous_1796)
FNDA:0,elementName3
FNDA:0,findParentElement2
FNDA:0,allowedChildren
FNDA:0,openTags
FNDA:0,completeTag
FNDA:0,(anonymous_1802)
FNDA:0,(anonymous_1803)
FNDA:0,completeCloseTag
FNDA:0,(anonymous_1805)
FNDA:0,completeStartTag
FNDA:0,completeAttrName
FNDA:0,(anonymous_1808)
FNDA:0,completeAttrValue
FNDA:0,htmlCompletionFor
FNDA:0,htmlCompletionSourceWith
FNDA:0,(anonymous_1812)
FNDA:0,(anonymous_1813)
FNDA:0,(anonymous_1814)
FNDA:0,(anonymous_1815)
FNDA:0,(anonymous_1816)
FNDA:0,(anonymous_1817)
FNDA:0,(anonymous_1818)
FNDA:0,(anonymous_1819)
FNDA:0,(anonymous_1820)
FNDA:0,(anonymous_1821)
FNDA:0,(anonymous_1822)
FNDA:0,(anonymous_1823)
FNDA:0,(anonymous_1824)
FNDA:0,html
FNDA:0,(anonymous_1826)
FNDA:0,(anonymous_1827)
DA:8,0
DA:9,0
DA:10,0
DA:11,0
DA:12,0
DA:13,0
DA:14,0
DA:284,0
DA:345,0
DA:347,0
DA:348,0
DA:349,0
DA:350,0
DA:352,0
DA:353,0
DA:354,0
DA:355,0
DA:358,0
DA:360,0
DA:361,0
DA:362,0
DA:363,0
DA:364,0
DA:367,0
DA:368,0
DA:369,0
DA:370,0
DA:372,0
DA:374,0
DA:377,0
DA:378,0
DA:381,0
DA:382,0
DA:383,0
DA:384,0
DA:385,0
DA:386,0
DA:387,0
DA:389,0
DA:391,0
DA:393,0
DA:394,0
DA:395,0
DA:396,0
DA:401,0
DA:402,0
DA:403,0
DA:407,0
DA:408,0
DA:409,0
DA:410,0
DA:411,0
DA:412,0
DA:415,0
DA:416,0
DA:417,0
DA:419,0
DA:420,0
DA:425,0
DA:426,0
DA:427,0
DA:428,0
DA:429,0
DA:430,0
DA:431,0
DA:432,0
DA:434,0
DA:435,0
DA:436,0
DA:437,0
DA:438,0
DA:439,0
DA:440,0
DA:441,0
DA:444,0
DA:446,0
DA:447,0
DA:450,0
DA:453,0
DA:454,0
DA:455,0
DA:456,0
DA:457,0
DA:458,0
DA:459,0
DA:461,0
DA:462,0
DA:464,0
DA:466,0
DA:467,0
DA:469,0
DA:470,0
DA:472,0
DA:473,0
DA:475,0
DA:476,0
DA:478,0
DA:481,0
DA:496,0
DA:497,0
DA:498,0
DA:501,0
DA:502,0
DA:504,0
DA:507,0
DA:510,0
DA:514,0
DA:519,0
DA:524,0
DA:528,0
DA:531,0
DA:532,0
DA:538,0
DA:539,0
DA:540,0
DA:541,0
DA:544,0
DA:547,0
DA:548,0
DA:549,0
DA:550,0
DA:551,0
DA:552,0
DA:553,0
DA:554,0
DA:556,0
DA:557,0
DA:558,0
DA:563,0
DA:564,0
DA:565,0
DA:566,0
DA:570,0
DA:586,0
DA:595,0
DA:596,0
DA:597,0
DA:598,0
DA:599,0
DA:600,0
DA:602,0
DA:603,0
DA:604,0
DA:611,0
DA:616,0
DA:617,0
DA:619,0
DA:620,0
DA:621,0
DA:623,0
DA:624,0
DA:625,0
DA:626,0
DA:627,0
DA:630,0
DA:631,0
DA:632,0
DA:634,0
DA:636,0
DA:637,0
DA:639,0
DA:640,0
DA:641,0
DA:647,0
DA:649,0
DA:650,0
DA:651,0
DA:658,0
LF:168
LH:0
BRDA:359,0,0,0
BRDA:360,1,0,0
BRDA:360,1,1,0
BRDA:363,2,0,0
BRDA:363,2,1,0
BRDA:364,3,0,0
BRDA:364,3,1,0
BRDA:366,4,0,0
BRDA:368,5,0,0
BRDA:368,5,1,0
BRDA:369,6,0,0
BRDA:369,6,1,0
BRDA:378,7,0,0
BRDA:378,7,1,0
BRDA:378,8,0,0
BRDA:378,8,1,0
BRDA:378,9,0,0
BRDA:378,9,1,0
BRDA:382,10,0,0
BRDA:382,10,1,0
BRDA:384,11,0,0
BRDA:384,11,1,0
BRDA:384,12,0,0
BRDA:384,12,1,0
BRDA:386,13,0,0
BRDA:386,13,1,0
BRDA:386,14,0,0
BRDA:386,14,1,0
BRDA:386,14,2,0
BRDA:386,14,3,0
BRDA:393,15,0,0
BRDA:393,15,1,0
BRDA:394,16,0,0
BRDA:394,16,1,0
BRDA:401,17,0,0
BRDA:401,17,1,0
BRDA:415,18,0,0
BRDA:415,18,1,0
BRDA:416,19,0,0
BRDA:416,19,1,0
BRDA:416,20,0,0
BRDA:416,20,1,0
BRDA:417,21,0,0
BRDA:417,21,1,0
BRDA:417,22,0,0
BRDA:417,22,1,0
BRDA:418,23,0,0
BRDA:418,23,1,0
BRDA:425,24,0,0
BRDA:425,24,1,0
BRDA:425,25,0,0
BRDA:425,25,1,0
BRDA:427,26,0,0
BRDA:427,26,1,0
BRDA:430,27,0,0
BRDA:430,27,1,0
BRDA:431,28,0,0
BRDA:431,28,1,0
BRDA:432,29,0,0
BRDA:432,29,1,0
BRDA:432,30,0,0
BRDA:432,30,1,0
BRDA:432,31,0,0
BRDA:432,31,1,0
BRDA:434,32,0,0
BRDA:434,32,1,0
BRDA:436,33,0,0
BRDA:436,33,1,0
BRDA:437,34,0,0
BRDA:437,34,1,0
BRDA:439,35,0,0
BRDA:439,35,1,0
BRDA:454,36,0,0
BRDA:454,36,1,0
BRDA:456,37,0,0
BRDA:456,37,1,0
BRDA:456,38,0,0
BRDA:456,38,1,0
BRDA:456,38,2,0
BRDA:461,39,0,0
BRDA:461,39,1,0
BRDA:462,40,0,0
BRDA:462,40,1,0
BRDA:462,41,0,0
BRDA:462,41,1,0
BRDA:464,42,0,0
BRDA:464,42,1,0
BRDA:465,43,0,0
BRDA:465,43,1,0
BRDA:467,44,0,0
BRDA:467,44,1,0
BRDA:468,45,0,0
BRDA:468,45,1,0
BRDA:470,46,0,0
BRDA:470,46,1,0
BRDA:471,47,0,0
BRDA:471,47,1,0
BRDA:471,47,2,0
BRDA:472,48,0,0
BRDA:472,48,1,0
BRDA:473,49,0,0
BRDA:473,49,1,0
BRDA:474,50,0,0
BRDA:474,50,1,0
BRDA:474,50,2,0
BRDA:475,51,0,0
BRDA:475,51,1,0
BRDA:476,52,0,0
BRDA:476,52,1,0
BRDA:477,53,0,0
BRDA:477,53,1,0
BRDA:477,53,2,0
BRDA:477,53,3,0
BRDA:497,54,0,0
BRDA:497,54,1,0
BRDA:497,55,0,0
BRDA:497,55,1,0
BRDA:504,56,0,0
BRDA:504,56,1,0
BRDA:507,57,0,0
BRDA:507,57,1,0
BRDA:519,58,0,0
BRDA:519,58,1,0
BRDA:524,59,0,0
BRDA:524,59,1,0
BRDA:524,59,2,0
BRDA:524,59,3,0
BRDA:539,60,0,0
BRDA:539,60,1,0
BRDA:541,61,0,0
BRDA:541,61,1,0
BRDA:547,62,0,0
BRDA:547,62,1,0
BRDA:552,63,0,0
BRDA:552,63,1,0
BRDA:552,64,0,0
BRDA:552,64,1,0
BRDA:552,64,2,0
BRDA:556,65,0,0
BRDA:556,65,1,0
BRDA:556,66,0,0
BRDA:556,66,1,0
BRDA:556,67,0,0
BRDA:556,67,1,0
BRDA:556,67,2,0
BRDA:564,68,0,0
BRDA:564,68,1,0
BRDA:564,69,0,0
BRDA:564,69,1,0
BRDA:566,70,0,0
BRDA:566,70,1,0
BRDA:594,71,0,0
BRDA:596,72,0,0
BRDA:596,72,1,0
BRDA:598,73,0,0
BRDA:598,73,1,0
BRDA:599,74,0,0
BRDA:599,74,1,0
BRDA:600,75,0,0
BRDA:600,75,1,0
BRDA:600,76,0,0
BRDA:600,76,1,0
BRDA:600,76,2,0
BRDA:600,76,3,0
BRDA:602,77,0,0
BRDA:602,77,1,0
BRDA:602,78,0,0
BRDA:602,78,1,0
BRDA:603,79,0,0
BRDA:603,79,1,0
BRDA:603,80,0,0
BRDA:603,80,1,0
BRDA:606,81,0,0
BRDA:606,81,1,0
BRDA:617,82,0,0
BRDA:617,82,1,0
BRDA:617,83,0,0
BRDA:617,83,1,0
BRDA:617,83,2,0
BRDA:617,83,3,0
BRDA:617,83,4,0
BRDA:617,83,5,0
BRDA:625,84,0,0
BRDA:625,84,1,0
BRDA:625,85,0,0
BRDA:625,85,1,0
BRDA:625,85,2,0
BRDA:627,86,0,0
BRDA:627,86,1,0
BRDA:627,87,0,0
BRDA:627,87,1,0
BRDA:627,87,2,0
BRDA:627,88,0,0
BRDA:627,88,1,0
BRDA:627,89,0,0
BRDA:627,89,1,0
BRDA:627,90,0,0
BRDA:627,90,1,0
BRDA:627,91,0,0
BRDA:627,91,1,0
BRDA:630,92,0,0
BRDA:630,92,1,0
BRDA:634,93,0,0
BRDA:634,93,1,0
BRDA:635,94,0,0
BRDA:635,94,1,0
BRDA:635,94,2,0
BRDA:637,95,0,0
BRDA:637,95,1,0
BRDA:637,96,0,0
BRDA:637,96,1,0
BRDA:637,96,2,0
BRDA:637,96,3,0
BRDA:637,97,0,0
BRDA:637,97,1,0
BRDA:637,98,0,0
BRDA:637,98,1,0
BRDA:639,99,0,0
BRDA:639,99,1,0
BRDA:649,100,0,0
BRDA:649,100,1,0
BRF:221
BRH:0
end_of_record
TN:
SF:node_modules/@codemirror/lang-javascript/dist/index.js
FN:97,defID
FN:98,(anonymous_1771)
FN:109,(anonymous_1772)
FN:113,(anonymous_1773)
FN:115,(anonymous_1774)
FN:118,getScope
FN:123,def
FN:127,(anonymous_1777)
FN:160,localCompletionSource
FN:298,(anonymous_1779)
FN:303,(anonymous_1780)
FN:304,(anonymous_1781)
FN:306,(anonymous_1782)
FN:310,(anonymous_1783)
FN:314,(anonymous_1784)
FN:320,(anonymous_1785)
FN:332,(anonymous_1786)
FN:344,(anonymous_1787)
FN:351,(anonymous_1788)
FN:353,(anonymous_1789)
FN:360,javascript
FN:374,findOpenTag
FN:383,elementName2
FN:396,(anonymous_1793)
FN:402,(anonymous_1794)
FNF:25
FNH:0
FNDA:0,defID
FNDA:0,(anonymous_1771)
FNDA:0,(anonymous_1772)
FNDA:0,(anonymous_1773)
FNDA:0,(anonymous_1774)
FNDA:0,getScope
FNDA:0,def
FNDA:0,(anonymous_1777)
FNDA:0,localCompletionSource
FNDA:0,(anonymous_1779)
FNDA:0,(anonymous_1780)
FNDA:0,(anonymous_1781)
FNDA:0,(anonymous_1782)
FNDA:0,(anonymous_1783)
FNDA:0,(anonymous_1784)
FNDA:0,(anonymous_1785)
FNDA:0,(anonymous_1786)
FNDA:0,(anonymous_1787)
FNDA:0,(anonymous_1788)
FNDA:0,(anonymous_1789)
FNDA:0,javascript
FNDA:0,findOpenTag
FNDA:0,elementName2
FNDA:0,(anonymous_1793)
FNDA:0,(anonymous_1794)
DA:12,0
DA:73,0
DA:91,0
DA:92,0
DA:98,0
DA:99,0
DA:100,0
DA:101,0
DA:102,0
DA:105,0
DA:106,0
DA:109,0
DA:113,0
DA:114,0
DA:115,0
DA:119,0
DA:120,0
DA:121,0
DA:122,0
DA:124,0
DA:125,0
DA:127,0
DA:128,0
DA:129,0
DA:130,0
DA:132,0
DA:133,0
DA:134,0
DA:135,0
DA:138,0
DA:139,0
DA:140,0
DA:143,0
DA:144,0
DA:146,0
DA:147,0
DA:161,0
DA:162,0
DA:163,0
DA:164,0
DA:166,0
DA:167,0
DA:168,0
DA:169,0
DA:170,0
DA:171,0
DA:173,0
DA:290,0
DA:299,0
DA:300,0
DA:303,0
DA:304,0
DA:307,0
DA:308,0
DA:311,0
DA:312,0
DA:315,0
DA:320,0
DA:331,0
DA:332,0
DA:338,0
DA:342,0
DA:344,0
DA:349,0
DA:351,0
DA:353,0
DA:354,0
DA:355,0
DA:361,0
DA:363,0
DA:364,0
DA:375,0
DA:376,0
DA:377,0
DA:378,0
DA:379,0
DA:380,0
DA:384,0
DA:385,0
DA:387,0
DA:389,0
DA:391,0
DA:396,0
DA:397,0
DA:400,0
DA:401,0
DA:402,0
DA:404,0
DA:405,0
DA:406,0
DA:407,0
DA:409,0
DA:410,0
DA:412,0
DA:413,0
DA:415,0
DA:416,0
DA:418,0
DA:420,0
DA:421,0
DA:424,0
DA:426,0
DA:428,0
DA:429,0
DA:430,0
DA:434,0
LF:106
LH:0
BRDA:100,0,0,0
BRDA:100,0,1,0
BRDA:113,1,0,0
BRDA:113,1,1,0
BRDA:120,2,0,0
BRDA:120,2,1,0
BRDA:128,3,0,0
BRDA:128,3,1,0
BRDA:130,4,0,0
BRDA:130,4,1,0
BRDA:133,5,0,0
BRDA:133,5,1,0
BRDA:133,6,0,0
BRDA:133,6,1,0
BRDA:133,6,2,0
BRDA:135,7,0,0
BRDA:135,7,1,0
BRDA:162,8,0,0
BRDA:162,8,1,0
BRDA:164,9,0,0
BRDA:164,9,1,0
BRDA:164,9,2,0
BRDA:166,10,0,0
BRDA:166,10,1,0
BRDA:166,11,0,0
BRDA:166,11,1,0
BRDA:170,12,0,0
BRDA:170,12,1,0
BRDA:175,13,0,0
BRDA:175,13,1,0
BRDA:300,14,0,0
BRDA:300,14,1,0
BRDA:300,15,0,0
BRDA:300,15,1,0
BRDA:308,16,0,0
BRDA:308,16,1,0
BRDA:312,17,0,0
BRDA:312,17,1,0
BRDA:344,18,0,0
BRDA:344,18,1,0
BRDA:351,19,0,0
BRDA:351,19,1,0
BRDA:360,20,0,0
BRDA:361,21,0,0
BRDA:361,21,1,0
BRDA:361,22,0,0
BRDA:361,22,1,0
BRDA:362,23,0,0
BRDA:362,23,1,0
BRDA:363,24,0,0
BRDA:363,24,1,0
BRDA:371,25,0,0
BRDA:371,25,1,0
BRDA:376,26,0,0
BRDA:376,26,1,0
BRDA:376,27,0,0
BRDA:376,27,1,0
BRDA:376,27,2,0
BRDA:378,28,0,0
BRDA:378,28,1,0
BRDA:378,29,0,0
BRDA:378,29,1,0
BRDA:383,30,0,0
BRDA:384,31,0,0
BRDA:384,31,1,0
BRDA:384,32,0,0
BRDA:384,32,1,0
BRDA:385,33,0,0
BRDA:385,33,1,0
BRDA:385,34,0,0
BRDA:385,34,1,0
BRDA:385,34,2,0
BRDA:385,34,3,0
BRDA:391,35,0,0
BRDA:391,35,1,0
BRDA:397,36,0,0
BRDA:397,36,1,0
BRDA:397,37,0,0
BRDA:397,37,1,0
BRDA:397,37,2,0
BRDA:397,37,3,0
BRDA:397,37,4,0
BRDA:397,37,5,0
BRDA:397,38,0,0
BRDA:397,38,1,0
BRDA:405,39,0,0
BRDA:405,39,1,0
BRDA:407,40,0,0
BRDA:407,40,1,0
BRDA:407,41,0,0
BRDA:407,41,1,0
BRDA:407,41,2,0
BRDA:407,42,0,0
BRDA:407,42,1,0
BRDA:408,43,0,0
BRDA:408,43,1,0
BRDA:410,44,0,0
BRDA:410,44,1,0
BRDA:411,45,0,0
BRDA:411,45,1,0
BRDA:413,46,0,0
BRDA:413,46,1,0
BRDA:413,47,0,0
BRDA:413,47,1,0
BRDA:413,47,2,0
BRDA:413,47,3,0
BRDA:414,48,0,0
BRDA:414,48,1,0
BRDA:414,49,0,0
BRDA:414,49,1,0
BRDA:418,50,0,0
BRDA:418,50,1,0
BRDA:421,51,0,0
BRDA:421,51,1,0
BRDA:421,52,0,0
BRDA:421,52,1,0
BRDA:421,52,2,0
BRDA:421,52,3,0
BRDA:428,53,0,0
BRDA:428,53,1,0
BRF:120
BRH:0
end_of_record
TN:
SF:node_modules/@codemirror/lang-json/dist/index.js
FN:60,json
FNF:1
FNH:0
FNDA:0,json
DA:39,0
DA:61,0
LF:2
LH:0
BRF:0
BRH:0
end_of_record
TN:
SF:node_modules/@codemirror/lang-xml/dist/index.js
FN:6,tagName
FN:10,elementName$1
FN:14,attrName
FN:15,(anonymous_1648)
FN:19,findParentElement
FN:25,findLocation
FN:62,(anonymous_1651)
FN:71,(anonymous_1652)
FN:75,attrCompletion
FN:78,valueCompletion
FN:86,completeFromSchema
FN:102,(anonymous_1656)
FN:104,(anonymous_1657)
FN:131,(anonymous_1658)
FN:146,(anonymous_1659)
FN:187,(anonymous_1660)
FN:215,(anonymous_1661)
FN:219,(anonymous_1662)
FN:224,(anonymous_1663)
FN:232,(anonymous_1664)
FN:245,xml
FN:253,elementName
FN:264,(anonymous_1667)
FN:269,(anonymous_1668)
FNF:24
FNH:0
FNDA:0,tagName
FNDA:0,elementName$1
FNDA:0,attrName
FNDA:0,(anonymous_1648)
FNDA:0,findParentElement
FNDA:0,findLocation
FNDA:0,(anonymous_1651)
FNDA:0,(anonymous_1652)
FNDA:0,attrCompletion
FNDA:0,valueCompletion
FNDA:0,completeFromSchema
FNDA:0,(anonymous_1656)
FNDA:0,(anonymous_1657)
FNDA:0,(anonymous_1658)
FNDA:0,(anonymous_1659)
FNDA:0,(anonymous_1660)
FNDA:0,(anonymous_1661)
FNDA:0,(anonymous_1662)
FNDA:0,(anonymous_1663)
FNDA:0,(anonymous_1664)
FNDA:0,xml
FNDA:0,elementName
FNDA:0,(anonymous_1667)
FNDA:0,(anonymous_1668)
DA:7,0
DA:8,0
DA:11,0
DA:12,0
DA:15,0
DA:16,0
DA:17,0
DA:20,0
DA:21,0
DA:22,0
DA:23,0
DA:27,0
DA:28,0
DA:29,0
DA:30,0
DA:31,0
DA:32,0
DA:33,0
DA:34,0
DA:37,0
DA:38,0
DA:39,0
DA:40,0
DA:41,0
DA:42,0
DA:43,0
DA:44,0
DA:45,0
DA:46,0
DA:47,0
DA:48,0
DA:49,0
DA:50,0
DA:51,0
DA:53,0
DA:55,0
DA:56,0
DA:57,0
DA:58,0
DA:59,0
DA:61,0
DA:63,0
DA:64,0
DA:65,0
DA:66,0
DA:67,0
DA:68,0
DA:69,0
DA:70,0
DA:71,0
DA:74,0
DA:76,0
DA:79,0
DA:87,0
DA:88,0
DA:89,0
DA:90,0
DA:91,0
DA:92,0
DA:93,0
DA:94,0
DA:95,0
DA:97,0
DA:98,0
DA:99,0
DA:100,0
DA:101,0
DA:102,0
DA:103,0
DA:104,0
DA:105,0
DA:106,0
DA:107,0
DA:108,0
DA:110,0
DA:112,0
DA:113,0
DA:114,0
DA:115,0
DA:116,0
DA:118,0
DA:119,0
DA:120,0
DA:121,0
DA:122,0
DA:123,0
DA:124,0
DA:125,0
DA:128,0
DA:131,0
DA:133,0
DA:134,0
DA:135,0
DA:136,0
DA:137,0
DA:138,0
DA:139,0
DA:140,0
DA:141,0
DA:142,0
DA:144,0
DA:146,0
DA:149,0
DA:151,0
DA:152,0
DA:158,0
DA:160,0
DA:161,0
DA:166,0
DA:168,0
DA:169,0
DA:170,0
DA:171,0
DA:172,0
DA:173,0
DA:174,0
DA:175,0
DA:181,0
DA:183,0
DA:184,0
DA:185,0
DA:186,0
DA:187,0
DA:188,0
DA:189,0
DA:190,0
DA:191,0
DA:193,0
DA:200,0
DA:210,0
DA:216,0
DA:217,0
DA:220,0
DA:225,0
DA:226,0
DA:227,0
DA:228,0
DA:232,0
DA:246,0
DA:249,0
DA:250,0
DA:251,0
DA:254,0
DA:255,0
DA:256,0
DA:257,0
DA:258,0
DA:264,0
DA:265,0
DA:267,0
DA:268,0
DA:269,0
DA:271,0
DA:272,0
DA:273,0
DA:274,0
DA:275,0
DA:276,0
DA:278,0
DA:279,0
DA:280,0
DA:282,0
DA:284,0
DA:285,0
DA:287,0
DA:288,0
DA:289,0
DA:295,0
DA:297,0
DA:298,0
DA:299,0
DA:306,0
LF:172
LH:0
BRDA:7,0,0,0
BRDA:7,0,1,0
BRDA:8,1,0,0
BRDA:8,1,1,0
BRDA:11,2,0,0
BRDA:11,2,1,0
BRDA:12,3,0,0
BRDA:12,3,1,0
BRDA:12,4,0,0
BRDA:12,4,1,0
BRDA:15,5,0,0
BRDA:15,5,1,0
BRDA:15,6,0,0
BRDA:15,6,1,0
BRDA:16,7,0,0
BRDA:16,7,1,0
BRDA:17,8,0,0
BRDA:17,8,1,0
BRDA:20,9,0,0
BRDA:20,9,1,0
BRDA:21,10,0,0
BRDA:21,10,1,0
BRDA:28,11,0,0
BRDA:28,11,1,0
BRDA:29,12,0,0
BRDA:29,12,1,0
BRDA:29,13,0,0
BRDA:29,13,1,0
BRDA:29,13,2,0
BRDA:29,13,3,0
BRDA:31,14,0,0
BRDA:31,14,1,0
BRDA:31,15,0,0
BRDA:31,15,1,0
BRDA:31,15,2,0
BRDA:33,16,0,0
BRDA:33,16,1,0
BRDA:34,17,0,0
BRDA:34,17,1,0
BRDA:34,18,0,0
BRDA:34,18,1,0
BRDA:37,19,0,0
BRDA:37,19,1,0
BRDA:39,20,0,0
BRDA:39,20,1,0
BRDA:41,21,0,0
BRDA:41,21,1,0
BRDA:41,22,0,0
BRDA:41,22,1,0
BRDA:42,23,0,0
BRDA:42,23,1,0
BRDA:42,24,0,0
BRDA:42,24,1,0
BRDA:42,25,0,0
BRDA:42,25,1,0
BRDA:44,26,0,0
BRDA:44,26,1,0
BRDA:44,27,0,0
BRDA:44,27,1,0
BRDA:44,28,0,0
BRDA:44,28,1,0
BRDA:44,29,0,0
BRDA:44,29,1,0
BRDA:46,30,0,0
BRDA:46,30,1,0
BRDA:46,31,0,0
BRDA:46,31,1,0
BRDA:46,32,0,0
BRDA:46,32,1,0
BRDA:48,33,0,0
BRDA:48,33,1,0
BRDA:51,34,0,0
BRDA:51,34,1,0
BRDA:55,35,0,0
BRDA:55,35,1,0
BRDA:55,35,2,0
BRDA:55,36,0,0
BRDA:55,36,1,0
BRDA:55,37,0,0
BRDA:55,37,1,0
BRDA:57,38,0,0
BRDA:57,38,1,0
BRDA:57,39,0,0
BRDA:57,39,1,0
BRDA:57,39,2,0
BRDA:58,40,0,0
BRDA:58,40,1,0
BRDA:67,41,0,0
BRDA:67,41,1,0
BRDA:71,42,0,0
BRDA:71,42,1,0
BRDA:76,43,0,0
BRDA:76,43,1,0
BRDA:79,44,0,0
BRDA:79,44,1,0
BRDA:80,45,0,0
BRDA:80,45,1,0
BRDA:92,46,0,0
BRDA:92,46,1,0
BRDA:94,47,0,0
BRDA:94,47,1,0
BRDA:101,48,0,0
BRDA:101,48,1,0
BRDA:103,49,0,0
BRDA:103,49,1,0
BRDA:104,50,0,0
BRDA:104,50,1,0
BRDA:105,51,0,0
BRDA:105,51,1,0
BRDA:106,52,0,0
BRDA:106,52,1,0
BRDA:115,53,0,0
BRDA:115,53,1,0
BRDA:118,54,0,0
BRDA:118,54,1,0
BRDA:122,55,0,0
BRDA:122,55,1,0
BRDA:124,56,0,0
BRDA:124,56,1,0
BRDA:134,57,0,0
BRDA:134,57,1,0
BRDA:134,58,0,0
BRDA:134,58,1,0
BRDA:134,58,2,0
BRDA:137,59,0,0
BRDA:137,59,1,0
BRDA:140,60,0,0
BRDA:140,60,1,0
BRDA:142,61,0,0
BRDA:142,61,1,0
BRDA:142,62,0,0
BRDA:142,62,1,0
BRDA:142,63,0,0
BRDA:142,63,1,0
BRDA:149,64,0,0
BRDA:149,64,1,0
BRDA:152,65,0,0
BRDA:152,65,1,0
BRDA:154,66,0,0
BRDA:154,66,1,0
BRDA:155,67,0,0
BRDA:155,67,1,0
BRDA:155,68,0,0
BRDA:155,68,1,0
BRDA:155,69,0,0
BRDA:155,69,1,0
BRDA:158,70,0,0
BRDA:158,70,1,0
BRDA:163,71,0,0
BRDA:163,71,1,0
BRDA:163,72,0,0
BRDA:163,72,1,0
BRDA:163,73,0,0
BRDA:163,73,1,0
BRDA:166,74,0,0
BRDA:166,74,1,0
BRDA:169,75,0,0
BRDA:169,75,1,0
BRDA:172,76,0,0
BRDA:172,76,1,0
BRDA:172,77,0,0
BRDA:172,77,1,0
BRDA:172,78,0,0
BRDA:172,78,1,0
BRDA:173,79,0,0
BRDA:173,79,1,0
BRDA:173,80,0,0
BRDA:173,80,1,0
BRDA:177,81,0,0
BRDA:177,81,1,0
BRDA:181,82,0,0
BRDA:181,82,1,0
BRDA:184,83,0,0
BRDA:184,83,1,0
BRDA:185,84,0,0
BRDA:185,84,1,0
BRDA:185,85,0,0
BRDA:185,85,1,0
BRDA:185,85,2,0
BRDA:185,85,3,0
BRDA:186,86,0,0
BRDA:186,86,1,0
BRDA:187,87,0,0
BRDA:187,87,1,0
BRDA:187,88,0,0
BRDA:187,88,1,0
BRDA:187,89,0,0
BRDA:187,89,1,0
BRDA:187,90,0,0
BRDA:187,90,1,0
BRDA:188,91,0,0
BRDA:188,91,1,0
BRDA:188,92,0,0
BRDA:188,92,1,0
BRDA:188,93,0,0
BRDA:188,93,1,0
BRDA:188,94,0,0
BRDA:188,94,1,0
BRDA:190,95,0,0
BRDA:190,95,1,0
BRDA:190,96,0,0
BRDA:190,96,1,0
BRDA:217,97,0,0
BRDA:217,97,1,0
BRDA:226,98,0,0
BRDA:226,98,1,0
BRDA:226,99,0,0
BRDA:226,99,1,0
BRDA:228,100,0,0
BRDA:228,100,1,0
BRDA:245,101,0,0
BRDA:247,102,0,0
BRDA:247,102,1,0
BRDA:247,103,0,0
BRDA:247,103,1,0
BRDA:249,104,0,0
BRDA:249,104,1,0
BRDA:253,105,0,0
BRDA:254,106,0,0
BRDA:254,106,1,0
BRDA:257,107,0,0
BRDA:257,107,1,0
BRDA:258,108,0,0
BRDA:258,108,1,0
BRDA:265,109,0,0
BRDA:265,109,1,0
BRDA:265,110,0,0
BRDA:265,110,1,0
BRDA:265,110,2,0
BRDA:265,110,3,0
BRDA:265,110,4,0
BRDA:265,110,5,0
BRDA:274,111,0,0
BRDA:274,111,1,0
BRDA:274,112,0,0
BRDA:274,112,1,0
BRDA:274,112,2,0
BRDA:276,113,0,0
BRDA:276,113,1,0
BRDA:276,114,0,0
BRDA:276,114,1,0
BRDA:276,115,0,0
BRDA:276,115,1,0
BRDA:276,116,0,0
BRDA:276,116,1,0
BRDA:276,117,0,0
BRDA:276,117,1,0
BRDA:276,118,0,0
BRDA:276,118,1,0
BRDA:278,119,0,0
BRDA:278,119,1,0
BRDA:282,120,0,0
BRDA:282,120,1,0
BRDA:283,121,0,0
BRDA:283,121,1,0
BRDA:283,121,2,0
BRDA:285,122,0,0
BRDA:285,122,1,0
BRDA:285,123,0,0
BRDA:285,123,1,0
BRDA:285,123,2,0
BRDA:285,124,0,0
BRDA:285,124,1,0
BRDA:285,125,0,0
BRDA:285,125,1,0
BRDA:287,126,0,0
BRDA:287,126,1,0
BRDA:297,127,0,0
BRDA:297,127,1,0
BRF:269
BRH:0
end_of_record
TN:
SF:node_modules/@codemirror/language/dist/index.js
FN:21,defineLanguageFacet
FN:23,(anonymous_1536)
FN:48,(anonymous_1537)
FN:64,(anonymous_1538)
FN:68,(anonymous_1539)
FN:88,(anonymous_1540)
FN:96,(anonymous_1541)
FN:103,(anonymous_1542)
FN:138,(anonymous_1543)
FN:144,topNodeAt
FN:159,(anonymous_1545)
FN:166,(anonymous_1546)
FN:169,(anonymous_1547)
FN:176,(anonymous_1548)
FN:179,(anonymous_1549)
FN:187,syntaxTree
FN:252,(anonymous_1551)
FN:258,(anonymous_1552)
FN:259,(anonymous_1553)
FN:264,(anonymous_1554)
FN:268,(anonymous_1555)
FN:269,(anonymous_1556)
FN:282,(anonymous_1557)
FN:335,(anonymous_1558)
FN:338,(anonymous_1559)
FN:344,(anonymous_1560)
FN:351,(anonymous_1561)
FN:355,(anonymous_1562)
FN:382,(anonymous_1563)
FN:387,(anonymous_1564)
FN:394,(anonymous_1565)
FN:404,(anonymous_1566)
FN:412,(anonymous_1567)
FN:417,(anonymous_1568)
FN:436,(anonymous_1569)
FN:456,(anonymous_1570)
FN:467,(anonymous_1571)
FN:479,(anonymous_1572)
FN:481,(anonymous_1573)
FN:485,(anonymous_1574)
FN:497,(anonymous_1575)
FN:506,(anonymous_1576)
FN:515,(anonymous_1577)
FN:517,cutFragments
FN:521,(anonymous_1579)
FN:528,(anonymous_1580)
FN:541,(anonymous_1581)
FN:551,(anonymous_1582)
FN:560,(anonymous_1583)
FN:561,(anonymous_1584)
FN:562,(anonymous_1585)
FN:565,(anonymous_1586)
FN:566,(anonymous_1587)
FN:569,(anonymous_1588)
FN:572,(anonymous_1589)
FN:574,(anonymous_1590)
FN:585,(anonymous_1591)
FN:596,(anonymous_1592)
FN:603,(anonymous_1593)
FN:617,(anonymous_1594)
FN:629,(anonymous_1595)
FN:633,(anonymous_1596)
FN:634,(anonymous_1597)
FN:635,(anonymous_1598)
FN:639,(anonymous_1599)
FN:643,(anonymous_1600)
FN:647,(anonymous_1601)
FN:656,(anonymous_1602)
FN:657,(anonymous_1603)
FN:660,(anonymous_1604)
FN:677,(anonymous_1605)
FN:808,(anonymous_1606)
FN:812,(anonymous_1607)
FN:1111,bracketedAligned
FN:1143,delimitedIndent
FN:1144,(anonymous_1610)
FN:1146,delimitedStrategy
FN:1158,(anonymous_1612)
FN:1167,continuedIndent
FN:1168,(anonymous_1614)
FN:1237,foldInside
FN:1662,(anonymous_1616)
FN:1669,def
FN:1676,(anonymous_1618)
FN:1677,(anonymous_1619)
FN:1678,(anonymous_1620)
FN:1702,(anonymous_1621)
FN:1708,(anonymous_1622)
FN:1710,getHighlighters
FN:1721,syntaxHighlighting
FN:1731,(anonymous_1625)
FN:1759,(anonymous_1626)
FN:1765,(anonymous_1627)
FN:1779,(anonymous_1628)
FN:1784,(anonymous_1629)
FN:1792,(anonymous_1630)
FN:2502,warnForPart
FN:2508,createTokenType
FN:2535,(anonymous_1633)
FN:823,getIndentUnit
FN:833,indentString
FN:855,getIndentation
FN:901,(anonymous_1549)
FN:922,(anonymous_1550)
FN:939,(anonymous_1551)
FN:948,(anonymous_1552)
FN:960,(anonymous_1553)
FN:966,(anonymous_1554)
FN:981,(anonymous_1555)
FN:994,syntaxIndentation
FN:1007,indentFor
FN:1015,ignoreClosed
FN:1018,indentStrategy
FN:1025,(anonymous_1560)
FN:1029,topIndent
FN:1035,(anonymous_1562)
FN:1053,(anonymous_1563)
FN:1057,(anonymous_1564)
FN:1064,(anonymous_1565)
FN:1074,(anonymous_1566)
FN:1081,(anonymous_1567)
FN:1098,(anonymous_1568)
FN:1102,isParent
FN:1907,matchingNodes
FN:1918,findHandle
FN:1928,matchBrackets
FN:1941,matchMarkedBrackets
FN:1969,matchPlainBrackets
FNF:128
FNH:0
FNDA:0,defineLanguageFacet
FNDA:0,(anonymous_1536)
FNDA:0,(anonymous_1537)
FNDA:0,(anonymous_1538)
FNDA:0,(anonymous_1539)
FNDA:0,(anonymous_1540)
FNDA:0,(anonymous_1541)
FNDA:0,(anonymous_1542)
FNDA:0,(anonymous_1543)
FNDA:0,topNodeAt
FNDA:0,(anonymous_1545)
FNDA:0,(anonymous_1546)
FNDA:0,(anonymous_1547)
FNDA:0,(anonymous_1548)
FNDA:0,(anonymous_1549)
FNDA:0,syntaxTree
FNDA:0,(anonymous_1551)
FNDA:0,(anonymous_1552)
FNDA:0,(anonymous_1553)
FNDA:0,(anonymous_1554)
FNDA:0,(anonymous_1555)
FNDA:0,(anonymous_1556)
FNDA:0,(anonymous_1557)
FNDA:0,(anonymous_1558)
FNDA:0,(anonymous_1559)
FNDA:0,(anonymous_1560)
FNDA:0,(anonymous_1561)
FNDA:0,(anonymous_1562)
FNDA:0,(anonymous_1563)
FNDA:0,(anonymous_1564)
FNDA:0,(anonymous_1565)
FNDA:0,(anonymous_1566)
FNDA:0,(anonymous_1567)
FNDA:0,(anonymous_1568)
FNDA:0,(anonymous_1569)
FNDA:0,(anonymous_1570)
FNDA:0,(anonymous_1571)
FNDA:0,(anonymous_1572)
FNDA:0,(anonymous_1573)
FNDA:0,(anonymous_1574)
FNDA:0,(anonymous_1575)
FNDA:0,(anonymous_1576)
FNDA:0,(anonymous_1577)
FNDA:0,cutFragments
FNDA:0,(anonymous_1579)
FNDA:0,(anonymous_1580)
FNDA:0,(anonymous_1581)
FNDA:0,(anonymous_1582)
FNDA:0,(anonymous_1583)
FNDA:0,(anonymous_1584)
FNDA:0,(anonymous_1585)
FNDA:0,(anonymous_1586)
FNDA:0,(anonymous_1587)
FNDA:0,(anonymous_1588)
FNDA:0,(anonymous_1589)
FNDA:0,(anonymous_1590)
FNDA:0,(anonymous_1591)
FNDA:0,(anonymous_1592)
FNDA:0,(anonymous_1593)
FNDA:0,(anonymous_1594)
FNDA:0,(anonymous_1595)
FNDA:0,(anonymous_1596)
FNDA:0,(anonymous_1597)
FNDA:0,(anonymous_1598)
FNDA:0,(anonymous_1599)
FNDA:0,(anonymous_1600)
FNDA:0,(anonymous_1601)
FNDA:0,(anonymous_1602)
FNDA:0,(anonymous_1603)
FNDA:0,(anonymous_1604)
FNDA:0,(anonymous_1605)
FNDA:0,(anonymous_1606)
FNDA:0,(anonymous_1607)
FNDA:0,bracketedAligned
FNDA:0,delimitedIndent
FNDA:0,(anonymous_1610)
FNDA:0,delimitedStrategy
FNDA:0,(anonymous_1612)
FNDA:0,continuedIndent
FNDA:0,(anonymous_1614)
FNDA:0,foldInside
FNDA:0,(anonymous_1616)
FNDA:0,def
FNDA:0,(anonymous_1618)
FNDA:0,(anonymous_1619)
FNDA:0,(anonymous_1620)
FNDA:0,(anonymous_1621)
FNDA:0,(anonymous_1622)
FNDA:0,getHighlighters
FNDA:0,syntaxHighlighting
FNDA:0,(anonymous_1625)
FNDA:0,(anonymous_1626)
FNDA:0,(anonymous_1627)
FNDA:0,(anonymous_1628)
FNDA:0,(anonymous_1629)
FNDA:0,(anonymous_1630)
FNDA:0,warnForPart
FNDA:0,createTokenType
FNDA:0,(anonymous_1633)
FNDA:0,getIndentUnit
FNDA:0,indentString
FNDA:0,getIndentation
FNDA:0,(anonymous_1549)
FNDA:0,(anonymous_1550)
FNDA:0,(anonymous_1551)
FNDA:0,(anonymous_1552)
FNDA:0,(anonymous_1553)
FNDA:0,(anonymous_1554)
FNDA:0,(anonymous_1555)
FNDA:0,syntaxIndentation
FNDA:0,indentFor
FNDA:0,ignoreClosed
FNDA:0,indentStrategy
FNDA:0,(anonymous_1560)
FNDA:0,topIndent
FNDA:0,(anonymous_1562)
FNDA:0,(anonymous_1563)
FNDA:0,(anonymous_1564)
FNDA:0,(anonymous_1565)
FNDA:0,(anonymous_1566)
FNDA:0,(anonymous_1567)
FNDA:0,(anonymous_1568)
FNDA:0,isParent
FNDA:0,matchingNodes
FNDA:0,findHandle
FNDA:0,matchBrackets
FNDA:0,matchMarkedBrackets
FNDA:0,matchPlainBrackets
DA:12,0
DA:22,0
DA:23,0
DA:30,0
DA:40,0
DA:58,0
DA:59,0
DA:63,0
DA:64,0
DA:65,0
DA:66,0
DA:69,0
DA:70,0
DA:71,0
DA:72,0
DA:73,0
DA:74,0
DA:75,0
DA:76,0
DA:77,0
DA:78,0
DA:81,0
DA:89,0
DA:97,0
DA:98,0
DA:99,0
DA:100,0
DA:101,0
DA:102,0
DA:103,0
DA:104,0
DA:105,0
DA:106,0
DA:108,0
DA:109,0
DA:110,0
DA:111,0
DA:112,0
DA:113,0
DA:115,0
DA:116,0
DA:117,0
DA:119,0
DA:120,0
DA:121,0
DA:122,0
DA:125,0
DA:126,0
DA:127,0
DA:128,0
DA:131,0
DA:132,0
DA:138,0
DA:143,0
DA:145,0
DA:146,0
DA:147,0
DA:148,0
DA:149,0
DA:151,0
DA:158,0
DA:160,0
DA:161,0
DA:167,0
DA:168,0
DA:169,0
DA:177,0
DA:179,0
DA:188,0
DA:189,0
DA:248,0
DA:253,0
DA:254,0
DA:255,0
DA:256,0
DA:258,0
DA:260,0
DA:261,0
DA:262,0
DA:265,0
DA:266,0
DA:268,0
DA:270,0
DA:271,0
DA:272,0
DA:274,0
DA:277,0
DA:281,0
DA:318,0
DA:319,0
DA:320,0
DA:321,0
DA:322,0
DA:323,0
DA:324,0
DA:325,0
DA:326,0
DA:330,0
DA:336,0
DA:339,0
DA:345,0
DA:346,0
DA:347,0
DA:348,0
DA:349,0
DA:351,0
DA:353,0
DA:354,0
DA:355,0
DA:357,0
DA:358,0
DA:359,0
DA:361,0
DA:362,0
DA:363,0
DA:364,0
DA:365,0
DA:366,0
DA:367,0
DA:368,0
DA:369,0
DA:370,0
DA:372,0
DA:374,0
DA:375,0
DA:384,0
DA:385,0
DA:386,0
DA:387,0
DA:388,0
DA:389,0
DA:390,0
DA:391,0
DA:395,0
DA:396,0
DA:397,0
DA:398,0
DA:401,0
DA:405,0
DA:406,0
DA:407,0
DA:413,0
DA:414,0
DA:415,0
DA:416,0
DA:417,0
DA:418,0
DA:419,0
DA:420,0
DA:421,0
DA:422,0
DA:423,0
DA:424,0
DA:425,0
DA:426,0
DA:427,0
DA:431,0
DA:437,0
DA:438,0
DA:439,0
DA:440,0
DA:441,0
DA:442,0
DA:443,0
DA:444,0
DA:445,0
DA:448,0
DA:449,0
DA:450,0
DA:451,0
DA:457,0
DA:458,0
DA:459,0
DA:468,0
DA:480,0
DA:482,0
DA:483,0
DA:486,0
DA:487,0
DA:488,0
DA:489,0
DA:490,0
DA:491,0
DA:493,0
DA:494,0
DA:499,0
DA:507,0
DA:508,0
DA:509,0
DA:515,0
DA:518,0
DA:520,0
DA:525,0
DA:526,0
DA:529,0
DA:530,0
DA:531,0
DA:535,0
DA:537,0
DA:538,0
DA:539,0
DA:542,0
DA:543,0
DA:544,0
DA:545,0
DA:546,0
DA:549,0
DA:552,0
DA:553,0
DA:554,0
DA:555,0
DA:556,0
DA:557,0
DA:560,0
DA:561,0
DA:562,0
DA:564,0
DA:565,0
DA:566,0
DA:567,0
DA:569,0
DA:571,0
DA:572,0
DA:573,0
DA:575,0
DA:576,0
DA:577,0
DA:579,0
DA:581,0
DA:582,0
DA:583,0
DA:586,0
DA:587,0
DA:588,0
DA:589,0
DA:590,0
DA:591,0
DA:592,0
DA:594,0
DA:597,0
DA:598,0
DA:599,0
DA:600,0
DA:601,0
DA:604,0
DA:605,0
DA:606,0
DA:607,0
DA:608,0
DA:610,0
DA:611,0
DA:612,0
DA:613,0
DA:614,0
DA:615,0
DA:616,0
DA:617,0
DA:618,0
DA:620,0
DA:621,0
DA:622,0
DA:623,0
DA:625,0
DA:626,0
DA:627,0
DA:630,0
DA:631,0
DA:632,0
DA:633,0
DA:634,0
DA:635,0
DA:636,0
DA:640,0
DA:641,0
DA:644,0
DA:647,0
DA:655,0
DA:656,0
DA:657,0
DA:661,0
DA:662,0
DA:673,0
DA:689,0
DA:690,0
DA:691,0
DA:801,0
DA:807,0
DA:809,0
DA:810,0
DA:811,0
DA:812,0
DA:813,0
DA:814,0
DA:824,0
DA:825,0
DA:834,0
DA:835,0
DA:836,0
DA:837,0
DA:838,0
DA:840,0
DA:842,0
DA:843,0
DA:844,0
DA:856,0
DA:857,0
DA:858,0
DA:859,0
DA:860,0
DA:861,0
DA:863,0
DA:864,0
DA:897,0
DA:910,0
DA:911,0
DA:912,0
DA:923,0
DA:924,0
DA:925,0
DA:926,0
DA:927,0
DA:929,0
DA:931,0
DA:933,0
DA:940,0
DA:941,0
DA:942,0
DA:943,0
DA:949,0
DA:950,0
DA:951,0
DA:952,0
DA:953,0
DA:954,0
DA:961,0
DA:967,0
DA:968,0
DA:969,0
DA:970,0
DA:971,0
DA:972,0
DA:974,0
DA:982,0
DA:992,0
DA:995,0
DA:996,0
DA:997,0
DA:998,0
DA:999,0
DA:1001,0
DA:1002,0
DA:1003,0
DA:1005,0
DA:1008,0
DA:1009,0
DA:1010,0
DA:1011,0
DA:1013,0
DA:1016,0
DA:1019,0
DA:1020,0
DA:1021,0
DA:1022,0
DA:1023,0
DA:1024,0
DA:1025,0
DA:1027,0
DA:1029,0
DA:1034,0
DA:1044,0
DA:1045,0
DA:1046,0
DA:1047,0
DA:1053,0
DA:1058,0
DA:1065,0
DA:1075,0
DA:1082,0
DA:1084,0
DA:1085,0
DA:1086,0
DA:1087,0
DA:1088,0
DA:1089,0
DA:1090,0
DA:1092,0
DA:1099,0
DA:1103,0
DA:1104,0
DA:1105,0
DA:1106,0
DA:1112,0
DA:1113,0
DA:1114,0
DA:1115,0
DA:1116,0
DA:1117,0
DA:1118,0
DA:1119,0
DA:1120,0
DA:1121,0
DA:1122,0
DA:1123,0
DA:1124,0
DA:1125,0
DA:1126,0
DA:1127,0
DA:1129,0
DA:1144,0
DA:1147,0
DA:1148,0
DA:1149,0
DA:1150,0
DA:1151,0
DA:1152,0
DA:1158,0
DA:1168,0
DA:1169,0
DA:1170,0
DA:1231,0
DA:1238,0
DA:1239,0
DA:1661,0
DA:1667,0
DA:1670,0
DA:1671,0
DA:1672,0
DA:1674,0
DA:1675,0
DA:1676,0
DA:1677,0
DA:1678,0
DA:1684,0
DA:1685,0
DA:1703,0
DA:1706,0
DA:1707,0
DA:1708,0
DA:1711,0
DA:1712,0
DA:1722,0
DA:1723,0
DA:1724,0
DA:1725,0
DA:1726,0
DA:1728,0
DA:1729,0
DA:1731,0
DA:1732,0
DA:1735,0
DA:1736,0
DA:1758,0
DA:1760,0
DA:1761,0
DA:1762,0
DA:1763,0
DA:1766,0
DA:1767,0
DA:1768,0
DA:1769,0
DA:1770,0
DA:1771,0
DA:1772,0
DA:1774,0
DA:1775,0
DA:1776,0
DA:1780,0
DA:1781,0
DA:1782,0
DA:1783,0
DA:1784,0
DA:1785,0
DA:1788,0
DA:1791,0
DA:1792,0
DA:1797,0
DA:1843,0
DA:1906,0
DA:1908,0
DA:1909,0
DA:1910,0
DA:1911,0
DA:1912,0
DA:1913,0
DA:1914,0
DA:1916,0
DA:1919,0
DA:1920,0
DA:1929,0
DA:1930,0
DA:1931,0
DA:1932,0
DA:1933,0
DA:1934,0
DA:1935,0
DA:1936,0
DA:1939,0
DA:1942,0
DA:1943,0
DA:1944,0
DA:1945,0
DA:1946,0
DA:1947,0
DA:1948,0
DA:1949,0
DA:1950,0
DA:1952,0
DA:1953,0
DA:1955,0
DA:1956,0
DA:1957,0
DA:1963,0
DA:1967,0
DA:1970,0
DA:1971,0
DA:1972,0
DA:1973,0
DA:1974,0
DA:1975,0
DA:1976,0
DA:1977,0
DA:1978,0
DA:1979,0
DA:1980,0
DA:1981,0
DA:1982,0
DA:1983,0
DA:1984,0
DA:1985,0
DA:1986,0
DA:1987,0
DA:1989,0
DA:1992,0
DA:1995,0
DA:1996,0
DA:1998,0
DA:2470,0
DA:2471,0
DA:2473,0
DA:2475,0
DA:2476,0
DA:2477,0
DA:2491,0
DA:2503,0
DA:2504,0
DA:2505,0
DA:2506,0
DA:2509,0
DA:2510,0
DA:2511,0
DA:2512,0
DA:2513,0
DA:2514,0
DA:2515,0
DA:2516,0
DA:2518,0
DA:2519,0
DA:2521,0
DA:2524,0
DA:2525,0
DA:2527,0
DA:2530,0
DA:2531,0
DA:2533,0
DA:2534,0
DA:2535,0
DA:2536,0
DA:2537,0
DA:2538,0
DA:2539,0
DA:2544,0
DA:2545,0
DA:2665,0
LF:573
LH:0
BRDA:23,0,0,0
BRDA:23,0,1,0
BRDA:53,1,0,0
BRDA:57,2,0,0
BRDA:63,3,0,0
BRDA:63,3,1,0
BRDA:70,4,0,0
BRDA:70,4,1,0
BRDA:73,5,0,0
BRDA:73,5,1,0
BRDA:76,6,0,0
BRDA:76,6,1,0
BRDA:78,7,0,0
BRDA:78,7,1,0
BRDA:88,8,0,0
BRDA:98,9,0,0
BRDA:98,9,1,0
BRDA:98,10,0,0
BRDA:98,10,1,0
BRDA:98,11,0,0
BRDA:98,11,1,0
BRDA:100,12,0,0
BRDA:100,12,1,0
BRDA:100,13,0,0
BRDA:100,13,1,0
BRDA:104,14,0,0
BRDA:104,14,1,0
BRDA:109,15,0,0
BRDA:109,15,1,0
BRDA:110,16,0,0
BRDA:110,16,1,0
BRDA:111,17,0,0
BRDA:111,17,1,0
BRDA:117,18,0,0
BRDA:117,18,1,0
BRDA:121,19,0,0
BRDA:121,19,1,0
BRDA:127,20,0,0
BRDA:127,20,1,0
BRDA:146,21,0,0
BRDA:146,21,1,0
BRDA:146,22,0,0
BRDA:146,22,1,0
BRDA:148,23,0,0
BRDA:148,23,1,0
BRDA:169,24,0,0
BRDA:169,24,1,0
BRDA:177,25,0,0
BRDA:177,25,1,0
BRDA:189,26,0,0
BRDA:189,26,1,0
BRDA:271,27,0,0
BRDA:271,27,1,0
BRDA:271,28,0,0
BRDA:271,28,1,0
BRDA:290,29,0,0
BRDA:345,30,0,0
BRDA:345,30,1,0
BRDA:345,31,0,0
BRDA:345,31,1,0
BRDA:347,32,0,0
BRDA:347,32,1,0
BRDA:347,33,0,0
BRDA:347,33,1,0
BRDA:347,34,0,0
BRDA:347,34,1,0
BRDA:347,35,0,0
BRDA:347,35,1,0
BRDA:353,36,0,0
BRDA:353,36,1,0
BRDA:357,37,0,0
BRDA:357,37,1,0
BRDA:359,38,0,0
BRDA:359,38,1,0
BRDA:359,39,0,0
BRDA:359,39,1,0
BRDA:359,39,2,0
BRDA:359,39,3,0
BRDA:364,40,0,0
BRDA:364,40,1,0
BRDA:366,41,0,0
BRDA:366,41,1,0
BRDA:366,42,0,0
BRDA:366,42,1,0
BRDA:369,43,0,0
BRDA:369,43,1,0
BRDA:369,44,0,0
BRDA:369,44,1,0
BRDA:369,45,0,0
BRDA:369,45,1,0
BRDA:374,46,0,0
BRDA:374,46,1,0
BRDA:384,47,0,0
BRDA:384,47,1,0
BRDA:384,48,0,0
BRDA:384,48,1,0
BRDA:385,49,0,0
BRDA:385,49,1,0
BRDA:385,50,0,0
BRDA:385,50,1,0
BRDA:415,51,0,0
BRDA:415,51,1,0
BRDA:422,52,0,0
BRDA:422,52,1,0
BRDA:426,53,0,0
BRDA:426,53,1,0
BRDA:437,54,0,0
BRDA:437,54,1,0
BRDA:437,55,0,0
BRDA:437,55,1,0
BRDA:443,56,0,0
BRDA:443,56,1,0
BRDA:443,57,0,0
BRDA:443,57,1,0
BRDA:448,58,0,0
BRDA:448,58,1,0
BRDA:457,59,0,0
BRDA:457,59,1,0
BRDA:487,60,0,0
BRDA:487,60,1,0
BRDA:490,61,0,0
BRDA:490,61,1,0
BRDA:491,62,0,0
BRDA:491,62,1,0
BRDA:509,63,0,0
BRDA:509,63,1,0
BRDA:509,63,2,0
BRDA:509,63,3,0
BRDA:529,64,0,0
BRDA:529,64,1,0
BRDA:529,65,0,0
BRDA:529,65,1,0
BRDA:535,66,0,0
BRDA:535,66,1,0
BRDA:537,67,0,0
BRDA:537,67,1,0
BRDA:544,68,0,0
BRDA:544,68,1,0
BRDA:553,69,0,0
BRDA:553,69,1,0
BRDA:555,70,0,0
BRDA:555,70,1,0
BRDA:564,71,0,0
BRDA:564,71,1,0
BRDA:569,72,0,0
BRDA:569,72,1,0
BRDA:571,73,0,0
BRDA:571,73,1,0
BRDA:571,74,0,0
BRDA:571,74,1,0
BRDA:571,75,0,0
BRDA:571,75,1,0
BRDA:571,76,0,0
BRDA:571,76,1,0
BRDA:587,77,0,0
BRDA:587,77,1,0
BRDA:587,78,0,0
BRDA:587,78,1,0
BRDA:589,79,0,0
BRDA:589,79,1,0
BRDA:589,80,0,0
BRDA:589,80,1,0
BRDA:590,81,0,0
BRDA:590,81,1,0
BRDA:597,82,0,0
BRDA:597,82,1,0
BRDA:600,83,0,0
BRDA:600,83,1,0
BRDA:600,84,0,0
BRDA:600,84,1,0
BRDA:606,85,0,0
BRDA:606,85,1,0
BRDA:606,86,0,0
BRDA:606,86,1,0
BRDA:606,86,2,0
BRDA:610,87,0,0
BRDA:610,87,1,0
BRDA:613,88,0,0
BRDA:613,88,1,0
BRDA:613,89,0,0
BRDA:613,89,1,0
BRDA:615,90,0,0
BRDA:615,90,1,0
BRDA:615,91,0,0
BRDA:615,91,1,0
BRDA:616,92,0,0
BRDA:616,92,1,0
BRDA:618,93,0,0
BRDA:618,93,1,0
BRDA:618,93,2,0
BRDA:619,94,0,0
BRDA:619,94,1,0
BRDA:621,95,0,0
BRDA:621,95,1,0
BRDA:621,96,0,0
BRDA:621,96,1,0
BRDA:625,97,0,0
BRDA:625,97,1,0
BRDA:625,98,0,0
BRDA:625,98,1,0
BRDA:625,99,0,0
BRDA:625,99,1,0
BRDA:630,100,0,0
BRDA:630,100,1,0
BRDA:640,101,0,0
BRDA:640,101,1,0
BRDA:644,102,0,0
BRDA:644,102,1,0
BRDA:656,103,0,0
BRDA:656,103,1,0
BRDA:662,104,0,0
BRDA:662,104,1,0
BRDA:662,105,0,0
BRDA:662,105,1,0
BRDA:688,106,0,0
BRDA:809,107,0,0
BRDA:809,107,1,0
BRDA:812,108,0,0
BRDA:812,108,1,0
BRDA:812,109,0,0
BRDA:812,109,1,0
BRDA:812,109,2,0
BRDA:1114,110,0,0
BRDA:1114,110,1,0
BRDA:1118,111,0,0
BRDA:1118,111,1,0
BRDA:1118,112,0,0
BRDA:1118,112,1,0
BRDA:1121,113,0,0
BRDA:1121,113,1,0
BRDA:1121,114,0,0
BRDA:1121,114,1,0
BRDA:1123,115,0,0
BRDA:1123,115,1,0
BRDA:1124,116,0,0
BRDA:1124,116,1,0
BRDA:1143,117,0,0
BRDA:1143,118,0,0
BRDA:1148,119,0,0
BRDA:1148,119,1,0
BRDA:1148,119,2,0
BRDA:1149,120,0,0
BRDA:1149,120,1,0
BRDA:1150,121,0,0
BRDA:1150,121,1,0
BRDA:1151,122,0,0
BRDA:1151,122,1,0
BRDA:1152,123,0,0
BRDA:1152,123,1,0
BRDA:1167,124,0,0
BRDA:1167,125,0,0
BRDA:1169,126,0,0
BRDA:1169,126,1,0
BRDA:1170,127,0,0
BRDA:1170,127,1,0
BRDA:1239,128,0,0
BRDA:1239,128,1,0
BRDA:1239,129,0,0
BRDA:1239,129,1,0
BRDA:1239,130,0,0
BRDA:1239,130,1,0
BRDA:1671,131,0,0
BRDA:1671,131,1,0
BRDA:1674,132,0,0
BRDA:1674,132,1,0
BRDA:1674,133,0,0
BRDA:1674,133,1,0
BRDA:1676,134,0,0
BRDA:1676,134,1,0
BRDA:1677,135,0,0
BRDA:1677,135,1,0
BRDA:1680,136,0,0
BRDA:1680,136,1,0
BRDA:1684,137,0,0
BRDA:1684,137,1,0
BRDA:1703,138,0,0
BRDA:1703,138,1,0
BRDA:1708,139,0,0
BRDA:1708,139,1,0
BRDA:1712,140,0,0
BRDA:1712,140,1,0
BRDA:1723,141,0,0
BRDA:1723,141,1,0
BRDA:1724,142,0,0
BRDA:1724,142,1,0
BRDA:1728,143,0,0
BRDA:1728,143,1,0
BRDA:1728,144,0,0
BRDA:1728,144,1,0
BRDA:1728,145,0,0
BRDA:1728,145,1,0
BRDA:1729,146,0,0
BRDA:1729,146,1,0
BRDA:1732,147,0,0
BRDA:1732,147,1,0
BRDA:1769,148,0,0
BRDA:1769,148,1,0
BRDA:1769,149,0,0
BRDA:1769,149,1,0
BRDA:1769,149,2,0
BRDA:1769,149,3,0
BRDA:1772,150,0,0
BRDA:1772,150,1,0
BRDA:1773,151,0,0
BRDA:1773,151,1,0
BRDA:1773,151,2,0
BRDA:1780,152,0,0
BRDA:1780,152,1,0
BRDA:1780,153,0,0
BRDA:1780,153,1,0
BRDA:1785,154,0,0
BRDA:1785,154,1,0
BRDA:2503,155,0,0
BRDA:2503,155,1,0
BRDA:2513,156,0,0
BRDA:2513,156,1,0
BRDA:2514,157,0,0
BRDA:2514,157,1,0
BRDA:2516,158,0,0
BRDA:2516,158,1,0
BRDA:2518,159,0,0
BRDA:2518,159,1,0
BRDA:2524,160,0,0
BRDA:2524,160,1,0
BRDA:2527,161,0,0
BRDA:2527,161,1,0
BRDA:2533,162,0,0
BRDA:2533,162,1,0
BRDA:2537,163,0,0
BRDA:2537,163,1,0
BRDA:825,164,0,0
BRDA:825,164,1,0
BRDA:835,165,0,0
BRDA:835,165,1,0
BRDA:856,166,0,0
BRDA:856,166,1,0
BRDA:860,167,0,0
BRDA:860,167,1,0
BRDA:864,168,0,0
BRDA:864,168,1,0
BRDA:909,169,0,0
BRDA:922,170,0,0
BRDA:925,171,0,0
BRDA:925,171,1,0
BRDA:925,172,0,0
BRDA:925,172,1,0
BRDA:925,172,2,0
BRDA:926,173,0,0
BRDA:926,173,1,0
BRDA:926,174,0,0
BRDA:926,174,1,0
BRDA:927,175,0,0
BRDA:927,175,1,0
BRDA:928,176,0,0
BRDA:928,176,1,0
BRDA:939,177,0,0
BRDA:940,178,0,0
BRDA:940,178,1,0
BRDA:940,179,0,0
BRDA:940,179,1,0
BRDA:948,180,0,0
BRDA:951,181,0,0
BRDA:951,181,1,0
BRDA:952,182,0,0
BRDA:952,182,1,0
BRDA:960,183,0,0
BRDA:966,184,0,0
BRDA:969,185,0,0
BRDA:969,185,1,0
BRDA:971,186,0,0
BRDA:971,186,1,0
BRDA:982,187,0,0
BRDA:982,187,1,0
BRDA:997,188,0,0
BRDA:997,188,1,0
BRDA:999,189,0,0
BRDA:999,189,1,0
BRDA:999,190,0,0
BRDA:999,190,1,0
BRDA:999,190,2,0
BRDA:999,190,3,0
BRDA:1010,191,0,0
BRDA:1010,191,1,0
BRDA:1016,192,0,0
BRDA:1016,192,1,0
BRDA:1020,193,0,0
BRDA:1020,193,1,0
BRDA:1023,194,0,0
BRDA:1023,194,1,0
BRDA:1023,195,0,0
BRDA:1023,195,1,0
BRDA:1024,196,0,0
BRDA:1024,196,1,0
BRDA:1025,197,0,0
BRDA:1025,197,1,0
BRDA:1025,198,0,0
BRDA:1025,198,1,0
BRDA:1027,199,0,0
BRDA:1027,199,1,0
BRDA:1086,200,0,0
BRDA:1086,200,1,0
BRDA:1088,201,0,0
BRDA:1088,201,1,0
BRDA:1104,202,0,0
BRDA:1104,202,1,0
BRDA:1908,203,0,0
BRDA:1908,203,1,0
BRDA:1909,204,0,0
BRDA:1909,204,1,0
BRDA:1911,205,0,0
BRDA:1911,205,1,0
BRDA:1913,206,0,0
BRDA:1913,206,1,0
BRDA:1913,207,0,0
BRDA:1913,207,1,0
BRDA:1913,208,0,0
BRDA:1913,208,1,0
BRDA:1920,209,0,0
BRDA:1920,209,1,0
BRDA:1928,210,0,0
BRDA:1929,211,0,0
BRDA:1929,211,1,0
BRDA:1929,212,0,0
BRDA:1929,212,1,0
BRDA:1933,213,0,0
BRDA:1933,213,1,0
BRDA:1933,214,0,0
BRDA:1933,214,1,0
BRDA:1935,215,0,0
BRDA:1935,215,1,0
BRDA:1935,216,0,0
BRDA:1935,216,1,0
BRDA:1935,217,0,0
BRDA:1935,217,1,0
BRDA:1935,218,0,0
BRDA:1935,218,1,0
BRDA:1935,219,0,0
BRDA:1935,219,1,0
BRDA:1943,220,0,0
BRDA:1943,220,1,0
BRDA:1943,221,0,0
BRDA:1943,221,1,0
BRDA:1944,222,0,0
BRDA:1944,222,1,0
BRDA:1944,223,0,0
BRDA:1944,223,1,0
BRDA:1944,224,0,0
BRDA:1944,224,1,0
BRDA:1946,225,0,0
BRDA:1946,225,1,0
BRDA:1946,226,0,0
BRDA:1946,226,1,0
BRDA:1947,227,0,0
BRDA:1947,227,1,0
BRDA:1947,228,0,0
BRDA:1947,228,1,0
BRDA:1947,228,2,0
BRDA:1949,229,0,0
BRDA:1949,229,1,0
BRDA:1950,230,0,0
BRDA:1950,230,1,0
BRDA:1953,231,0,0
BRDA:1953,231,1,0
BRDA:1955,232,0,0
BRDA:1955,232,1,0
BRDA:1959,233,0,0
BRDA:1959,233,1,0
BRDA:1959,234,0,0
BRDA:1959,234,1,0
BRDA:1966,235,0,0
BRDA:1966,235,1,0
BRDA:1970,236,0,0
BRDA:1970,236,1,0
BRDA:1972,237,0,0
BRDA:1972,237,1,0
BRDA:1972,238,0,0
BRDA:1972,238,1,0
BRDA:1974,239,0,0
BRDA:1974,239,1,0
BRDA:1974,240,0,0
BRDA:1974,240,1,0
BRDA:1975,241,0,0
BRDA:1975,241,1,0
BRDA:1976,242,0,0
BRDA:1976,242,1,0
BRDA:1978,243,0,0
BRDA:1978,243,1,0
BRDA:1981,244,0,0
BRDA:1981,244,1,0
BRDA:1981,245,0,0
BRDA:1981,245,1,0
BRDA:1983,246,0,0
BRDA:1983,246,1,0
BRDA:1983,247,0,0
BRDA:1983,247,1,0
BRDA:1985,248,0,0
BRDA:1985,248,1,0
BRDA:1987,249,0,0
BRDA:1987,249,1,0
BRDA:1995,250,0,0
BRDA:1995,250,1,0
BRDA:1998,251,0,0
BRDA:1998,251,1,0
BRF:503
BRH:0
end_of_record
TN:
SF:node_modules/@codemirror/lint/dist/index.js
FN:6,(anonymous_2994)
FN:13,(anonymous_2995)
FN:18,(anonymous_2996)
FN:23,(anonymous_2997)
FN:33,(anonymous_2998)
FN:54,(anonymous_2999)
FN:83,(anonymous_3000)
FN:87,(anonymous_3001)
FN:99,findDiagnostic
FN:101,(anonymous_3003)
FN:113,hideTooltip
FN:119,(anonymous_3005)
FN:121,maybeEnableLint
FN:129,setDiagnostics
FN:142,(anonymous_3008)
FN:145,(anonymous_3009)
FN:170,(anonymous_3010)
FN:170,(anonymous_3011)
FN:171,(anonymous_3012)
FN:181,lintTooltip
FN:184,(anonymous_3014)
FN:202,(anonymous_3015)
FN:207,diagnosticsTooltip
FN:208,(anonymous_3017)
FN:225,(anonymous_3018)
FN:283,(anonymous_3019)
FN:292,(anonymous_3020)
FN:302,(anonymous_3021)
FN:302,(anonymous_3022)
FN:304,(anonymous_3023)
FN:305,(anonymous_3024)
FN:308,(anonymous_3025)
FN:319,(anonymous_3026)
FN:325,(anonymous_3027)
FN:329,batchResults
FN:332,(anonymous_3029)
FN:338,(anonymous_3030)
FN:342,(anonymous_3031)
FN:344,(anonymous_3032)
FN:344,(anonymous_3033)
FN:345,(anonymous_3034)
FN:350,(anonymous_3035)
FN:355,(anonymous_3036)
FN:355,(anonymous_3037)
FN:356,(anonymous_3038)
FN:356,(anonymous_3039)
FN:357,(anonymous_3040)
FN:362,combineFilter
FN:363,(anonymous_3042)
FN:374,linter
FN:390,assignKeys
FN:396,(anonymous_3045)
FN:405,renderDiagnostic
FN:408,(anonymous_3047)
FN:409,(anonymous_3048)
FN:433,(anonymous_3049)
FN:437,(anonymous_3050)
FN:438,(anonymous_3051)
FN:443,(anonymous_3052)
FN:452,(anonymous_3053)
FN:455,(anonymous_3054)
FN:489,(anonymous_3055)
FN:506,(anonymous_3056)
FN:510,(anonymous_3057)
FN:519,(anonymous_3058)
FN:523,(anonymous_3059)
FN:574,(anonymous_3060)
FN:575,(anonymous_3061)
FN:590,(anonymous_3062)
FN:592,rm2
FN:610,(anonymous_3064)
FN:623,(anonymous_3065)
FN:625,svg
FN:628,underline
FN:722,severityWeight
FN:725,maxSeverity
FN:876,(anonymous_3070)
FNF:77
FNH:0
FNDA:0,(anonymous_2994)
FNDA:0,(anonymous_2995)
FNDA:0,(anonymous_2996)
FNDA:0,(anonymous_2997)
FNDA:0,(anonymous_2998)
FNDA:0,(anonymous_2999)
FNDA:0,(anonymous_3000)
FNDA:0,(anonymous_3001)
FNDA:0,findDiagnostic
FNDA:0,(anonymous_3003)
FNDA:0,hideTooltip
FNDA:0,(anonymous_3005)
FNDA:0,maybeEnableLint
FNDA:0,setDiagnostics
FNDA:0,(anonymous_3008)
FNDA:0,(anonymous_3009)
FNDA:0,(anonymous_3010)
FNDA:0,(anonymous_3011)
FNDA:0,(anonymous_3012)
FNDA:0,lintTooltip
FNDA:0,(anonymous_3014)
FNDA:0,(anonymous_3015)
FNDA:0,diagnosticsTooltip
FNDA:0,(anonymous_3017)
FNDA:0,(anonymous_3018)
FNDA:0,(anonymous_3019)
FNDA:0,(anonymous_3020)
FNDA:0,(anonymous_3021)
FNDA:0,(anonymous_3022)
FNDA:0,(anonymous_3023)
FNDA:0,(anonymous_3024)
FNDA:0,(anonymous_3025)
FNDA:0,(anonymous_3026)
FNDA:0,(anonymous_3027)
FNDA:0,batchResults
FNDA:0,(anonymous_3029)
FNDA:0,(anonymous_3030)
FNDA:0,(anonymous_3031)
FNDA:0,(anonymous_3032)
FNDA:0,(anonymous_3033)
FNDA:0,(anonymous_3034)
FNDA:0,(anonymous_3035)
FNDA:0,(anonymous_3036)
FNDA:0,(anonymous_3037)
FNDA:0,(anonymous_3038)
FNDA:0,(anonymous_3039)
FNDA:0,(anonymous_3040)
FNDA:0,combineFilter
FNDA:0,(anonymous_3042)
FNDA:0,linter
FNDA:0,assignKeys
FNDA:0,(anonymous_3045)
FNDA:0,renderDiagnostic
FNDA:0,(anonymous_3047)
FNDA:0,(anonymous_3048)
FNDA:0,(anonymous_3049)
FNDA:0,(anonymous_3050)
FNDA:0,(anonymous_3051)
FNDA:0,(anonymous_3052)
FNDA:0,(anonymous_3053)
FNDA:0,(anonymous_3054)
FNDA:0,(anonymous_3055)
FNDA:0,(anonymous_3056)
FNDA:0,(anonymous_3057)
FNDA:0,(anonymous_3058)
FNDA:0,(anonymous_3059)
FNDA:0,(anonymous_3060)
FNDA:0,(anonymous_3061)
FNDA:0,(anonymous_3062)
FNDA:0,rm2
FNDA:0,(anonymous_3064)
FNDA:0,(anonymous_3065)
FNDA:0,svg
FNDA:0,underline
FNDA:0,severityWeight
FNDA:0,maxSeverity
FNDA:0,(anonymous_3070)
DA:5,0
DA:7,0
DA:8,0
DA:9,0
DA:12,0
DA:14,0
DA:15,0
DA:16,0
DA:20,0
DA:21,0
DA:22,0
DA:23,0
DA:24,0
DA:25,0
DA:26,0
DA:27,0
DA:28,0
DA:29,0
DA:31,0
DA:32,0
DA:33,0
DA:36,0
DA:37,0
DA:38,0
DA:39,0
DA:41,0
DA:42,0
DA:43,0
DA:44,0
DA:45,0
DA:46,0
DA:49,0
DA:50,0
DA:53,0
DA:54,0
DA:55,0
DA:56,0
DA:57,0
DA:58,0
DA:59,0
DA:60,0
DA:62,0
DA:63,0
DA:64,0
DA:65,0
DA:67,0
DA:68,0
DA:69,0
DA:70,0
DA:71,0
DA:75,0
DA:76,0
DA:77,0
DA:83,0
DA:84,0
DA:87,0
DA:90,0
DA:91,0
DA:92,0
DA:93,0
DA:95,0
DA:96,0
DA:100,0
DA:101,0
DA:102,0
DA:103,0
DA:104,0
DA:105,0
DA:107,0
DA:109,0
DA:111,0
DA:114,0
DA:115,0
DA:116,0
DA:117,0
DA:118,0
DA:119,0
DA:122,0
DA:130,0
DA:138,0
DA:139,0
DA:140,0
DA:141,0
DA:143,0
DA:146,0
DA:147,0
DA:148,0
DA:149,0
DA:150,0
DA:152,0
DA:153,0
DA:154,0
DA:156,0
DA:157,0
DA:158,0
DA:159,0
DA:160,0
DA:162,0
DA:163,0
DA:165,0
DA:168,0
DA:170,0
DA:171,0
DA:180,0
DA:182,0
DA:183,0
DA:184,0
DA:185,0
DA:187,0
DA:188,0
DA:189,0
DA:190,0
DA:193,0
DA:194,0
DA:195,0
DA:196,0
DA:197,0
DA:198,0
DA:203,0
DA:208,0
DA:225,0
DA:226,0
DA:227,0
DA:228,0
DA:229,0
DA:230,0
DA:282,0
DA:284,0
DA:285,0
DA:286,0
DA:287,0
DA:288,0
DA:289,0
DA:290,0
DA:293,0
DA:294,0
DA:295,0
DA:296,0
DA:299,0
DA:300,0
DA:301,0
DA:302,0
DA:303,0
DA:304,0
DA:305,0
DA:309,0
DA:310,0
DA:312,0
DA:313,0
DA:314,0
DA:315,0
DA:320,0
DA:321,0
DA:322,0
DA:326,0
DA:330,0
DA:331,0
DA:332,0
DA:333,0
DA:334,0
DA:335,0
DA:336,0
DA:338,0
DA:341,0
DA:343,0
DA:344,0
DA:345,0
DA:350,0
DA:355,0
DA:356,0
DA:357,0
DA:363,0
DA:375,0
DA:391,0
DA:392,0
DA:393,0
DA:394,0
DA:395,0
DA:396,0
DA:397,0
DA:398,0
DA:401,0
DA:403,0
DA:407,0
DA:408,0
DA:409,0
DA:410,0
DA:411,0
DA:412,0
DA:413,0
DA:414,0
DA:415,0
DA:416,0
DA:418,0
DA:419,0
DA:422,0
DA:423,0
DA:432,0
DA:434,0
DA:435,0
DA:437,0
DA:439,0
DA:442,0
DA:444,0
DA:445,0
DA:446,0
DA:447,0
DA:448,0
DA:451,0
DA:453,0
DA:454,0
DA:455,0
DA:456,0
DA:457,0
DA:458,0
DA:459,0
DA:461,0
DA:462,0
DA:464,0
DA:465,0
DA:467,0
DA:468,0
DA:470,0
DA:471,0
DA:473,0
DA:474,0
DA:476,0
DA:477,0
DA:478,0
DA:479,0
DA:480,0
DA:481,0
DA:485,0
DA:487,0
DA:489,0
DA:490,0
DA:491,0
DA:492,0
DA:495,0
DA:502,0
DA:506,0
DA:508,0
DA:511,0
DA:512,0
DA:513,0
DA:514,0
DA:515,0
DA:516,0
DA:517,0
DA:520,0
DA:521,0
DA:522,0
DA:523,0
DA:524,0
DA:525,0
DA:526,0
DA:527,0
DA:528,0
DA:529,0
DA:530,0
DA:531,0
DA:532,0
DA:534,0
DA:535,0
DA:536,0
DA:537,0
DA:540,0
DA:541,0
DA:542,0
DA:543,0
DA:546,0
DA:547,0
DA:548,0
DA:549,0
DA:551,0
DA:553,0
DA:555,0
DA:558,0
DA:559,0
DA:560,0
DA:562,0
DA:563,0
DA:568,0
DA:570,0
DA:571,0
DA:572,0
DA:574,0
DA:576,0
DA:577,0
DA:578,0
DA:580,0
DA:583,0
DA:585,0
DA:587,0
DA:588,0
DA:591,0
DA:593,0
DA:594,0
DA:595,0
DA:597,0
DA:598,0
DA:599,0
DA:600,0
DA:601,0
DA:604,0
DA:607,0
DA:608,0
DA:611,0
DA:612,0
DA:613,0
DA:614,0
DA:615,0
DA:616,0
DA:617,0
DA:623,0
DA:626,0
DA:629,0
DA:631,0
DA:723,0
DA:726,0
DA:727,0
DA:728,0
DA:729,0
DA:730,0
DA:731,0
DA:734,0
DA:874,0
DA:877,0
DA:878,0
LF:329
LH:0
BRDA:21,0,0,0
BRDA:21,0,1,0
BRDA:23,1,0,0
BRDA:23,1,1,0
BRDA:27,2,0,0
BRDA:27,2,1,0
BRDA:28,3,0,0
BRDA:28,3,1,0
BRDA:28,4,0,0
BRDA:28,4,1,0
BRDA:31,5,0,0
BRDA:31,5,1,0
BRDA:33,6,0,0
BRDA:33,6,1,0
BRDA:33,7,0,0
BRDA:33,7,1,0
BRDA:43,8,0,0
BRDA:43,8,1,0
BRDA:43,9,0,0
BRDA:43,9,1,0
BRDA:43,9,2,0
BRDA:54,10,0,0
BRDA:54,10,1,0
BRDA:54,11,0,0
BRDA:54,11,1,0
BRDA:56,12,0,0
BRDA:56,12,1,0
BRDA:56,13,0,0
BRDA:56,13,1,0
BRDA:58,14,0,0
BRDA:58,14,1,0
BRDA:63,15,0,0
BRDA:63,15,1,0
BRDA:67,16,0,0
BRDA:67,16,1,0
BRDA:67,17,0,0
BRDA:67,17,1,0
BRDA:76,18,0,0
BRDA:76,18,1,0
BRDA:83,19,0,0
BRDA:83,19,1,0
BRDA:92,20,0,0
BRDA:92,20,1,0
BRDA:99,21,0,0
BRDA:99,22,0,0
BRDA:102,23,0,0
BRDA:102,23,1,0
BRDA:102,24,0,0
BRDA:102,24,1,0
BRDA:104,25,0,0
BRDA:104,25,1,0
BRDA:105,26,0,0
BRDA:105,26,1,0
BRDA:105,27,0,0
BRDA:105,27,1,0
BRDA:114,28,0,0
BRDA:114,28,1,0
BRDA:116,29,0,0
BRDA:116,29,1,0
BRDA:119,30,0,0
BRDA:119,30,1,0
BRDA:122,31,0,0
BRDA:122,31,1,0
BRDA:146,32,0,0
BRDA:146,32,1,0
BRDA:146,33,0,0
BRDA:146,33,1,0
BRDA:148,34,0,0
BRDA:148,34,1,0
BRDA:150,35,0,0
BRDA:150,35,1,0
BRDA:152,36,0,0
BRDA:152,36,1,0
BRDA:152,37,0,0
BRDA:152,37,1,0
BRDA:152,37,2,0
BRDA:157,38,0,0
BRDA:157,38,1,0
BRDA:158,39,0,0
BRDA:158,39,1,0
BRDA:158,40,0,0
BRDA:158,40,1,0
BRDA:160,41,0,0
BRDA:160,41,1,0
BRDA:162,42,0,0
BRDA:162,42,1,0
BRDA:163,43,0,0
BRDA:163,43,1,0
BRDA:184,44,0,0
BRDA:184,44,1,0
BRDA:184,45,0,0
BRDA:184,45,1,0
BRDA:185,46,0,0
BRDA:185,46,1,0
BRDA:185,47,0,0
BRDA:185,47,1,0
BRDA:185,47,2,0
BRDA:185,47,3,0
BRDA:185,47,4,0
BRDA:185,47,5,0
BRDA:185,47,6,0
BRDA:194,48,0,0
BRDA:194,48,1,0
BRDA:194,49,0,0
BRDA:194,49,1,0
BRDA:196,50,0,0
BRDA:196,50,1,0
BRDA:227,51,0,0
BRDA:227,51,1,0
BRDA:227,52,0,0
BRDA:227,52,1,0
BRDA:295,53,0,0
BRDA:295,53,1,0
BRDA:301,54,0,0
BRDA:301,54,1,0
BRDA:303,55,0,0
BRDA:303,55,1,0
BRDA:310,56,0,0
BRDA:310,56,1,0
BRDA:310,57,0,0
BRDA:310,57,1,0
BRDA:310,57,2,0
BRDA:310,57,3,0
BRDA:313,58,0,0
BRDA:313,58,1,0
BRDA:320,59,0,0
BRDA:320,59,1,0
BRDA:335,60,0,0
BRDA:335,60,1,0
BRDA:355,61,0,0
BRDA:355,61,1,0
BRDA:355,62,0,0
BRDA:355,62,1,0
BRDA:355,63,0,0
BRDA:355,63,1,0
BRDA:356,64,0,0
BRDA:356,64,1,0
BRDA:356,65,0,0
BRDA:356,65,1,0
BRDA:356,66,0,0
BRDA:356,66,1,0
BRDA:357,67,0,0
BRDA:357,67,1,0
BRDA:363,68,0,0
BRDA:363,68,1,0
BRDA:363,69,0,0
BRDA:363,69,1,0
BRDA:374,70,0,0
BRDA:392,71,0,0
BRDA:392,71,1,0
BRDA:396,72,0,0
BRDA:396,72,1,0
BRDA:396,73,0,0
BRDA:396,73,1,0
BRDA:407,74,0,0
BRDA:407,74,1,0
BRDA:408,75,0,0
BRDA:408,75,1,0
BRDA:408,76,0,0
BRDA:408,76,1,0
BRDA:408,77,0,0
BRDA:408,77,1,0
BRDA:411,78,0,0
BRDA:411,78,1,0
BRDA:415,79,0,0
BRDA:415,79,1,0
BRDA:418,80,0,0
BRDA:418,80,1,0
BRDA:419,81,0,0
BRDA:419,81,1,0
BRDA:422,82,0,0
BRDA:422,82,1,0
BRDA:428,83,0,0
BRDA:428,83,1,0
BRDA:430,84,0,0
BRDA:430,84,1,0
BRDA:456,85,0,0
BRDA:456,85,1,0
BRDA:459,86,0,0
BRDA:459,86,1,0
BRDA:460,87,0,0
BRDA:460,87,1,0
BRDA:462,88,0,0
BRDA:462,88,1,0
BRDA:463,89,0,0
BRDA:463,89,1,0
[...]
DA:158,0
DA:160,0
DA:161,0
DA:162,0
DA:167,0
DA:168,0
DA:169,0
DA:172,0
DA:180,0
DA:181,0
DA:182,0
DA:183,0
DA:195,0
DA:196,0
DA:204,0
DA:206,0
DA:207,0
DA:208,0
DA:209,0
DA:213,0
DA:216,0
DA:218,0
DA:220,0
DA:227,0
DA:230,0
DA:231,0
DA:232,0
DA:233,0
DA:237,0
DA:244,0
DA:245,0
DA:246,0
DA:249,0
DA:251,0
DA:252,0
DA:254,0
DA:255,0
DA:298,0
DA:299,0
DA:300,0
DA:304,0
DA:307,0
DA:309,0
DA:317,0
DA:318,0
DA:319,0
DA:320,0
DA:321,0
DA:322,0
DA:325,0
DA:326,0
DA:327,0
DA:328,0
DA:329,0
DA:330,0
DA:331,0
DA:333,0
DA:334,0
DA:339,0
DA:340,0
DA:341,0
DA:347,0
DA:348,0
DA:349,0
DA:350,0
DA:351,0
DA:352,0
DA:354,0
DA:360,0
DA:361,0
DA:362,0
DA:363,0
DA:364,0
DA:365,0
DA:367,0
DA:373,0
DA:374,0
DA:375,0
DA:376,0
DA:377,0
DA:378,0
DA:379,0
DA:380,0
DA:381,0
DA:382,0
DA:383,0
DA:384,0
DA:386,0
DA:392,0
DA:393,0
DA:394,0
DA:395,0
DA:396,0
DA:397,0
DA:398,0
DA:399,0
DA:401,0
DA:408,0
DA:409,0
DA:410,0
DA:419,0
DA:420,0
DA:422,0
DA:423,0
DA:427,0
DA:434,0
DA:435,0
DA:438,0
DA:439,0
DA:440,0
DA:448,0
DA:464,0
DA:467,0
DA:468,0
DA:469,0
DA:470,0
DA:473,0
DA:480,0
DA:481,0
DA:482,0
DA:484,0
DA:485,0
DA:486,0
DA:488,0
DA:489,0
DA:491,0
DA:493,0
DA:496,0
DA:498,0
DA:501,0
DA:504,0
DA:505,0
DA:507,0
DA:508,0
DA:511,0
DA:512,0
DA:515,0
DA:516,0
DA:517,0
DA:519,0
DA:527,0
DA:528,0
DA:529,0
DA:532,0
DA:534,0
DA:535,0
DA:537,0
DA:538,0
DA:546,0
DA:547,0
DA:548,0
DA:551,0
DA:553,0
DA:554,0
DA:555,0
DA:557,0
DA:558,0
DA:566,0
DA:567,0
DA:569,0
DA:570,0
DA:571,0
DA:572,0
DA:574,0
DA:582,0
DA:583,0
DA:584,0
DA:597,0
DA:598,0
DA:607,0
DA:621,0
DA:622,0
DA:624,0
DA:626,0
DA:627,0
DA:628,0
DA:630,0
DA:631,0
DA:632,0
DA:635,0
DA:636,0
DA:638,0
DA:639,0
DA:640,0
DA:643,0
DA:644,0
DA:647,0
DA:648,0
DA:656,0
DA:657,0
DA:670,0
DA:671,0
DA:681,0
DA:688,0
DA:689,0
DA:691,0
DA:693,0
DA:694,0
DA:697,0
DA:699,0
DA:700,0
DA:703,0
DA:704,0
DA:705,0
DA:706,0
DA:715,0
DA:716,0
DA:717,0
DA:730,0
DA:731,0
DA:741,0
DA:749,0
DA:750,0
DA:752,0
DA:753,0
DA:755,0
DA:756,0
DA:757,0
DA:760,0
DA:761,0
DA:763,0
DA:764,0
DA:767,0
DA:768,0
DA:769,0
DA:770,0
DA:780,0
DA:782,0
DA:783,0
DA:784,0
DA:786,0
DA:787,0
DA:788,0
DA:789,0
DA:791,0
DA:792,0
DA:794,0
DA:795,0
DA:797,0
DA:801,0
DA:808,0
DA:809,0
DA:810,0
DA:811,0
DA:812,0
DA:813,0
DA:814,0
DA:815,0
DA:816,0
DA:817,0
DA:819,0
DA:827,0
DA:828,0
DA:829,0
DA:836,0
DA:837,0
DA:838,0
DA:841,0
DA:842,0
DA:845,0
DA:846,0
LF:299
LH:0
BRDA:135,0,0,0
BRDA:135,0,1,0
BRDA:142,1,0,0
BRDA:142,1,1,0
BRDA:167,2,0,0
BRDA:167,2,1,0
BRDA:168,3,0,0
BRDA:168,3,1,0
BRDA:191,4,0,0
BRDA:191,4,1,0
BRDA:192,5,0,0
BRDA:192,5,1,0
BRDA:206,6,0,0
BRDA:206,6,1,0
BRDA:232,7,0,0
BRDA:232,7,1,0
BRDA:233,8,0,0
BRDA:233,8,1,0
BRDA:249,9,0,0
BRDA:249,9,1,0
BRDA:264,10,0,0
BRDA:264,10,1,0
BRDA:299,11,0,0
BRDA:299,11,1,0
BRDA:325,12,0,0
BRDA:325,12,1,0
BRDA:328,13,0,0
BRDA:328,13,1,0
BRDA:328,14,0,0
BRDA:328,14,1,0
BRDA:340,15,0,0
BRDA:340,15,1,0
BRDA:347,16,0,0
BRDA:347,16,1,0
BRDA:360,17,0,0
BRDA:360,17,1,0
BRDA:373,18,0,0
BRDA:373,18,1,0
BRDA:392,19,0,0
BRDA:392,19,1,0
BRDA:395,20,0,0
BRDA:395,20,1,0
BRDA:408,21,0,0
BRDA:408,21,1,0
BRDA:433,22,0,0
BRDA:433,23,0,0
BRDA:433,24,0,0
BRDA:434,25,0,0
BRDA:434,25,1,0
BRDA:469,26,0,0
BRDA:469,26,1,0
BRDA:470,27,0,0
BRDA:470,27,1,0
BRDA:488,28,0,0
BRDA:488,28,1,0
BRDA:489,29,0,0
BRDA:489,29,1,0
BRDA:496,30,0,0
BRDA:496,30,1,0
BRDA:496,31,0,0
BRDA:496,31,1,0
BRDA:508,32,0,0
BRDA:508,32,1,0
BRDA:512,33,0,0
BRDA:512,33,1,0
BRDA:516,34,0,0
BRDA:516,34,1,0
BRDA:532,35,0,0
BRDA:532,35,1,0
BRDA:551,36,0,0
BRDA:551,36,1,0
BRDA:567,37,0,0
BRDA:567,37,1,0
BRDA:581,38,0,0
BRDA:626,39,0,0
BRDA:626,39,1,0
BRDA:639,40,0,0
BRDA:639,40,1,0
BRDA:640,41,0,0
BRDA:640,41,1,0
BRDA:644,42,0,0
BRDA:644,42,1,0
BRDA:700,43,0,0
BRDA:700,43,1,0
BRDA:704,44,0,0
BRDA:704,44,1,0
BRDA:704,45,0,0
BRDA:704,45,1,0
BRDA:764,46,0,0
BRDA:764,46,1,0
BRDA:768,47,0,0
BRDA:768,47,1,0
BRDA:789,48,0,0
BRDA:789,48,1,0
BRDA:835,49,0,0
BRDA:836,50,0,0
BRDA:836,50,1,0
BRDA:841,51,0,0
BRDA:841,51,1,0
BRDA:845,52,0,0
BRDA:845,52,1,0
BRF:101
BRH:0
end_of_record
TN:
SF:src/modules/ui/EnvironmentSelector.js
FN:6,(anonymous_0)
FN:19,(anonymous_1)
FN:33,(anonymous_2)
FN:57,(anonymous_3)
FN:60,(anonymous_4)
FN:66,(anonymous_5)
FN:73,(anonymous_6)
FN:83,(anonymous_7)
FN:94,(anonymous_8)
FN:102,(anonymous_9)
FN:110,(anonymous_10)
FN:137,(anonymous_11)
FN:161,(anonymous_12)
FN:171,(anonymous_13)
FN:184,(anonymous_14)
FN:197,(anonymous_15)
FN:208,(anonymous_16)
FN:227,(anonymous_17)
FNF:18
FNH:0
FNDA:0,(anonymous_0)
FNDA:0,(anonymous_1)
FNDA:0,(anonymous_2)
FNDA:0,(anonymous_3)
FNDA:0,(anonymous_4)
FNDA:0,(anonymous_5)
FNDA:0,(anonymous_6)
FNDA:0,(anonymous_7)
FNDA:0,(anonymous_8)
FNDA:0,(anonymous_9)
FNDA:0,(anonymous_10)
FNDA:0,(anonymous_11)
FNDA:0,(anonymous_12)
FNDA:0,(anonymous_13)
FNDA:0,(anonymous_14)
FNDA:0,(anonymous_15)
FNDA:0,(anonymous_16)
FNDA:0,(anonymous_17)
DA:7,0
DA:8,0
DA:9,0
DA:10,0
DA:11,0
DA:12,0
DA:13,0
DA:20,0
DA:21,0
DA:22,0
DA:23,0
DA:26,0
DA:27,0
DA:34,0
DA:51,0
DA:58,0
DA:60,0
DA:61,0
DA:62,0
DA:66,0
DA:67,0
DA:68,0
DA:73,0
DA:74,0
DA:75,0
DA:84,0
DA:85,0
DA:87,0
DA:95,0
DA:96,0
DA:97,0
DA:99,0
DA:102,0
DA:103,0
DA:104,0
DA:105,0
DA:110,0
DA:111,0
DA:112,0
DA:113,0
DA:115,0
DA:118,0
DA:122,0
DA:123,0
DA:124,0
DA:127,0
DA:128,0
DA:129,0
DA:137,0
DA:138,0
DA:139,0
DA:140,0
DA:141,0
DA:145,0
DA:148,0
DA:149,0
DA:152,0
DA:154,0
DA:162,0
DA:163,0
DA:165,0
DA:172,0
DA:173,0
DA:175,0
DA:176,0
DA:177,0
DA:178,0
DA:185,0
DA:186,0
DA:187,0
DA:190,0
DA:198,0
DA:199,0
DA:200,0
DA:201,0
DA:209,0
DA:210,0
DA:214,0
DA:215,0
DA:216,0
DA:217,0
DA:220,0
DA:228,0
DA:229,0
DA:230,0
LF:85
LH:0
BRDA:21,0,0,0
BRDA:21,0,1,0
BRDA:67,1,0,0
BRDA:67,1,1,0
BRDA:67,2,0,0
BRDA:67,2,1,0
BRDA:74,3,0,0
BRDA:74,3,1,0
BRDA:74,4,0,0
BRDA:74,4,1,0
BRDA:84,5,0,0
BRDA:84,5,1,0
BRDA:104,6,0,0
BRDA:104,6,1,0
BRDA:107,7,0,0
BRDA:107,7,1,0
BRDA:112,8,0,0
BRDA:112,8,1,0
BRDA:140,9,0,0
BRDA:140,9,1,0
BRDA:162,10,0,0
BRDA:162,10,1,0
BRDA:173,11,0,0
BRDA:173,11,1,0
BRDA:186,12,0,0
BRDA:186,12,1,0
BRDA:200,13,0,0
BRDA:200,13,1,0
BRDA:200,14,0,0
BRDA:200,14,1,0
BRDA:209,15,0,0
BRDA:209,15,1,0
BRDA:216,16,0,0
BRDA:216,16,1,0
BRF:34
BRH:0
end_of_record
TN:
SF:src/modules/ui/HistoryRenderer.js
FN:5,(anonymous_0)
FN:14,(anonymous_1)
FN:19,(anonymous_2)
FN:21,(anonymous_3)
FN:27,(anonymous_4)
FN:33,(anonymous_5)
FN:38,(anonymous_6)
FN:68,(anonymous_7)
FN:73,(anonymous_8)
FN:89,(anonymous_9)
FN:93,(anonymous_10)
FN:96,(anonymous_11)
FN:104,(anonymous_12)
FN:113,(anonymous_13)
FN:141,(anonymous_14)
FN:146,(anonymous_15)
FNF:16
FNH:0
FNDA:0,(anonymous_0)
FNDA:0,(anonymous_1)
FNDA:0,(anonymous_2)
FNDA:0,(anonymous_3)
FNDA:0,(anonymous_4)
FNDA:0,(anonymous_5)
FNDA:0,(anonymous_6)
FNDA:0,(anonymous_7)
FNDA:0,(anonymous_8)
FNDA:0,(anonymous_9)
FNDA:0,(anonymous_10)
FNDA:0,(anonymous_11)
FNDA:0,(anonymous_12)
FNDA:0,(anonymous_13)
FNDA:0,(anonymous_14)
FNDA:0,(anonymous_15)
DA:6,0
DA:7,0
DA:8,0
DA:9,0
DA:10,0
DA:11,0
DA:15,0
DA:16,0
DA:20,0
DA:21,0
DA:22,0
DA:26,0
DA:27,0
DA:28,0
DA:34,0
DA:35,0
DA:39,0
DA:43,0
DA:47,0
DA:51,0
DA:55,0
DA:62,0
DA:63,0
DA:64,0
DA:69,0
DA:70,0
DA:74,0
DA:76,0
DA:77,0
DA:86,0
DA:89,0
DA:90,0
DA:93,0
DA:94,0
DA:95,0
DA:96,0
DA:97,0
DA:98,0
DA:102,0
DA:103,0
DA:104,0
DA:105,0
DA:106,0
DA:114,0
DA:115,0
DA:116,0
DA:117,0
DA:119,0
DA:123,0
DA:142,0
DA:143,0
DA:147,0
LF:52
LH:0
BRDA:20,0,0,0
BRDA:20,0,1,0
BRDA:26,1,0,0
BRDA:26,1,1,0
BRDA:39,2,0,0
BRDA:39,2,1,0
BRDA:40,3,0,0
BRDA:40,3,1,0
BRDA:43,4,0,0
BRDA:43,4,1,0
BRDA:44,5,0,0
BRDA:44,5,1,0
BRDA:47,6,0,0
BRDA:47,6,1,0
BRDA:48,7,0,0
BRDA:48,7,1,0
BRDA:51,8,0,0
BRDA:51,8,1,0
BRDA:52,9,0,0
BRDA:52,9,1,0
BRDA:62,10,0,0
BRDA:62,10,1,0
BRDA:74,11,0,0
BRDA:74,11,1,0
BRDA:76,12,0,0
BRDA:76,12,1,0
BRDA:95,13,0,0
BRDA:95,13,1,0
BRDA:97,14,0,0
BRDA:97,14,1,0
BRDA:103,15,0,0
BRDA:103,15,1,0
BRDA:119,16,0,0
BRDA:119,16,1,0
BRF:34
BRH:0
end_of_record
TN:
SF:src/modules/ui/RenameDialog.js
FN:2,(anonymous_0)
FN:8,(anonymous_1)
FN:9,(anonymous_2)
FN:11,(anonymous_3)
FN:17,(anonymous_4)
FN:72,(anonymous_5)
FN:77,(anonymous_6)
FN:79,(anonymous_7)
FN:81,(anonymous_8)
FN:89,(anonymous_9)
FN:96,(anonymous_10)
FN:102,(anonymous_11)
FN:114,(anonymous_12)
FN:121,(anonymous_13)
FN:130,(anonymous_14)
FNF:15
FNH:0
FNDA:0,(anonymous_0)
FNDA:0,(anonymous_1)
FNDA:0,(anonymous_2)
FNDA:0,(anonymous_3)
FNDA:0,(anonymous_4)
FNDA:0,(anonymous_5)
FNDA:0,(anonymous_6)
FNDA:0,(anonymous_7)
FNDA:0,(anonymous_8)
FNDA:0,(anonymous_9)
FNDA:0,(anonymous_10)
FNDA:0,(anonymous_11)
FNDA:0,(anonymous_12)
FNDA:0,(anonymous_13)
FNDA:0,(anonymous_14)
DA:3,0
DA:4,0
DA:5,0
DA:9,0
DA:10,0
DA:11,0
DA:13,0
DA:18,0
DA:19,0
DA:20,0
DA:33,0
DA:34,0
DA:35,0
DA:44,0
DA:45,0
DA:46,0
DA:48,0
DA:61,0
DA:62,0
DA:65,0
DA:66,0
DA:68,0
DA:69,0
DA:73,0
DA:74,0
DA:75,0
DA:77,0
DA:79,0
DA:81,0
DA:82,0
DA:83,0
DA:84,0
DA:85,0
DA:89,0
DA:90,0
DA:91,0
DA:97,0
DA:98,0
DA:99,0
DA:103,0
DA:104,0
DA:105,0
DA:106,0
DA:109,0
DA:111,0
DA:115,0
DA:116,0
DA:118,0
DA:122,0
DA:123,0
DA:124,0
DA:126,0
DA:127,0
DA:131,0
DA:132,0
DA:133,0
LF:56
LH:0
BRDA:8,0,0,0
BRDA:44,1,0,0
BRDA:44,1,1,0
BRDA:45,2,0,0
BRDA:45,2,1,0
BRDA:46,3,0,0
BRDA:46,3,1,0
BRDA:66,4,0,0
BRDA:66,4,1,0
BRDA:82,5,0,0
BRDA:82,5,1,0
BRDA:84,6,0,0
BRDA:84,6,1,0
BRDA:90,7,0,0
BRDA:90,7,1,0
BRDA:104,8,0,0
BRDA:104,8,1,0
BRDA:105,9,0,0
BRDA:105,9,1,0
BRDA:115,10,0,0
BRDA:115,10,1,0
BRDA:122,11,0,0
BRDA:122,11,1,0
BRF:23
BRH:0
end_of_record
TN:
SF:src/modules/ui/VariableManager.js
FN:2,(anonymous_0)
FN:8,(anonymous_1)
FN:9,(anonymous_2)
FN:11,(anonymous_3)
FN:17,(anonymous_4)
FN:83,(anonymous_5)
FN:89,(anonymous_6)
FN:96,(anonymous_7)
FN:114,(anonymous_8)
FN:125,(anonymous_9)
FN:142,(anonymous_10)
FN:150,(anonymous_11)
FN:154,(anonymous_12)
FN:155,(anonymous_13)
FN:157,(anonymous_14)
FN:158,(anonymous_15)
FN:160,(anonymous_16)
FN:169,(anonymous_17)
FN:175,(anonymous_18)
FN:181,(anonymous_19)
FN:218,(anonymous_20)
FN:225,(anonymous_21)
FN:235,(anonymous_22)
FN:264,(anonymous_23)
FN:268,(anonymous_24)
FN:285,(anonymous_25)
FN:291,(anonymous_26)
FN:296,(anonymous_27)
FN:317,(anonymous_28)
FNF:29
FNH:0
FNDA:0,(anonymous_0)
FNDA:0,(anonymous_1)
FNDA:0,(anonymous_2)
FNDA:0,(anonymous_3)
FNDA:0,(anonymous_4)
FNDA:0,(anonymous_5)
FNDA:0,(anonymous_6)
FNDA:0,(anonymous_7)
FNDA:0,(anonymous_8)
FNDA:0,(anonymous_9)
FNDA:0,(anonymous_10)
FNDA:0,(anonymous_11)
FNDA:0,(anonymous_12)
FNDA:0,(anonymous_13)
FNDA:0,(anonymous_14)
FNDA:0,(anonymous_15)
FNDA:0,(anonymous_16)
FNDA:0,(anonymous_17)
FNDA:0,(anonymous_18)
FNDA:0,(anonymous_19)
FNDA:0,(anonymous_20)
FNDA:0,(anonymous_21)
FNDA:0,(anonymous_22)
FNDA:0,(anonymous_23)
FNDA:0,(anonymous_24)
FNDA:0,(anonymous_25)
FNDA:0,(anonymous_26)
FNDA:0,(anonymous_27)
FNDA:0,(anonymous_28)
DA:3,0
DA:4,0
DA:5,0
DA:9,0
DA:10,0
DA:11,0
DA:13,0
DA:18,0
DA:19,0
DA:20,0
DA:33,0
DA:34,0
DA:35,0
DA:47,0
DA:49,0
DA:76,0
DA:77,0
DA:79,0
DA:80,0
DA:84,0
DA:86,0
DA:87,0
DA:89,0
DA:90,0
DA:92,0
DA:97,0
DA:98,0
DA:99,0
DA:106,0
DA:114,0
DA:115,0
DA:118,0
DA:119,0
DA:122,0
DA:123,0
DA:125,0
DA:126,0
DA:127,0
DA:128,0
DA:129,0
DA:131,0
DA:132,0
DA:136,0
DA:137,0
DA:139,0
DA:143,0
DA:144,0
DA:145,0
DA:146,0
DA:147,0
DA:148,0
DA:150,0
DA:151,0
DA:154,0
DA:155,0
DA:157,0
DA:158,0
DA:160,0
DA:161,0
DA:162,0
DA:166,0
DA:170,0
DA:171,0
DA:176,0
DA:177,0
DA:178,0
DA:179,0
DA:181,0
DA:182,0
DA:183,0
DA:184,0
DA:185,0
DA:187,0
DA:188,0
DA:189,0
DA:190,0
DA:193,0
DA:194,0
DA:195,0
DA:198,0
DA:199,0
DA:200,0
DA:203,0
DA:207,0
DA:208,0
DA:209,0
DA:212,0
DA:213,0
DA:215,0
DA:219,0
DA:220,0
DA:222,0
DA:226,0
DA:227,0
DA:228,0
DA:229,0
DA:231,0
DA:232,0
DA:236,0
DA:237,0
DA:250,0
DA:262,0
DA:264,0
DA:265,0
DA:268,0
DA:269,0
DA:270,0
DA:271,0
DA:273,0
DA:274,0
DA:277,0
DA:278,0
DA:280,0
DA:286,0
DA:287,0
DA:288,0
DA:292,0
DA:293,0
DA:294,0
DA:296,0
DA:297,0
DA:298,0
DA:299,0
DA:300,0
DA:304,0
DA:306,0
DA:307,0
DA:308,0
DA:309,0
DA:310,0
DA:311,0
DA:312,0
DA:313,0
DA:314,0
DA:318,0
DA:319,0
DA:320,0
LF:137
LH:0
BRDA:8,0,0,0
BRDA:8,1,0,0
BRDA:47,2,0,0
BRDA:47,2,1,0
BRDA:86,3,0,0
BRDA:86,3,1,0
BRDA:96,4,0,0
BRDA:96,5,0,0
BRDA:122,6,0,0
BRDA:122,6,1,0
BRDA:123,7,0,0
BRDA:123,7,1,0
BRDA:131,8,0,0
BRDA:131,8,1,0
BRDA:131,9,0,0
BRDA:131,9,1,0
BRDA:131,9,2,0
BRDA:161,10,0,0
BRDA:161,10,1,0
BRDA:170,11,0,0
BRDA:170,11,1,0
BRDA:170,12,0,0
BRDA:170,12,1,0
BRDA:187,13,0,0
BRDA:187,13,1,0
BRDA:187,14,0,0
BRDA:187,14,1,0
BRDA:188,15,0,0
BRDA:188,15,1,0
BRDA:193,16,0,0
BRDA:193,16,1,0
BRDA:198,17,0,0
BRDA:198,17,1,0
BRDA:207,18,0,0
BRDA:207,18,1,0
BRDA:212,19,0,0
BRDA:212,19,1,0
BRDA:219,20,0,0
BRDA:219,20,1,0
BRDA:226,21,0,0
BRDA:226,21,1,0
BRDA:273,22,0,0
BRDA:273,22,1,0
BRDA:273,23,0,0
BRDA:273,23,1,0
BRDA:299,24,0,0
BRDA:299,24,1,0
BRF:47
BRH:0
end_of_record
TN:
SF:src/modules/ui/WorkspaceTabBar.js
FN:8,(anonymous_0)
FN:23,(anonymous_1)
FN:49,(anonymous_2)
FN:79,(anonymous_3)
FN:83,(anonymous_4)
FN:92,(anonymous_5)
FN:125,(anonymous_6)
FN:135,(anonymous_7)
FN:142,(anonymous_8)
FN:152,(anonymous_9)
FN:158,(anonymous_10)
FN:170,(anonymous_11)
FN:181,(anonymous_12)
FN:188,(anonymous_13)
FN:198,(anonymous_14)
FN:208,(anonymous_15)
FN:242,(anonymous_16)
FN:254,(anonymous_17)
FN:267,(anonymous_18)
FN:280,(anonymous_19)
FN:292,(anonymous_20)
FN:310,(anonymous_21)
FN:328,(anonymous_22)
FN:341,(anonymous_23)
FN:347,(anonymous_24)
FN:354,(anonymous_25)
FN:369,(anonymous_26)
FN:381,(anonymous_27)
FN:399,(anonymous_28)
FN:418,(anonymous_29)
FN:431,(anonymous_30)
FN:444,(anonymous_31)
FN:456,(anonymous_32)
FN:464,(anonymous_33)
FN:473,(anonymous_34)
FN:484,(anonymous_35)
FN:490,(anonymous_36)
FN:498,(anonymous_37)
FN:504,(anonymous_38)
FN:546,(anonymous_39)
FN:553,(anonymous_40)
FN:564,(anonymous_41)
FNF:42
FNH:0
FNDA:0,(anonymous_0)
FNDA:0,(anonymous_1)
FNDA:0,(anonymous_2)
FNDA:0,(anonymous_3)
FNDA:0,(anonymous_4)
FNDA:0,(anonymous_5)
FNDA:0,(anonymous_6)
FNDA:0,(anonymous_7)
FNDA:0,(anonymous_8)
FNDA:0,(anonymous_9)
FNDA:0,(anonymous_10)
FNDA:0,(anonymous_11)
FNDA:0,(anonymous_12)
FNDA:0,(anonymous_13)
FNDA:0,(anonymous_14)
FNDA:0,(anonymous_15)
FNDA:0,(anonymous_16)
FNDA:0,(anonymous_17)
FNDA:0,(anonymous_18)
FNDA:0,(anonymous_19)
FNDA:0,(anonymous_20)
FNDA:0,(anonymous_21)
FNDA:0,(anonymous_22)
FNDA:0,(anonymous_23)
FNDA:0,(anonymous_24)
FNDA:0,(anonymous_25)
FNDA:0,(anonymous_26)
FNDA:0,(anonymous_27)
FNDA:0,(anonymous_28)
FNDA:0,(anonymous_29)
FNDA:0,(anonymous_30)
FNDA:0,(anonymous_31)
FNDA:0,(anonymous_32)
FNDA:0,(anonymous_33)
FNDA:0,(anonymous_34)
FNDA:0,(anonymous_35)
FNDA:0,(anonymous_36)
FNDA:0,(anonymous_37)
FNDA:0,(anonymous_38)
FNDA:0,(anonymous_39)
FNDA:0,(anonymous_40)
FNDA:0,(anonymous_41)
DA:9,0
DA:10,0
DA:11,0
DA:12,0
DA:13,0
DA:14,0
DA:15,0
DA:24,0
DA:25,0
DA:26,0
DA:27,0
DA:31,0
DA:32,0
DA:34,0
DA:37,0
DA:40,0
DA:41,0
DA:42,0
DA:45,0
DA:46,0
DA:49,0
DA:50,0
DA:51,0
DA:55,0
DA:56,0
DA:58,0
DA:61,0
DA:64,0
DA:66,0
DA:67,0
DA:68,0
DA:69,0
DA:72,0
DA:73,0
DA:76,0
DA:79,0
DA:82,0
DA:83,0
DA:84,0
DA:93,0
DA:94,0
DA:95,0
DA:98,0
DA:99,0
DA:100,0
DA:101,0
DA:104,0
DA:105,0
DA:106,0
DA:107,0
DA:108,0
DA:111,0
DA:114,0
DA:115,0
DA:116,0
DA:117,0
DA:118,0
DA:125,0
DA:126,0
DA:127,0
DA:128,0
DA:132,0
DA:135,0
DA:136,0
DA:137,0
DA:142,0
DA:143,0
DA:144,0
DA:145,0
DA:146,0
DA:152,0
DA:153,0
DA:154,0
DA:158,0
DA:159,0
DA:160,0
DA:163,0
DA:171,0
DA:172,0
DA:173,0
DA:175,0
DA:176,0
DA:181,0
DA:183,0
DA:188,0
DA:191,0
DA:199,0
DA:200,0
DA:209,0
DA:211,0
DA:212,0
DA:215,0
DA:216,0
DA:217,0
DA:219,0
DA:220,0
DA:224,0
DA:225,0
DA:227,0
DA:231,0
DA:232,0
DA:234,0
DA:243,0
DA:244,0
DA:245,0
DA:246,0
DA:247,0
DA:254,0
DA:255,0
DA:256,0
DA:260,0
DA:268,0
DA:269,0
DA:270,0
DA:271,0
DA:272,0
DA:280,0
DA:281,0
DA:282,0
DA:285,0
DA:294,0
DA:295,0
DA:296,0
DA:297,0
DA:301,0
DA:302,0
DA:305,0
DA:306,0
DA:307,0
DA:310,0
DA:311,0
DA:312,0
DA:315,0
DA:316,0
DA:317,0
DA:318,0
DA:322,0
DA:323,0
DA:324,0
DA:325,0
DA:328,0
DA:329,0
DA:330,0
DA:332,0
DA:335,0
DA:338,0
DA:341,0
DA:342,0
DA:343,0
DA:344,0
DA:347,0
DA:356,0
DA:357,0
DA:358,0
DA:361,0
DA:362,0
DA:364,0
DA:365,0
DA:366,0
DA:367,0
DA:369,0
DA:370,0
DA:371,0
DA:372,0
DA:373,0
DA:375,0
DA:376,0
DA:380,0
DA:381,0
DA:382,0
DA:383,0
DA:384,0
DA:385,0
DA:386,0
DA:390,0
DA:391,0
DA:392,0
DA:401,0
DA:402,0
DA:403,0
DA:406,0
DA:407,0
DA:408,0
DA:409,0
DA:411,0
DA:419,0
DA:420,0
DA:421,0
DA:432,0
DA:433,0
DA:445,0
DA:446,0
DA:457,0
DA:458,0
DA:464,0
DA:465,0
DA:466,0
DA:467,0
DA:468,0
DA:470,0
DA:471,0
DA:472,0
DA:473,0
DA:474,0
DA:475,0
DA:477,0
DA:481,0
DA:484,0
DA:485,0
DA:486,0
DA:487,0
DA:490,0
DA:499,0
DA:500,0
DA:503,0
DA:504,0
DA:505,0
DA:506,0
DA:507,0
DA:509,0
DA:510,0
DA:515,0
DA:516,0
DA:517,0
DA:518,0
DA:519,0
DA:523,0
DA:524,0
DA:525,0
DA:526,0
DA:527,0
DA:528,0
DA:529,0
DA:530,0
DA:533,0
DA:534,0
DA:535,0
DA:536,0
DA:547,0
DA:550,0
DA:552,0
DA:553,0
DA:554,0
DA:555,0
DA:557,0
DA:559,0
DA:564,0
LF:247
LH:0
BRDA:25,0,0,0
BRDA:25,0,1,0
BRDA:82,1,0,0
BRDA:82,1,1,0
BRDA:94,2,0,0
BRDA:94,2,1,0
BRDA:94,3,0,0
BRDA:94,3,1,0
BRDA:104,4,0,0
BRDA:104,4,1,0
BRDA:127,5,0,0
BRDA:127,5,1,0
BRDA:136,6,0,0
BRDA:136,6,1,0
BRDA:143,7,0,0
BRDA:143,7,1,0
BRDA:145,8,0,0
BRDA:145,8,1,0
BRDA:175,9,0,0
BRDA:175,9,1,0
BRDA:199,10,0,0
BRDA:199,10,1,0
BRDA:209,11,0,0
BRDA:209,11,1,0
BRDA:209,12,0,0
BRDA:209,12,1,0
BRDA:209,12,2,0
BRDA:215,13,0,0
BRDA:215,13,1,0
BRDA:224,14,0,0
BRDA:224,14,1,0
BRDA:231,15,0,0
BRDA:231,15,1,0
BRDA:255,16,0,0
BRDA:255,16,1,0
BRDA:295,17,0,0
BRDA:295,17,1,0
BRDA:312,18,0,0
BRDA:312,18,1,0
BRDA:315,19,0,0
BRDA:315,19,1,0
BRDA:329,20,0,0
BRDA:329,20,1,0
BRDA:342,21,0,0
BRDA:342,21,1,0
BRDA:342,22,0,0
BRDA:342,22,1,0
BRDA:357,23,0,0
BRDA:357,23,1,0
BRDA:370,24,0,0
BRDA:370,24,1,0
BRDA:375,25,0,0
BRDA:375,25,1,0
BRDA:375,26,0,0
BRDA:375,26,1,0
BRDA:382,27,0,0
BRDA:382,27,1,0
BRDA:384,28,0,0
BRDA:384,28,1,0
BRDA:402,29,0,0
BRDA:402,29,1,0
BRDA:420,30,0,0
BRDA:420,30,1,0
BRDA:432,31,0,0
BRDA:432,31,1,0
BRDA:445,32,0,0
BRDA:445,32,1,0
BRDA:457,33,0,0
BRDA:457,33,1,0
BRDA:465,34,0,0
BRDA:465,34,1,0
BRDA:485,35,0,0
BRDA:485,35,1,0
BRDA:500,36,0,0
BRDA:500,36,1,0
BRDA:503,37,0,0
BRDA:503,37,1,0
BRDA:505,38,0,0
BRDA:505,38,1,0
BRDA:506,39,0,0
BRDA:506,39,1,0
BRDA:509,40,0,0
BRDA:509,40,1,0
BRDA:515,41,0,0
BRDA:515,41,1,0
BRDA:517,42,0,0
BRDA:517,42,1,0
BRDA:523,43,0,0
BRDA:523,43,1,0
BRDA:524,44,0,0
BRDA:524,44,1,0
BRDA:526,45,0,0
BRDA:526,45,1,0
BRDA:535,46,0,0
BRDA:535,46,1,0
BRDA:547,47,0,0
BRDA:547,47,1,0
BRDA:554,48,0,0
BRDA:554,48,1,0
BRF:99
BRH:0
end_of_record
TN:
SF:src/modules/ui/index.js
FNF:0
FNH:0
LF:0
LH:0
BRF:0
BRH:0
end_of_record
TN:
SF:src/modules/variables/VariableProcessor.js
FN:2,(anonymous_0)
FN:6,(anonymous_1)
FN:11,(anonymous_2)
FN:20,(anonymous_3)
FN:30,(anonymous_4)
FN:45,(anonymous_5)
FN:62,(anonymous_6)
FN:65,(anonymous_7)
FN:68,(anonymous_8)
FN:72,(anonymous_9)
FN:83,(anonymous_10)
FN:91,(anonymous_11)
FN:93,(anonymous_12)
FN:99,(anonymous_13)
FNF:14
FNH:14
FNDA:23,(anonymous_0)
FNDA:26,(anonymous_1)
FNDA:20,(anonymous_2)
FNDA:15,(anonymous_3)
FNDA:3,(anonymous_4)
FNDA:18,(anonymous_5)
FNDA:4,(anonymous_6)
FNDA:14,(anonymous_7)
FNDA:5,(anonymous_8)
FNDA:4,(anonymous_9)
FNDA:11,(anonymous_10)
FNDA:3,(anonymous_11)
FNDA:4,(anonymous_12)
FNDA:4,(anonymous_13)
DA:3,23
DA:7,26
DA:8,2
DA:11,24
DA:12,20
DA:13,20
DA:14,16
DA:16,4
DA:21,15
DA:22,0
DA:25,15
DA:26,8
DA:29,7
DA:30,3
DA:33,6
DA:34,5
DA:35,5
DA:36,8
DA:37,8
DA:39,5
DA:42,1
DA:46,18
DA:47,3
DA:50,15
DA:53,15
DA:55,15
DA:56,17
DA:59,15
DA:63,4
DA:65,4
DA:66,14
DA:67,8
DA:68,8
DA:69,6
DA:70,1
DA:71,5
DA:72,3
DA:73,4
DA:74,4
DA:79,4
DA:80,4
DA:84,11
DA:85,3
DA:88,8
DA:92,3
DA:93,4
DA:94,3
DA:96,3
DA:99,4
LF:49
LH:48
BRDA:6,0,0,0
BRDA:7,1,0,2
BRDA:7,1,1,24
BRDA:7,2,0,26
BRDA:7,2,1,24
BRDA:13,3,0,16
BRDA:13,3,1,4
BRDA:13,4,0,20
BRDA:13,4,1,16
BRDA:20,5,0,0
BRDA:21,6,0,0
BRDA:21,6,1,15
BRDA:21,7,0,15
BRDA:21,7,1,15
BRDA:25,8,0,8
BRDA:25,8,1,7
BRDA:29,9,0,1
BRDA:29,9,1,6
BRDA:33,10,0,5
BRDA:33,10,1,1
BRDA:46,11,0,3
BRDA:46,11,1,15
BRDA:46,12,0,18
BRDA:46,12,1,15
BRDA:66,13,0,8
BRDA:66,13,1,6
BRDA:69,14,0,1
BRDA:69,14,1,5
BRDA:71,15,0,3
BRDA:71,15,1,2
BRDA:71,16,0,5
BRDA:71,16,1,3
BRDA:84,17,0,3
BRDA:84,17,1,8
BRDA:84,18,0,11
BRDA:84,18,1,8
BRDA:91,19,0,0
BRF:37
BRH:33
end_of_record
TN:
SF:src/modules/variables/index.js
FNF:0
FNH:0
LF:0
LH:0
BRF:0
BRH:0
end_of_record
